2024-12-22 13:44:22,936 [INFO] Activator:176 - 


2024-12-22 13:44:22,942 [INFO] Activator:177 - !SESSION log4j initialized
2024-12-22 13:44:28,632 [INFO] LogOutputStream:77 - [STDOUT_REDIRECT] 
2024-12-22 13:44:32,893 [INFO] ApplicationProperties:184 - Using Application install path: C:\ST\STM32CubeIDE_1.16.0\STM32CubeIDE\plugins\com.st.stm32cube.common.mx_6.12.0.202406281431
2024-12-22 13:44:32,910 [INFO] DbMcusXml:78 - Set database path to: C:\ST\STM32CubeIDE_1.16.0\STM32CubeIDE\plugins\com.st.stm32cube.common.mx_6.12.0.202406281431\\db\/mcu/
2024-12-22 13:44:32,910 [INFO] ApiDb:274 - Set plugin database path to: C:\ST\STM32CubeIDE_1.16.0\STM32CubeIDE\plugins\com.st.stm32cube.common.mx_6.12.0.202406281431\\db\/plugins/boardmanager/
2024-12-22 13:44:32,911 [WARN] ApiDb:259 - Overriding images path with different value:  => C:\ST\STM32CubeIDE_1.16.0\STM32CubeIDE\plugins\com.st.stm32cube.common.mx_6.12.0.202406281431\\db\/plugins/mcufinder/images/
2024-12-22 13:44:32,919 [INFO] ApiDb:250 - Set database path to: C:\Users\hyn02\.stmcufinder\plugins\mcufinder//mcu/
2024-12-22 13:44:32,920 [INFO] DbMcusAds:125 - Set database path to: C:\Users\hyn02\.stmcufinder\plugins\mcufinder//mcu/
2024-12-22 13:44:32,922 [INFO] CrossReferenceDbSqlite:203 - Set database path to: C:\Users\hyn02\.stmcufinder\plugins\mcufinder//mcu/cs/
2024-12-22 13:44:33,035 [INFO] RulesReader:64 - Compatibility file has been processed (297 Rules)
2024-12-22 13:44:33,110 [INFO] DbMcusXml:78 - Set database path to: C:\ST\STM32CubeIDE_1.16.0\STM32CubeIDE\plugins\com.st.stm32cube.common.mx_6.12.0.202406281431\\db\/mcu/
2024-12-22 13:44:33,110 [INFO] ApiDb:274 - Set plugin database path to: C:\ST\STM32CubeIDE_1.16.0\STM32CubeIDE\plugins\com.st.stm32cube.common.mx_6.12.0.202406281431\\db\/plugins/boardmanager/
2024-12-22 13:44:33,110 [INFO] ApiDb:261 - Set plugin images path to: C:\ST\STM32CubeIDE_1.16.0\STM32CubeIDE\plugins\com.st.stm32cube.common.mx_6.12.0.202406281431\\db\/plugins/mcufinder/images/
2024-12-22 13:44:33,110 [WARN] DbFile:41 - Overriding database path with different value: C:\Users\hyn02\.stmcufinder\plugins\mcufinder/ => C:\Users\hyn02\.stmcufinder\plugins\mcufinder
2024-12-22 13:44:33,110 [INFO] ApiDb:250 - Set database path to: C:\Users\hyn02\.stmcufinder\plugins\mcufinder//mcu/
2024-12-22 13:44:33,110 [WARN] DbFile:41 - Overriding database path with different value: C:\Users\hyn02\.stmcufinder\plugins\mcufinder/ => C:\Users\hyn02\.stmcufinder\plugins\mcufinder
2024-12-22 13:44:33,110 [INFO] DbMcusAds:125 - Set database path to: C:\Users\hyn02\.stmcufinder\plugins\mcufinder//mcu/
2024-12-22 13:44:33,110 [WARN] DbFile:41 - Overriding database path with different value: C:\Users\hyn02\.stmcufinder\plugins\mcufinder/ => C:\Users\hyn02\.stmcufinder\plugins\mcufinder
2024-12-22 13:44:33,110 [WARN] DbFile:41 - Overriding database path with different value: C:\Users\hyn02\.stmcufinder\plugins\mcufinder/ => C:\Users\hyn02\.stmcufinder\plugins\mcufinder
2024-12-22 13:44:33,111 [INFO] CrossReferenceDbSqlite:203 - Set database path to: C:\Users\hyn02\.stmcufinder\plugins\mcufinder//mcu/cs/
2024-12-22 13:44:33,188 [INFO] MainPanel:268 - HeapMemory: 268435456
2024-12-22 13:44:33,289 [INFO] DbMcusXml:78 - Set database path to: C:\ST\STM32CubeIDE_1.16.0\STM32CubeIDE\plugins\com.st.stm32cube.common.mx_6.12.0.202406281431\\db\/mcu/
2024-12-22 13:44:33,289 [INFO] ApiDb:274 - Set plugin database path to: C:\ST\STM32CubeIDE_1.16.0\STM32CubeIDE\plugins\com.st.stm32cube.common.mx_6.12.0.202406281431\\db\/plugins/boardmanager/
2024-12-22 13:44:33,289 [INFO] ApiDb:261 - Set plugin images path to: C:\ST\STM32CubeIDE_1.16.0\STM32CubeIDE\plugins\com.st.stm32cube.common.mx_6.12.0.202406281431\\db\/plugins/mcufinder/images/
2024-12-22 13:44:33,289 [WARN] DbFile:41 - Overriding database path with different value: C:\Users\hyn02\.stmcufinder\plugins\mcufinder/ => C:\Users\hyn02\.stmcufinder\plugins\mcufinder
2024-12-22 13:44:33,290 [INFO] ApiDb:250 - Set database path to: C:\Users\hyn02\.stmcufinder\plugins\mcufinder//mcu/
2024-12-22 13:44:33,290 [WARN] DbFile:41 - Overriding database path with different value: C:\Users\hyn02\.stmcufinder\plugins\mcufinder/ => C:\Users\hyn02\.stmcufinder\plugins\mcufinder
2024-12-22 13:44:33,290 [INFO] DbMcusAds:125 - Set database path to: C:\Users\hyn02\.stmcufinder\plugins\mcufinder//mcu/
2024-12-22 13:44:33,290 [WARN] DbFile:41 - Overriding database path with different value: C:\Users\hyn02\.stmcufinder\plugins\mcufinder/ => C:\Users\hyn02\.stmcufinder\plugins\mcufinder
2024-12-22 13:44:33,290 [WARN] DbFile:41 - Overriding database path with different value: C:\Users\hyn02\.stmcufinder\plugins\mcufinder/ => C:\Users\hyn02\.stmcufinder\plugins\mcufinder
2024-12-22 13:44:33,290 [INFO] CrossReferenceDbSqlite:203 - Set database path to: C:\Users\hyn02\.stmcufinder\plugins\mcufinder//mcu/cs/
2024-12-22 13:44:33,305 [INFO] ApplicationProperties:184 - Using Application install path: C:\ST\STM32CubeIDE_1.16.0\STM32CubeIDE\plugins\com.st.stm32cube.common.mx_6.12.0.202406281431
2024-12-22 13:44:33,306 [INFO] PluginManage:196 - Search for loadable plugins [exclusion list=, ]
2024-12-22 13:44:33,308 [INFO] PluginManage:310 - Check plugin analytics
2024-12-22 13:44:33,482 [INFO] AnalyticsPlugin:253 - Accepted Software Licenses: 
2024-12-22 13:44:33,482 [INFO] AnalyticsPlugin:255 - Accepted CMSIS Pack Licenses: 
2024-12-22 13:44:33,483 [INFO] AnalyticsPlugin:257 - Accepted Firmware Licenses: FW.F4.1.28.0
2024-12-22 13:44:33,485 [INFO] PluginManage:359 - Loaded plugin analytics (category:tool,tabindex:-1)
2024-12-22 13:44:33,485 [INFO] PluginManage:310 - Check plugin cadmodel
2024-12-22 13:44:33,506 [INFO] CADModel:105 - Init CAD model plugin
2024-12-22 13:44:33,506 [INFO] PluginManage:359 - Loaded plugin cadmodel (category:power,tabindex:5)
2024-12-22 13:44:33,506 [INFO] PluginManage:310 - Check plugin clock
2024-12-22 13:44:33,530 [INFO] PluginManage:359 - Loaded plugin clock (category:base,tabindex:2)
2024-12-22 13:44:33,530 [INFO] PluginManage:310 - Check plugin ddr
2024-12-22 13:44:33,535 [INFO] PluginManage:359 - Loaded plugin ddr (category:tool,tabindex:6)
2024-12-22 13:44:33,535 [INFO] PluginManage:310 - Check plugin filemanager
2024-12-22 13:44:33,675 [INFO] PluginManage:359 - Loaded plugin filemanager (category:base,tabindex:10)
2024-12-22 13:44:33,675 [INFO] PluginManage:310 - Check plugin ipmanager
2024-12-22 13:44:33,681 [INFO] PluginManage:359 - Loaded plugin ipmanager (category:base,tabindex:5)
2024-12-22 13:44:33,681 [INFO] PluginManage:310 - Check plugin lpbam
2024-12-22 13:44:33,702 [INFO] PluginManage:359 - Loaded plugin lpbam (category:base,tabindex:0)
2024-12-22 13:44:33,703 [INFO] PluginManage:310 - Check plugin memorymap
2024-12-22 13:44:33,725 [INFO] PluginManage:359 - Loaded plugin memorymap (category:base,tabindex:4)
2024-12-22 13:44:33,725 [INFO] PluginManage:310 - Check plugin pinoutandconfiguration
2024-12-22 13:44:33,742 [INFO] PluginManage:359 - Loaded plugin pinoutandconfiguration (category:base,tabindex:1)
2024-12-22 13:44:33,742 [INFO] PluginManage:310 - Check plugin pinoutconfig
2024-12-22 13:44:33,837 [WARN] SupportedApi:132 - Cannot load RTOS API schema: s4s-elt-must-match.1: The content of 'definitions' must match (annotation?, (simpleType | complexType)?, (unique | key | keyref)*)). A problem was found starting at: attribute.
2024-12-22 13:44:33,957 [INFO] PluginManage:359 - Loaded plugin pinoutconfig (category:base,tabindex:0)
2024-12-22 13:44:33,957 [INFO] PluginManage:310 - Check plugin power
2024-12-22 13:44:33,980 [INFO] PluginManage:359 - Loaded plugin power (category:power,tabindex:4)
2024-12-22 13:44:33,980 [INFO] PluginManage:310 - Check plugin projectmanager
2024-12-22 13:44:33,997 [INFO] PluginManage:359 - Loaded plugin projectmanager (category:projectmanager,tabindex:4)
2024-12-22 13:44:33,997 [INFO] PluginManage:310 - Check plugin rif
2024-12-22 13:44:34,016 [INFO] PluginManage:359 - Loaded plugin rif (category:base,tabindex:3)
2024-12-22 13:44:34,016 [INFO] PluginManage:310 - Check plugin thirdparty
2024-12-22 13:44:34,292 [INFO] PluginManage:359 - Loaded plugin thirdparty (category:base,tabindex:-1)
2024-12-22 13:44:34,292 [WARN] IntegrityCheckThread:84 - waiting for thirdparty lock release [integrity check]
2024-12-22 13:44:34,292 [INFO] PluginManage:310 - Check plugin tools
2024-12-22 13:44:34,292 [INFO] IntegrityCheckThread:86 - entering critical section [integrity check]
2024-12-22 13:44:34,292 [INFO] ThirdPartyUpdaterWithRetryManager:70 - Updater plugin not ready yet. [1/15]
2024-12-22 13:44:34,329 [INFO] PluginManage:359 - Loaded plugin tools (category:base,tabindex:7)
2024-12-22 13:44:34,330 [INFO] PluginManage:310 - Check plugin tutovideos
2024-12-22 13:44:34,525 [INFO] PluginManage:359 - Loaded plugin tutovideos (category:base,tabindex:-1)
2024-12-22 13:44:34,526 [INFO] PluginManage:310 - Check plugin updater
2024-12-22 13:44:34,547 [INFO] PluginManage:359 - Loaded plugin updater (category:base,tabindex:12)
2024-12-22 13:44:34,547 [INFO] PluginManage:310 - Check plugin userauth
2024-12-22 13:44:34,553 [INFO] UserAuth:113 - Init User Auth plugin
2024-12-22 13:44:34,553 [INFO] PluginManage:359 - Loaded plugin userauth (category:base,tabindex:14)
2024-12-22 13:44:34,554 [INFO] PluginManage:283 - PluginManage : Loaded plugins [18]
2024-12-22 13:44:34,758 [INFO] PinOutPanel:1561 - setPackage(No Configuration,No Configuration)
2024-12-22 13:44:34,837 [INFO] CADModel:165 - CPN selected for project level
2024-12-22 13:44:34,837 [INFO] CADModel:114 - Register for checkConnection events
2024-12-22 13:44:34,863 [INFO] IPUIPlugin:80 - create IPUIPlugin
2024-12-22 13:44:34,863 [INFO] PluginManager:220 - loadIPPluginJar : add adc
2024-12-22 13:44:34,900 [INFO] IPUIPlugin:80 - create IPUIPlugin
2024-12-22 13:44:34,900 [INFO] PluginManager:220 - loadIPPluginJar : add aes
2024-12-22 13:44:34,943 [INFO] IPUIPlugin:80 - create IPUIPlugin
2024-12-22 13:44:34,943 [INFO] PluginManager:220 - loadIPPluginJar : add can
2024-12-22 13:44:34,968 [INFO] IPUIPlugin:80 - create IPUIPlugin
2024-12-22 13:44:34,969 [INFO] PluginManager:220 - loadIPPluginJar : add comp
2024-12-22 13:44:35,004 [INFO] IPUIPlugin:80 - create IPUIPlugin
2024-12-22 13:44:35,004 [INFO] PluginManager:220 - loadIPPluginJar : add cryp
2024-12-22 13:44:35,017 [INFO] IPUIPlugin:80 - create IPUIPlugin
2024-12-22 13:44:35,017 [INFO] PluginManager:220 - loadIPPluginJar : add ddr_ctrl_phy
2024-12-22 13:44:35,050 [INFO] IPUIPlugin:80 - create IPUIPlugin
2024-12-22 13:44:35,050 [INFO] PluginManager:220 - loadIPPluginJar : add dfsdm
2024-12-22 13:44:35,064 [INFO] IPUIPlugin:80 - create IPUIPlugin
2024-12-22 13:44:35,065 [INFO] PluginManager:220 - loadIPPluginJar : add dma
2024-12-22 13:44:35,113 [INFO] IPUIPlugin:80 - create IPUIPlugin
2024-12-22 13:44:35,113 [INFO] PluginManager:220 - loadIPPluginJar : add dma3
2024-12-22 13:44:35,160 [INFO] IPUIPlugin:80 - create IPUIPlugin
2024-12-22 13:44:35,160 [INFO] PluginManager:220 - loadIPPluginJar : add extmemmanager
2024-12-22 13:44:35,182 [INFO] IPUIPlugin:80 - create IPUIPlugin
2024-12-22 13:44:35,182 [INFO] PluginManager:220 - loadIPPluginJar : add fatfs
2024-12-22 13:44:35,232 [INFO] IPUIPlugin:80 - create IPUIPlugin
2024-12-22 13:44:35,232 [INFO] PluginManager:220 - loadIPPluginJar : add fmc
2024-12-22 13:44:35,247 [INFO] IPUIPlugin:80 - create IPUIPlugin
2024-12-22 13:44:35,247 [INFO] PluginManager:220 - loadIPPluginJar : add freertos
2024-12-22 13:44:35,269 [INFO] IPUIPlugin:80 - create IPUIPlugin
2024-12-22 13:44:35,269 [INFO] PluginManager:220 - loadIPPluginJar : add genericplugin
2024-12-22 13:44:35,370 [INFO] IPUIPlugin:80 - create IPUIPlugin
2024-12-22 13:44:35,370 [INFO] PluginManager:220 - loadIPPluginJar : add gfxmmu
2024-12-22 13:44:35,511 [INFO] IPUIPlugin:80 - create IPUIPlugin
2024-12-22 13:44:35,511 [INFO] PluginManager:220 - loadIPPluginJar : add gic
2024-12-22 13:44:35,526 [INFO] IPUIPlugin:80 - create IPUIPlugin
2024-12-22 13:44:35,526 [INFO] PluginManager:220 - loadIPPluginJar : add gpio
2024-12-22 13:44:35,621 [INFO] IPUIPlugin:80 - create IPUIPlugin
2024-12-22 13:44:35,621 [INFO] PluginManager:220 - loadIPPluginJar : add gtzc
2024-12-22 13:44:35,658 [INFO] IPUIPlugin:80 - create IPUIPlugin
2024-12-22 13:44:35,658 [INFO] PluginManager:220 - loadIPPluginJar : add hash
2024-12-22 13:44:35,713 [INFO] IPUIPlugin:80 - create IPUIPlugin
2024-12-22 13:44:35,713 [INFO] PluginManager:220 - loadIPPluginJar : add i2c
2024-12-22 13:44:35,754 [INFO] IPUIPlugin:80 - create IPUIPlugin
2024-12-22 13:44:35,754 [INFO] PluginManager:220 - loadIPPluginJar : add i2s
2024-12-22 13:44:35,797 [INFO] IPUIPlugin:80 - create IPUIPlugin
2024-12-22 13:44:35,797 [INFO] PluginManager:220 - loadIPPluginJar : add i3c
2024-12-22 13:44:35,901 [INFO] IPUIPlugin:80 - create IPUIPlugin
2024-12-22 13:44:35,901 [INFO] PluginManager:220 - loadIPPluginJar : add ipddr
2024-12-22 13:44:35,999 [INFO] IPUIPlugin:80 - create IPUIPlugin
2024-12-22 13:44:35,999 [INFO] PluginManager:220 - loadIPPluginJar : add linkedlist
2024-12-22 13:44:36,037 [INFO] IPUIPlugin:80 - create IPUIPlugin
2024-12-22 13:44:36,037 [INFO] PluginManager:220 - loadIPPluginJar : add lorawan
2024-12-22 13:44:36,076 [INFO] IPUIPlugin:80 - create IPUIPlugin
2024-12-22 13:44:36,077 [INFO] PluginManager:220 - loadIPPluginJar : add ltdc
2024-12-22 13:44:36,092 [INFO] IPUIPlugin:80 - create IPUIPlugin
2024-12-22 13:44:36,092 [INFO] PluginManager:220 - loadIPPluginJar : add mdma
2024-12-22 13:44:36,106 [INFO] IPUIPlugin:80 - create IPUIPlugin
2024-12-22 13:44:36,106 [INFO] PluginManager:220 - loadIPPluginJar : add nvic
2024-12-22 13:44:36,145 [INFO] IPUIPlugin:80 - create IPUIPlugin
2024-12-22 13:44:36,145 [INFO] PluginManager:220 - loadIPPluginJar : add opamp
2024-12-22 13:44:36,213 [INFO] IPUIPlugin:80 - create IPUIPlugin
2024-12-22 13:44:36,213 [INFO] PluginManager:220 - loadIPPluginJar : add openamp
2024-12-22 13:44:36,259 [INFO] IPUIPlugin:80 - create IPUIPlugin
2024-12-22 13:44:36,259 [INFO] PluginManager:220 - loadIPPluginJar : add pdm2pcm
2024-12-22 13:44:36,275 [INFO] IPUIPlugin:80 - create IPUIPlugin
2024-12-22 13:44:36,277 [INFO] PluginManager:220 - loadIPPluginJar : add plateformsettings
2024-12-22 13:44:36,303 [INFO] IPUIPlugin:80 - create IPUIPlugin
2024-12-22 13:44:36,303 [INFO] PluginManager:220 - loadIPPluginJar : add quadspi
2024-12-22 13:44:36,331 [INFO] IPUIPlugin:80 - create IPUIPlugin
2024-12-22 13:44:36,332 [INFO] PluginManager:220 - loadIPPluginJar : add radio
2024-12-22 13:44:36,345 [INFO] IPUIPlugin:80 - create IPUIPlugin
2024-12-22 13:44:36,345 [INFO] PluginManager:220 - loadIPPluginJar : add resmgrutility
2024-12-22 13:44:36,393 [INFO] IPUIPlugin:80 - create IPUIPlugin
2024-12-22 13:44:36,393 [INFO] PluginManager:220 - loadIPPluginJar : add sai
2024-12-22 13:44:36,432 [INFO] IPUIPlugin:80 - create IPUIPlugin
2024-12-22 13:44:36,433 [INFO] PluginManager:220 - loadIPPluginJar : add spi
2024-12-22 13:44:36,506 [INFO] IPUIPlugin:80 - create IPUIPlugin
2024-12-22 13:44:36,507 [INFO] PluginManager:220 - loadIPPluginJar : add stm32_wpan
2024-12-22 13:44:36,533 [INFO] IPUIPlugin:80 - create IPUIPlugin
2024-12-22 13:44:36,533 [INFO] PluginManager:220 - loadIPPluginJar : add tim
2024-12-22 13:44:36,596 [INFO] IPUIPlugin:80 - create IPUIPlugin
2024-12-22 13:44:36,596 [INFO] PluginManager:220 - loadIPPluginJar : add touchsensing
2024-12-22 13:44:36,622 [INFO] IPUIPlugin:80 - create IPUIPlugin
2024-12-22 13:44:36,622 [INFO] PluginManager:220 - loadIPPluginJar : add tracer_emb
2024-12-22 13:44:36,648 [INFO] IPUIPlugin:80 - create IPUIPlugin
2024-12-22 13:44:36,648 [INFO] PluginManager:220 - loadIPPluginJar : add ts
2024-12-22 13:44:36,672 [INFO] IPUIPlugin:80 - create IPUIPlugin
2024-12-22 13:44:36,672 [INFO] PluginManager:220 - loadIPPluginJar : add tsc
2024-12-22 13:44:36,695 [INFO] IPUIPlugin:80 - create IPUIPlugin
2024-12-22 13:44:36,695 [INFO] PluginManager:220 - loadIPPluginJar : add ucpd
2024-12-22 13:44:36,743 [INFO] IPUIPlugin:80 - create IPUIPlugin
2024-12-22 13:44:36,744 [INFO] PluginManager:220 - loadIPPluginJar : add usart
2024-12-22 13:44:36,788 [INFO] IPUIPlugin:80 - create IPUIPlugin
2024-12-22 13:44:36,788 [INFO] PluginManager:220 - loadIPPluginJar : add usbx
2024-12-22 13:44:36,902 [INFO] CADModel:165 - CPN selected for project level
2024-12-22 13:44:36,902 [INFO] CADModel:114 - Register for checkConnection events
2024-12-22 13:44:36,902 [FATAL] Updater:334 - Updater called before beeing initialized
2024-12-22 13:44:36,902 [ERROR] CADModel:125 - Updater not yet initialized, retry later 
2024-12-22 13:44:37,019 [INFO] CADModel:165 - CPN selected for project level
2024-12-22 13:44:37,019 [INFO] CADModel:114 - Register for checkConnection events
2024-12-22 13:44:37,019 [FATAL] Updater:334 - Updater called before beeing initialized
2024-12-22 13:44:37,019 [ERROR] CADModel:125 - Updater not yet initialized, retry later 
2024-12-22 13:44:37,022 [FATAL] Updater:334 - Updater called before beeing initialized
2024-12-22 13:44:37,111 [FATAL] Updater:334 - Updater called before beeing initialized
2024-12-22 13:44:37,122 [INFO] DbMcusAds:53 - JSON generation date=Fri Sep 20 22:04:23 KST 2024 (1726837463113)
2024-12-22 13:44:37,122 [FATAL] Updater:334 - Updater called before beeing initialized
2024-12-22 13:44:37,155 [WARN] DetailPanel:346 - Failed to get advertising image, set to default
2024-12-22 13:44:37,232 [FATAL] Updater:334 - Updater called before beeing initialized
2024-12-22 13:44:37,235 [FATAL] Updater:334 - Updater called before beeing initialized
2024-12-22 13:44:37,235 [FATAL] Updater:334 - Updater called before beeing initialized
2024-12-22 13:44:37,235 [WARN] DetailPanel:346 - Failed to get advertising image, set to default
2024-12-22 13:44:37,235 [FATAL] Updater:334 - Updater called before beeing initialized
2024-12-22 13:44:37,290 [ERROR] Updater:1164 - MainUpdater not yet initialized. External WinMGr cannot be set.
2024-12-22 13:44:37,294 [INFO] ThirdPartyUpdaterWithRetryManager:70 - Updater plugin not ready yet. [2/15]
2024-12-22 13:44:37,302 [INFO] Updater:1100 - Updater Version found : 6.12.0
2024-12-22 13:44:37,318 [INFO] ApplicationProperties:184 - Using Application install path: C:\ST\STM32CubeIDE_1.16.0\STM32CubeIDE\plugins\com.st.stm32cube.common.mx_6.12.0.202406281431
2024-12-22 13:44:38,895 [ERROR] LogOutputStream:75 - [STDERR_REDIRECT] Dec 22, 2024 1:44:38 PM java.util.prefs.WindowsPreferences <init>
2024-12-22 13:44:38,897 [ERROR] LogOutputStream:75 - [STDERR_REDIRECT] WARNING: Could not open/create prefs root node Software\JavaSoft\Prefs at root 0xffffffff80000002. Windows RegCreateKeyEx(...) returned error code 5.
2024-12-22 13:44:38,897 [ERROR] LogOutputStream:75 - [STDERR_REDIRECT] 
2024-12-22 13:44:39,261 [INFO] MainUpdater:2873 - connection check result : 10
2024-12-22 13:44:39,262 [INFO] MainUpdater:290 - Updater Check For Update Now.
2024-12-22 13:44:39,262 [INFO] MicroXplorer:498 - Change Database Version : DB.6.0.120
2024-12-22 13:44:39,281 [INFO] McuFinderGlobals:63 - Set McuFinder mode to 2 (CubeIDE integrated)
2024-12-22 13:44:39,289 [INFO] UserAuth:417 - Internet connection configuration mode: 1
2024-12-22 13:44:39,318 [INFO] JxBrowserEngine:152 - Initiate JxBrowser Engine with user profile folder
2024-12-22 13:44:39,533 [INFO] CheckServerUpdateThread:120 - End of CheckServer Thread
2024-12-22 13:44:40,487 [WARN] PackLoader:240 - Cannot read IP mode file for STMicroelectronics.FP-SNS-MOTENVWB1.1.4.0
2024-12-22 13:44:40,505 [WARN] PackLoader:240 - Cannot read IP mode file for STMicroelectronics.FP-ATR-ASTRA1.2.0.1
2024-12-22 13:44:40,520 [WARN] PackLoader:240 - Cannot read IP mode file for STMicroelectronics.X-CUBE-SMBUS.2.1.0
2024-12-22 13:44:40,541 [WARN] PackLoader:240 - Cannot read IP mode file for STMicroelectronics.X-CUBE-WB05N.1.1.0
2024-12-22 13:44:40,583 [WARN] PackLoader:240 - Cannot read IP mode file for STMicroelectronics.X-CUBE-AZRTOS-F7.1.1.0
2024-12-22 13:44:40,672 [WARN] PackLoader:240 - Cannot read IP mode file for STMicroelectronics.X-CUBE-MEMS1.11.0.0
2024-12-22 13:44:40,829 [WARN] PackLoader:240 - Cannot read IP mode file for STMicroelectronics.FP-SNS-FLIGHT1.5.0.2
2024-12-22 13:44:40,847 [WARN] PackLoader:240 - Cannot read IP mode file for STMicroelectronics.X-CUBE-DISPLAY.3.0.0
2024-12-22 13:44:40,867 [WARN] PackLoader:240 - Cannot read IP mode file for STMicroelectronics.X-CUBE-BLE1.7.0.0
2024-12-22 13:44:40,884 [WARN] PackLoader:240 - Cannot read IP mode file for STMicroelectronics.X-CUBE-NFC10.1.0.0
2024-12-22 13:44:40,908 [WARN] PackLoader:240 - Cannot read IP mode file for STMicroelectronics.X-CUBE-BLEMGR.4.0.0
2024-12-22 13:44:40,927 [WARN] PackLoader:240 - Cannot read IP mode file for emotas.I-CUBE-CANOPEN.1.3.0
2024-12-22 13:44:40,948 [WARN] PackLoader:240 - Cannot read IP mode file for STMicroelectronics.X-CUBE-BLEMGR.3.1.0
2024-12-22 13:44:40,966 [WARN] PackLoader:240 - Cannot read IP mode file for STMicroelectronics.FP-SNS-SMARTAG2.1.2.0
2024-12-22 13:44:41,044 [WARN] PackLoader:240 - Cannot read IP mode file for STMicroelectronics.X-CUBE-MEMS1.11.1.0
2024-12-22 13:44:41,291 [INFO] LogOutputStream:77 - [STDOUT_REDIRECT] 1 : Invalid condition id : UX_CORESTACK_Condition cause : null
2024-12-22 13:44:41,292 [INFO] LogOutputStream:77 - [STDOUT_REDIRECT] 1 : Invalid condition id : UX_CORESTACK_Condition cause : null
2024-12-22 13:44:41,293 [INFO] LogOutputStream:77 - [STDOUT_REDIRECT] 1 : Invalid condition id : UX_CORESTACK_Condition cause : null
2024-12-22 13:44:41,294 [INFO] LogOutputStream:77 - [STDOUT_REDIRECT] 1 : Invalid condition id : UX_CORESTACK_Condition cause : null
2024-12-22 13:44:41,295 [INFO] LogOutputStream:77 - [STDOUT_REDIRECT] 1 : Invalid condition id : UX_CORESTACK_Condition cause : null
2024-12-22 13:44:41,302 [WARN] PackLoader:240 - Cannot read IP mode file for STMicroelectronics.X-CUBE-AZRTOS-WL.2.0.0
2024-12-22 13:44:41,319 [WARN] PackLoader:240 - Cannot read IP mode file for STMicroelectronics.FP-SNS-MOTENV1.5.0.0
2024-12-22 13:44:41,333 [WARN] PackLoader:240 - Cannot read IP mode file for wolfSSL.I-CUBE-wolfMQTT.1.19.0
2024-12-22 13:44:41,351 [WARN] PackLoader:240 - Cannot read IP mode file for WES.I-CUBE-Cesium.1.3.0
2024-12-22 13:44:41,368 [WARN] PackLoader:240 - Cannot read IP mode file for STMicroelectronics.X-CUBE-BLE2.3.3.0
2024-12-22 13:44:41,387 [WARN] PackLoader:240 - Cannot read IP mode file for STMicroelectronics.X-CUBE-NFC9.1.0.0
2024-12-22 13:44:41,403 [WARN] PackLoader:240 - Cannot read IP mode file for STMicroelectronics.X-CUBE-TCPP.4.1.0
2024-12-22 13:44:41,436 [WARN] PackLoader:240 - Cannot read IP mode file for STMicroelectronics.X-CUBE-AZRTOS-G0.1.1.0
2024-12-22 13:44:41,459 [WARN] PackLoader:240 - Cannot read IP mode file for STMicroelectronics.X-CUBE-SAFEA1.1.2.2
2024-12-22 13:44:41,475 [WARN] PackLoader:240 - Cannot read IP mode file for STMicroelectronics.X-CUBE-NFC4.3.0.0
2024-12-22 13:44:41,499 [WARN] PackLoader:240 - Cannot read IP mode file for EmbeddedOffice.I-CUBE-FS-RTOS.1.0.1
2024-12-22 13:44:41,499 [ERROR] ConditionMgr:805 - Attr not supported : Dmpu
2024-12-22 13:44:41,499 [ERROR] ConditionMgr:805 - Attr not supported : Dmpu
2024-12-22 13:44:41,499 [ERROR] ConditionMgr:805 - Attr not supported : Dmpu
2024-12-22 13:44:41,499 [ERROR] ConditionMgr:805 - Attr not supported : Dmpu
2024-12-22 13:44:41,499 [ERROR] ConditionMgr:805 - Attr not supported : Dmpu
2024-12-22 13:44:41,499 [ERROR] ConditionMgr:805 - Attr not supported : Dmpu
2024-12-22 13:44:41,499 [ERROR] ConditionMgr:805 - Attr not supported : Dmpu
2024-12-22 13:44:41,499 [ERROR] ConditionMgr:805 - Attr not supported : Dmpu
2024-12-22 13:44:41,499 [ERROR] ConditionMgr:805 - Attr not supported : Dmpu
2024-12-22 13:44:41,499 [ERROR] ConditionMgr:805 - Attr not supported : Dmpu
2024-12-22 13:44:41,499 [ERROR] ConditionMgr:805 - Attr not supported : Dmpu
2024-12-22 13:44:41,500 [ERROR] ConditionMgr:805 - Attr not supported : Dmpu
2024-12-22 13:44:41,500 [ERROR] ConditionMgr:805 - Attr not supported : Dmpu
2024-12-22 13:44:41,500 [ERROR] ConditionMgr:805 - Attr not supported : Dmpu
2024-12-22 13:44:41,500 [ERROR] ConditionMgr:805 - Attr not supported : Dmpu
2024-12-22 13:44:41,500 [ERROR] ConditionMgr:805 - Attr not supported : Dmpu
2024-12-22 13:44:41,500 [ERROR] ConditionMgr:805 - Attr not supported : Dmpu
2024-12-22 13:44:41,500 [ERROR] ConditionMgr:805 - Attr not supported : Dmpu
2024-12-22 13:44:41,500 [ERROR] ConditionMgr:805 - Attr not supported : Dmpu
2024-12-22 13:44:41,500 [ERROR] ConditionMgr:805 - Attr not supported : Dmpu
2024-12-22 13:44:41,500 [ERROR] ConditionMgr:805 - Attr not supported : Dmpu
2024-12-22 13:44:41,500 [ERROR] ConditionMgr:805 - Attr not supported : Dmpu
2024-12-22 13:44:41,500 [ERROR] ConditionMgr:805 - Attr not supported : Dmpu
2024-12-22 13:44:41,500 [ERROR] ConditionMgr:805 - Attr not supported : Dmpu
2024-12-22 13:44:41,500 [ERROR] ConditionMgr:805 - Attr not supported : Dmpu
2024-12-22 13:44:41,500 [ERROR] ConditionMgr:805 - Attr not supported : Dmpu
2024-12-22 13:44:41,500 [ERROR] ConditionMgr:805 - Attr not supported : Dmpu
2024-12-22 13:44:41,500 [ERROR] ConditionMgr:805 - Attr not supported : Dmpu
2024-12-22 13:44:41,500 [ERROR] ConditionMgr:805 - Attr not supported : Dmpu
2024-12-22 13:44:41,501 [ERROR] ConditionMgr:805 - Attr not supported : Dmpu
2024-12-22 13:44:41,501 [ERROR] ConditionMgr:805 - Attr not supported : Dmpu
2024-12-22 13:44:41,501 [ERROR] ConditionMgr:805 - Attr not supported : Dmpu
2024-12-22 13:44:41,501 [ERROR] ConditionMgr:805 - Attr not supported : Dmpu
2024-12-22 13:44:41,501 [ERROR] ConditionMgr:805 - Attr not supported : Dmpu
2024-12-22 13:44:41,501 [ERROR] ConditionMgr:805 - Attr not supported : Dmpu
2024-12-22 13:44:41,501 [ERROR] ConditionMgr:805 - Attr not supported : Dmpu
2024-12-22 13:44:41,501 [ERROR] ConditionMgr:805 - Attr not supported : Dmpu
2024-12-22 13:44:41,501 [ERROR] ConditionMgr:805 - Attr not supported : Dmpu
2024-12-22 13:44:41,501 [ERROR] ConditionMgr:805 - Attr not supported : Dmpu
2024-12-22 13:44:41,501 [ERROR] ConditionMgr:805 - Attr not supported : Dmpu
2024-12-22 13:44:41,501 [ERROR] ConditionMgr:805 - Attr not supported : Dmpu
2024-12-22 13:44:41,501 [ERROR] ConditionMgr:805 - Attr not supported : Dmpu
2024-12-22 13:44:41,501 [ERROR] ConditionMgr:805 - Attr not supported : Dmpu
2024-12-22 13:44:41,501 [ERROR] ConditionMgr:805 - Attr not supported : Dmpu
2024-12-22 13:44:41,501 [ERROR] ConditionMgr:805 - Attr not supported : Dmpu
2024-12-22 13:44:41,502 [ERROR] ConditionMgr:805 - Attr not supported : Dmpu
2024-12-22 13:44:41,502 [ERROR] ConditionMgr:805 - Attr not supported : Dmpu
2024-12-22 13:44:41,502 [ERROR] ConditionMgr:805 - Attr not supported : Dmpu
2024-12-22 13:44:41,502 [ERROR] ConditionMgr:805 - Attr not supported : Dmpu
2024-12-22 13:44:41,502 [ERROR] ConditionMgr:805 - Attr not supported : Dmpu
2024-12-22 13:44:41,502 [ERROR] ConditionMgr:805 - Attr not supported : Dmpu
2024-12-22 13:44:41,502 [ERROR] ConditionMgr:805 - Attr not supported : Dmpu
2024-12-22 13:44:41,502 [ERROR] ConditionMgr:805 - Attr not supported : Dmpu
2024-12-22 13:44:41,502 [ERROR] ConditionMgr:805 - Attr not supported : Dmpu
2024-12-22 13:44:41,502 [ERROR] ConditionMgr:805 - Attr not supported : Dmpu
2024-12-22 13:44:41,502 [ERROR] ConditionMgr:805 - Attr not supported : Dmpu
2024-12-22 13:44:41,502 [ERROR] ConditionMgr:805 - Attr not supported : Dmpu
2024-12-22 13:44:41,502 [ERROR] ConditionMgr:805 - Attr not supported : Dmpu
2024-12-22 13:44:41,502 [ERROR] ConditionMgr:805 - Attr not supported : Dmpu
2024-12-22 13:44:41,502 [ERROR] ConditionMgr:805 - Attr not supported : Dmpu
2024-12-22 13:44:41,503 [ERROR] ConditionMgr:805 - Attr not supported : Dmpu
2024-12-22 13:44:41,503 [ERROR] ConditionMgr:805 - Attr not supported : Dmpu
2024-12-22 13:44:41,503 [ERROR] ConditionMgr:805 - Attr not supported : Dmpu
2024-12-22 13:44:41,503 [ERROR] ConditionMgr:805 - Attr not supported : Dmpu
2024-12-22 13:44:41,517 [ERROR] Engine:466 - C:\Users\hyn02\.stm32cubemx\thirdparties\pdsc\STMicroelectronics.X-CUBE-TCPP.4.2.0.pdsc: PDSC version is not supported
2024-12-22 13:44:41,535 [WARN] PackLoader:240 - Cannot read IP mode file for RealThread.X-CUBE-RT-Thread_Nano.4.1.1
2024-12-22 13:44:41,550 [WARN] PackLoader:240 - Cannot read IP mode file for STMicroelectronics.FP-ATR-SIGFOX1.3.2.0
2024-12-22 13:44:41,564 [WARN] PackLoader:240 - Cannot read IP mode file for wolfSSL.I-CUBE-wolfSSL.5.7.2
2024-12-22 13:44:41,579 [WARN] ConditionMgr:438 - getConditionDescription Invalid condition id : Cortex-A Device cause : null
2024-12-22 13:44:41,602 [WARN] ConditionMgr:1039 - genDependencies : Invalid condition id : Cortex-A Device cause : null
2024-12-22 13:44:41,603 [WARN] ConditionMgr:1039 - genDependencies : Invalid condition id : Cortex-A Device cause : null
2024-12-22 13:44:41,603 [WARN] ConditionMgr:1039 - genDependencies : Invalid condition id : Cortex-A Device cause : null
2024-12-22 13:44:41,620 [WARN] PackLoader:240 - Cannot read IP mode file for STMicroelectronics.X-CUBE-EEPRMA1.5.1.0
2024-12-22 13:44:41,638 [WARN] PackLoader:240 - Cannot read IP mode file for ITTIA_DB.I-CUBE-ITTIADB.8.9.0
2024-12-22 13:44:41,681 [WARN] PackLoader:240 - Cannot read IP mode file for SEGGER.I-CUBE-embOS.1.3.1
2024-12-22 13:44:41,729 [WARN] PackLoader:240 - Cannot read IP mode file for STMicroelectronics.X-CUBE-ALGOBUILD.1.4.0
2024-12-22 13:44:41,746 [WARN] PackLoader:240 - Cannot read IP mode file for STMicroelectronics.X-CUBE-AI.9.1.0
2024-12-22 13:44:41,773 [WARN] PackLoader:240 - Cannot read IP mode file for STMicroelectronics.X-CUBE-AZRTOS-F4.1.1.0
2024-12-22 13:44:41,788 [WARN] PackLoader:240 - Cannot read IP mode file for STMicroelectronics.X-CUBE-ISPU.2.1.0
2024-12-22 13:44:41,803 [WARN] PackLoader:240 - Cannot read IP mode file for STMicroelectronics.X-CUBE-FREERTOS.1.2.0
2024-12-22 13:44:41,833 [WARN] PackLoader:240 - Cannot read IP mode file for STMicroelectronics.X-CUBE-AZRTOS-L5.2.0.0
2024-12-22 13:44:41,854 [WARN] PackLoader:240 - Cannot read IP mode file for STMicroelectronics.X-CUBE-NFC6.3.1.0
2024-12-22 13:44:41,876 [WARN] PackLoader:240 - Cannot read IP mode file for STMicroelectronics.X-CUBE-DPower.1.2.0
2024-12-22 13:44:41,895 [WARN] PackLoader:240 - Cannot read IP mode file for STMicroelectronics.X-CUBE-AI.9.0.0
2024-12-22 13:44:41,912 [WARN] PackLoader:240 - Cannot read IP mode file for STMicroelectronics.X-CUBE-FREERTOS.1.3.0
2024-12-22 13:44:41,932 [WARN] PackLoader:240 - Cannot read IP mode file for STMicroelectronics.X-CUBE-NFC7.1.0.1
2024-12-22 13:44:41,997 [WARN] ConditionMgr:438 - getConditionDescription Invalid condition id : LAN8742 Phy interface Condition cause : null
2024-12-22 13:44:42,000 [WARN] PackLoader:240 - Cannot read IP mode file for STMicroelectronics.X-CUBE-AZRTOS-L4.2.0.0
2024-12-22 13:44:42,001 [WARN] ConditionMgr:1039 - genDependencies : Invalid condition id : LAN8742 Phy interface Condition cause : null
2024-12-22 13:44:42,001 [WARN] ConditionMgr:1039 - genDependencies : Invalid condition id : LAN8742 Phy interface Condition cause : null
2024-12-22 13:44:42,002 [WARN] ConditionMgr:1039 - genDependencies : Invalid condition id : LAN8742 Phy interface Condition cause : null
2024-12-22 13:44:42,023 [WARN] PackLoader:240 - Cannot read IP mode file for STMicroelectronics.X-CUBE-SFXS2LP1.4.0.0
2024-12-22 13:44:42,068 [WARN] PackLoader:240 - Cannot read IP mode file for STMicroelectronics.X-CUBE-AZRTOS-H7.3.3.0
2024-12-22 13:44:42,098 [WARN] PackLoader:240 - Cannot read IP mode file for STMicroelectronics.X-CUBE-IPS.3.0.0
2024-12-22 13:44:42,135 [WARN] ConditionMgr:438 - getConditionDescription Invalid condition id : UX DEVICE CLASS RTOS Condition cause : null
2024-12-22 13:44:42,135 [WARN] ConditionMgr:438 - getConditionDescription Invalid condition id : UX DEVICE CLASS RTOS Condition cause : null
2024-12-22 13:44:42,139 [WARN] PackLoader:240 - Cannot read IP mode file for STMicroelectronics.X-CUBE-AZRTOS-WB.2.0.0
2024-12-22 13:44:42,140 [WARN] ConditionMgr:1039 - genDependencies : Invalid condition id : UX DEVICE CLASS RTOS Condition cause : null
2024-12-22 13:44:42,140 [WARN] ConditionMgr:1039 - genDependencies : Invalid condition id : UX DEVICE CLASS RTOS Condition cause : null
2024-12-22 13:44:42,140 [WARN] ConditionMgr:1039 - genDependencies : Invalid condition id : UX DEVICE CLASS RTOS Condition cause : null
2024-12-22 13:44:42,141 [WARN] ConditionMgr:1039 - genDependencies : Invalid condition id : UX DEVICE CLASS RTOS Condition cause : null
2024-12-22 13:44:42,141 [WARN] ConditionMgr:1039 - genDependencies : Invalid condition id : UX DEVICE CLASS RTOS Condition cause : null
2024-12-22 13:44:42,161 [WARN] PackLoader:240 - Cannot read IP mode file for STMicroelectronics.X-CUBE-GNSS1.7.0.0
2024-12-22 13:44:42,179 [WARN] PackLoader:240 - Cannot read IP mode file for STMicroelectronics.X-CUBE-GNSS1.7.0.1
2024-12-22 13:44:42,197 [WARN] PackLoader:240 - Cannot read IP mode file for STMicroelectronics.FP-SNS-STBOX1.2.0.0
2024-12-22 13:44:42,224 [WARN] PackLoader:240 - Cannot read IP mode file for STMicroelectronics.X-CUBE-SUBG2.5.0.0
2024-12-22 13:44:42,246 [WARN] PackLoader:240 - Cannot read IP mode file for Cesanta.I-CUBE-Mongoose.7.13.0
2024-12-22 13:44:42,278 [WARN] PackLoader:240 - Cannot read IP mode file for STMicroelectronics.X-CUBE-AZRTOS-G4.2.0.0
2024-12-22 13:44:42,295 [WARN] PackLoader:240 - Cannot read IP mode file for STMicroelectronics.X-CUBE-ISPU.2.0.0
2024-12-22 13:44:42,310 [WARN] PackLoader:240 - Cannot read IP mode file for STMicroelectronics.X-CUBE-ALS.1.0.2
2024-12-22 13:44:42,328 [WARN] PackLoader:240 - Cannot read IP mode file for STMicroelectronics.X-CUBE-TOUCHGFX.4.24.0
2024-12-22 13:44:42,342 [WARN] PackLoader:240 - Cannot read IP mode file for STMicroelectronics.X-CUBE-TOUCHGFX.4.24.1
2024-12-22 13:44:42,357 [WARN] PackLoader:240 - Cannot read IP mode file for wolfSSL.I-CUBE-wolfTPM.3.4.0
2024-12-22 13:44:42,372 [WARN] PackLoader:240 - Cannot read IP mode file for portGmbH.I-Cube-SoM-uGOAL.1.1.0
2024-12-22 13:44:42,405 [WARN] PackLoader:240 - Cannot read IP mode file for STMicroelectronics.X-CUBE-AZRTOS-H7RS.1.0.0
2024-12-22 13:44:42,421 [WARN] PackLoader:240 - Cannot read IP mode file for STMicroelectronics.FP-ATR-ASTRA1.2.0.0
2024-12-22 13:44:42,444 [WARN] PackLoader:240 - Cannot read IP mode file for STMicroelectronics.X-CUBE-TOF1.3.4.2
2024-12-22 13:44:42,486 [WARN] PackLoader:240 - Cannot read IP mode file for Infineon.AIROC-Wi-Fi-Bluetooth-STM32.1.6.1
2024-12-22 13:44:42,504 [WARN] PackLoader:240 - Cannot read IP mode file for wolfSSL.I-CUBE-wolfSSH.1.4.17
2024-12-22 13:44:42,505 [INFO] ThirdParty:978 - Integrity check success = true
2024-12-22 13:44:42,505 [INFO] IntegrityCheckThread:100 - exiting critical section [integrity check]
2024-12-22 13:44:42,505 [INFO] IntegrityCheckThread:103 - End integrity checks thread
2024-12-22 13:44:45,706 [INFO] WebApp:167 - Instantiating new browser for Auth
2024-12-22 13:44:46,392 [INFO] WebApp:448 - Apply proxy settings
2024-12-22 13:44:46,392 [INFO] WebApp:533 - Chromium requires no authentication
2024-12-22 13:44:46,403 [INFO] WebApp:476 - Direct internet connection detected
2024-12-22 13:44:46,429 [INFO] WebApp:869 - Register for checkConnection events
2024-12-22 13:44:46,429 [INFO] WebApp:448 - Apply proxy settings
2024-12-22 13:44:46,429 [INFO] WebApp:533 - Chromium requires no authentication
2024-12-22 13:44:46,429 [INFO] WebApp:476 - Direct internet connection detected
2024-12-22 13:44:46,615 [INFO] WebApp:220 - Starting web application
2024-12-22 13:44:46,615 [INFO] WebApp:578 - Web application path used C:\ST\STM32CubeIDE_1.16.0\STM32CubeIDE\plugins\com.st.stm32cube.common.mx_6.12.0.202406281431\db\plugins\mcufinder\reactClient1\index.html
2024-12-22 13:44:46,783 [INFO] WebApp:186 - Connection restablished
2024-12-22 13:44:46,812 [INFO] UserAuth:417 - Internet connection configuration mode: 1
2024-12-22 13:45:14,396 [INFO] McuFinderGlobals:63 - Set McuFinder mode to 2 (CubeIDE integrated)
2024-12-22 13:45:14,425 [INFO] MainUpdater:2873 - connection check result : 10
2024-12-22 13:45:14,433 [INFO] MainUpdater:2873 - connection check result : 10
2024-12-22 13:45:14,617 [INFO] RulesReader:64 - Compatibility file has been processed (297 Rules)
2024-12-22 13:45:14,628 [INFO] RulesReader:64 - Compatibility file has been processed (297 Rules)
2024-12-22 13:45:14,632 [INFO] MicroXplorer:468 - Change Database Path : 
2024-12-22 13:45:14,632 [INFO] MicroXplorer:498 - Change Database Version : DB.6.0.120
2024-12-22 13:45:14,641 [WARN] ThirdParty:871 - waiting for thirdparty lock release [close project]
2024-12-22 13:45:14,641 [INFO] ThirdParty:873 - entering critical section [close project]
2024-12-22 13:45:14,642 [INFO] ThirdParty:883 - exiting critical section [close project]
2024-12-22 13:45:14,644 [INFO] PinOutPanel:1561 - setPackage(No Configuration,No Configuration)
2024-12-22 13:45:14,648 [INFO] UtilMem:75 - Begin LoadConfig() Used Memory: 164735712 Bytes (374341632)
2024-12-22 13:45:14,650 [INFO] MicroXplorer:468 - Change Database Path : 
2024-12-22 13:45:14,650 [INFO] MicroXplorer:498 - Change Database Version : DB.6.0.120
2024-12-22 13:45:14,650 [INFO] OpenFileManager:332 - Change cursor
2024-12-22 13:45:14,689 [INFO] Mcu:2032 - Initializing MCU STM32F405RGTx STM32F405RGTx STM32F405RGT6
2024-12-22 13:45:17,230 [INFO] Context:742 - Trying to add GPIOservice into a context  which must be forbidden
2024-12-22 13:45:18,289 [INFO] RtosManager:555 - Registered RTOS mode: class=CMSIS, group=RTOS, mode=CMSIS_V1, owner=FREERTOS
2024-12-22 13:45:18,289 [INFO] RtosManager:555 - Registered RTOS mode: class=CMSIS, group=RTOS2, mode=CMSIS_V2, owner=FREERTOS
2024-12-22 13:45:18,289 [INFO] RtosManager:555 - Registered RTOS mode: class=RTOS, group=Core, mode=CMSIS_V1, owner=FREERTOS
2024-12-22 13:45:18,289 [INFO] RtosManager:555 - Registered RTOS mode: class=RTOS, group=Core, mode=CMSIS_V2, owner=FREERTOS
2024-12-22 13:45:18,289 [WARN] ModelIntegratedComponent:184 - Missing modes for component STMicroelectronics:FreeRTOS:0.0.1:STMicroelectronics:RTOS:FreeRTOS:Core:::10.2.0:
2024-12-22 13:45:18,304 [WARN] ModelIntegratedComponent:63 - No mode defined for component null
2024-12-22 13:45:18,305 [WARN] ModelIntegratedComponent:63 - No mode defined for component null
2024-12-22 13:45:18,305 [WARN] ModelIntegratedComponent:63 - No mode defined for component null
2024-12-22 13:45:18,305 [WARN] ModelIntegratedComponent:63 - No mode defined for component null
2024-12-22 13:45:18,305 [WARN] ModelIntegratedComponent:63 - No mode defined for component null
2024-12-22 13:45:18,305 [WARN] ModelIntegratedComponent:63 - No mode defined for component null
2024-12-22 13:45:18,305 [WARN] ModelIntegratedComponent:63 - No mode defined for component null
2024-12-22 13:45:18,305 [WARN] ModelIntegratedComponent:63 - No mode defined for component null
2024-12-22 13:45:18,305 [WARN] ModelIntegratedComponent:63 - No mode defined for component null
2024-12-22 13:45:18,305 [WARN] ModelIntegratedComponent:63 - No mode defined for component null
2024-12-22 13:45:18,305 [WARN] ModelIntegratedComponent:63 - No mode defined for component null
2024-12-22 13:45:18,305 [WARN] ModelIntegratedComponent:63 - No mode defined for component null
2024-12-22 13:45:18,305 [WARN] ModelIntegratedComponent:63 - No mode defined for component null
2024-12-22 13:45:18,305 [WARN] ModelIntegratedComponent:63 - No mode defined for component null
2024-12-22 13:45:18,305 [WARN] ModelIntegratedComponent:63 - No mode defined for component null
2024-12-22 13:45:18,305 [WARN] ModelIntegratedComponent:63 - No mode defined for component null
2024-12-22 13:45:18,305 [WARN] ModelIntegratedComponent:63 - No mode defined for component null
2024-12-22 13:45:18,305 [WARN] ModelIntegratedComponent:63 - No mode defined for component null
2024-12-22 13:45:18,305 [WARN] ModelIntegratedComponent:63 - No mode defined for component null
2024-12-22 13:45:18,305 [WARN] ModelIntegratedComponent:63 - No mode defined for component null
2024-12-22 13:45:18,305 [WARN] ModelIntegratedComponent:63 - No mode defined for component null
2024-12-22 13:45:18,305 [WARN] ModelIntegratedComponent:63 - No mode defined for component null
2024-12-22 13:45:18,305 [WARN] ModelIntegratedComponent:63 - No mode defined for component null
2024-12-22 13:45:18,305 [WARN] ModelIntegratedComponent:63 - No mode defined for component null
2024-12-22 13:45:18,305 [WARN] ModelIntegratedComponent:63 - No mode defined for component null
2024-12-22 13:45:18,305 [WARN] ModelIntegratedComponent:63 - No mode defined for component null
2024-12-22 13:45:18,307 [WARN] ModelIntegratedComponent:63 - No mode defined for component null
2024-12-22 13:45:18,307 [WARN] ModelIntegratedComponent:63 - No mode defined for component null
2024-12-22 13:45:18,307 [WARN] ModelIntegratedComponent:63 - No mode defined for component null
2024-12-22 13:45:18,307 [WARN] ModelIntegratedComponent:63 - No mode defined for component null
2024-12-22 13:45:18,307 [WARN] ModelIntegratedComponent:63 - No mode defined for component null
2024-12-22 13:45:18,307 [WARN] ModelIntegratedComponent:63 - No mode defined for component null
2024-12-22 13:45:18,307 [WARN] ModelIntegratedComponent:63 - No mode defined for component null
2024-12-22 13:45:18,307 [WARN] ModelIntegratedComponent:63 - No mode defined for component null
2024-12-22 13:45:18,307 [WARN] ModelIntegratedComponent:63 - No mode defined for component null
2024-12-22 13:45:18,307 [WARN] ModelPack:524 - Component already loaded: STMicroelectronics:HAL Drivers:0.0.0:STMicroelectronics:Device:STMicro_Driver:XSPI:HAL::0.0.1:HAL_XSPI
2024-12-22 13:45:18,415 [INFO] ThirdPartyModel:298 - Start build external matchings
2024-12-22 13:45:19,139 [INFO] ThirdPartyModel:316 - End build external matchings
2024-12-22 13:45:19,168 [INFO] ImportTextPane:205 - (OptionalMessage_ERROR) IP (RCC) : Parameter (48MHZClocksFreq_Value) has invalid value (84000000)
2024-12-22 13:45:19,169 [INFO] ImportTextPane:205 - (OptionalMessage_ERROR) IP (RCC) : Parameter (RTCHSEDivFreq_Value) has invalid value (4000000)
2024-12-22 13:45:19,544 [INFO] ApiDb:581 - Connected to CubeFinder SQLite database (C:\Users\hyn02\.stmcufinder\plugins\mcufinder\mcu\cube-finder-db.db)
2024-12-22 13:45:19,641 [INFO] ApiDb:668 - CubeFinder database Data Model version=2.1
2024-12-22 13:45:19,644 [INFO] ApiDb:669 - CubeFinder database Configuration version=3.0.39
2024-12-22 13:45:19,644 [INFO] ApiDb:670 - CubeFinder database generation date=2024-11-21 (1732182206)
2024-12-22 13:45:19,645 [INFO] ApiDb:671 - CubeFinder database FW Pack versions=[FP-ATR-ASTRA1_V2.0.0, FP-SNS-FLIGHT1_V5.0.2, FP-SNS-MOTENV1_V5.0.0, FP-SNS-MOTENVWB1_V1.4.0, FP-SNS-SMARTAG2_V1.2.0, FP-SNS-STBOX1_V2.0.0, STM32Cube_FW_C0_V1.3.0, STM32Cube_FW_F4_V1.28.1, STM32Cube_FW_F7_V1.17.2, STM32Cube_FW_G0_V1.6.2, STM32Cube_FW_G4_V1.6.1, STM32Cube_FW_H5_V1.4.0, STM32Cube_FW_H7RS_V1.1.0, STM32Cube_FW_H7_V1.12.0, STM32Cube_FW_L0_V1.12.2, STM32Cube_FW_L4_V1.18.1, STM32Cube_FW_L5_V1.5.1, STM32Cube_FW_N6_V1.0.0, STM32Cube_FW_U0_V1.2.0, STM32Cube_FW_U3_V1.0.0, STM32Cube_FW_U5_V1.7.0, STM32Cube_FW_WB0_V1.1.0, STM32Cube_FW_WBA_V1.5.0, STM32Cube_FW_WB_V1.21.0, STM32Cube_FW_WL3_V1.0.0, STM32Cube_FW_WL_V1.3.0, X-CUBE-ALGOBUILD_V1.4.0, X-CUBE-ALS_V1.0.2, X-CUBE-AZRTOS-F4_V1.1.0, X-CUBE-AZRTOS-F7_V1.1.0, X-CUBE-AZRTOS-G0_V1.1.0, X-CUBE-AZRTOS-G4_V2.0.0, X-CUBE-AZRTOS-H7RS_V1.0.0, X-CUBE-AZRTOS-H7_V3.3.0, X-CUBE-AZRTOS-L4_V2.0.0, X-CUBE-AZRTOS-L5_V2.0.0, X-CUBE-AZRTOS-WB_V2.0.0, X-CUBE-AZRTOS-WL_V2.0.0, X-CUBE-BLE1_V7.0.0, X-CUBE-BLE2_V3.3.0, X-CUBE-BLEMGR_V3.1.0, X-CUBE-EEPRMA1_V5.1.0, X-CUBE-FREERTOS_V1.2.0, X-CUBE-GNSS1_V6.0.0, X-CUBE-MEMS1_V11.0.0, X-CUBE-NFC4_V3.0.0, X-CUBE-NFC7_V1.0.1, X-CUBE-SFXS2LP1_V4.0.0, X-CUBE-SUBG2_V5.0.0, X-CUBE-TOF1_V3.4.2]
2024-12-22 13:45:19,874 [INFO] DbBoardsSqlite:226 - include board P-NUCLEO-WB55-NUCLEO as a kit item of type 'Nucleo-64'
2024-12-22 13:45:19,874 [INFO] DbBoardsSqlite:226 - include board P-NUCLEO-WB55-USBDONGLE as a kit item of type 'Nucleo USB Dongle'
2024-12-22 13:45:19,877 [INFO] DbBoardsSqlite:226 - include board STEVAL-IDP005V1 as a kit item of type 'Evaluation Board'
2024-12-22 13:45:19,878 [INFO] DbBoardsSqlite:226 - include board STEVAL-IDP005V2 as a kit item of type 'Evaluation Board'
2024-12-22 13:45:20,196 [INFO] ApiDb:240 - Found 646 in-development CPN: [B-G473E-ZEST1S, B-WB1M-WPAN1, B-WL5M-SUBG1, NUCLEO-C031C6, NUCLEO-C071RB, NUCLEO-H503RB, NUCLEO-H533RE, NUCLEO-H563ZI, NUCLEO-H7S3L8, NUCLEO-U031R8, NUCLEO-U083RC, NUCLEO-U545RE-Q, NUCLEO-U5A5ZJ-Q, NUCLEO-WB05KZ, NUCLEO-WB07CC, NUCLEO-WB09KE, NUCLEO-WBA52CG, NUCLEO-WBA55CG, STEVAL-PROTEUS1, STEVAL-SMARTAG2, STEVAL-STWINBX1, STM320518-EVAL, STM32C0116-DK, STM32C011D6Y3TR, STM32C011D6Y6TR, STM32C011F4P3, STM32C011F4P6, STM32C011F4U3, STM32C011F4U6TR, STM32C011F6P3, STM32C011F6P6, STM32C011F6U3, STM32C011F6U6TR, STM32C011J4M3, STM32C011J4M6, STM32C011J6M3, STM32C011J6M6, STM32C0316-DK, STM32C031C4T3, STM32C031C4T6, STM32C031C4U3, STM32C031C4U6, STM32C031C6T3, STM32C031C6T6, STM32C031C6U3, STM32C031C6U6, STM32C031F4P3, STM32C031F4P6, STM32C031F6P3, STM32C031F6P6, STM32C031G4U3, STM32C031G4U6, STM32C031G6U3, STM32C031G6U6, STM32C031K4T3, STM32C031K4T6, STM32C031K4U3, STM32C031K4U6, STM32C031K6T3, STM32C031K6T6, STM32C031K6U3, STM32C031K6U6, STM32C071C8T6, STM32C071C8T6N, STM32C071C8U6, STM32C071C8U6N, STM32C071CBT6, STM32C071CBT6N, STM32C071CBU6, STM32C071CBU6N, STM32C071F8P6, STM32C071F8P6N, STM32C071FBP6, STM32C071FBP6N, STM32C071FBY6TR, STM32C071G8U6, STM32C071G8U6N, STM32C071GBU6, STM32C071GBU6N, STM32C071K8T6, STM32C071K8T6N, STM32C071K8U6, STM32C071K8U6N, STM32C071KBT6, STM32C071KBT6N, STM32C071KBU6, STM32C071KBU6N, STM32C071R8T6, STM32C071R8T6N, STM32C071RBI6N, STM32C071RBT6, STM32C071RBT6N, STM32G071K8TXN, STM32G071K8UXN, STM32G081GBU6N, STM32G081KBT6N, STM32G081KBUXN, STM32G0B1CCT6N, STM32G0B1KCT6, STM32G0B1NEY6TR, STM32G0B1RCT6N, STM32G0C1CCT6, STM32G0C1CCT6N, STM32G0C1CCU6N, STM32G0C1CET6N, STM32G0C1CEU6N, STM32G0C1KCT6, STM32G0C1NEY6TR, STM32G0C1RCI6N, STM32G0C1RCT6N, STM32G0C1REI6N, STM32G0C1RET6N, STM32G0C1VCI6, STM32G0C1VEI6, STM32G411C6T3, STM32G411C6T6, STM32G411C6U3, STM32G411C6U6, STM32G411C8T3, STM32G411C8T6, STM32G411C8U3, STM32G411C8U6, STM32G411CBT3, STM32G411CBT6, STM32G411CBU3, STM32G411CBU6, STM32G411K6T3, STM32G411K6T6, STM32G411K6U3, STM32G411K6U6, STM32G411K8T3, STM32G411K8T6, STM32G411K8U3, STM32G411K8U6, STM32G411KBT3, STM32G411KBT6, STM32G411KBU3, STM32G411KBU6, STM32G411M6T3, STM32G411M6T6, STM32G411M8T3, STM32G411M8T6, STM32G411MBT3, STM32G411MBT6, STM32G411R6T3, STM32G411R6T6, STM32G411R8T3, STM32G411R8T6, STM32G411RBT3, STM32G411RBT6, STM32G414CBT3, STM32G414CBT6, STM32G414CBU3, STM32G414CBU6, STM32G414CCT3, STM32G414CCT6, STM32G414CCU3, STM32G414CCU6, STM32G414MBT3, STM32G414MBT6, STM32G414MCT3, STM32G414MCT6, STM32G414RBT3, STM32G414RBT6, STM32G414RCT3, STM32G414RCT6, STM32G414VBT3, STM32G414VBT6, STM32G414VCT3, STM32G414VCT6, STM32G431CBT3Z, STM32G431RBT3Z, STM32G471CCT6, STM32G471CCU6, STM32G471CET3, STM32G471CET6, STM32G471CEU3, STM32G471CEU6, STM32G471MCT6, STM32G471MET3, STM32G471MET6, STM32G471MEY6TR, STM32G471QCT6, STM32G471QET3, STM32G471RCT6, STM32G471RET3, STM32G471RET6, STM32G471VCH6, STM32G471VCI6, STM32G471VCT6, STM32G471VEH3, STM32G471VEH6, STM32G471VEI3, STM32G471VEI6, STM32G471VET3, STM32G471VET6, STM32G473QET3Z, STM32G473RET3Z, STM32G474CCT6, STM32G491RET3Z, STM32H503CBT6, STM32H503CBU6, STM32H503EBY6TR, STM32H503KBU6, STM32H503RBT6, STM32H523CCT6, STM32H523CCU6, STM32H523CET6, STM32H523CEU6, STM32H523HEY6TR, STM32H523RCT6, STM32H523RET6, STM32H523VCI6, STM32H523VCT6, STM32H523VEI6, STM32H523VET6, STM32H523ZCJ6, STM32H523ZCT6, STM32H523ZEJ6, STM32H523ZET6, STM32H533CET6, STM32H533CEU6, STM32H533HEY6TR, STM32H533RET6, STM32H533VEI6, STM32H533VET6, STM32H533ZEJ6, STM32H533ZET6, STM32H562AGI6, STM32H562AII6, STM32H562IGK6, STM32H562IGT6, STM32H562IIK6, STM32H562IIT6, STM32H562RGT6, STM32H562RGV6, STM32H562RIT6, STM32H562RIV6, STM32H562VGT6, STM32H562VIT6, STM32H562ZGT6, STM32H562ZIT6, STM32H563AGI6, STM32H563AII3Q, STM32H563AII6, STM32H563IGK6, STM32H563IGT6, STM32H563IIK3Q, STM32H563IIK6, STM32H563IIT3Q, STM32H563IIT6, STM32H563MIY3QTR, STM32H563RGT6, STM32H563RGV6, STM32H563RIT6, STM32H563RIV6, STM32H563VGT6, STM32H563VIT3Q, STM32H563VIT6, STM32H563ZGT6, STM32H563ZIT3Q, STM32H563ZIT6, STM32H573AII3Q, STM32H573AII6, STM32H573I-DK, STM32H573IIK3Q, STM32H573IIK6, STM32H573IIT3Q, STM32H573IIT6, STM32H573MIY3QTR, STM32H573RIT6, STM32H573RIV6, STM32H573VIT3Q, STM32H573VIT6, STM32H573ZIT3Q, STM32H573ZIT6, STM32H7R3A8I6, STM32H7R3I8K6, STM32H7R3I8T6, STM32H7R3L8H6, STM32H7R3L8H6H, STM32H7R3R8V6, STM32H7R3V8H6, STM32H7R3V8T6, STM32H7R3V8Y6TR, STM32H7R3Z8J6, STM32H7R3Z8T6, STM32H7R7A8I6, STM32H7R7I8K6, STM32H7R7I8T6, STM32H7R7L8H6, STM32H7R7L8H6H, STM32H7R7Z8J6, STM32H7S3A8I6, STM32H7S3I8K6, STM32H7S3I8T6, STM32H7S3L8H6, STM32H7S3L8H6H, STM32H7S3R8V6, STM32H7S3V8H6, STM32H7S3V8T6, STM32H7S3V8Y6TR, STM32H7S3Z8J6, STM32H7S3Z8T6, STM32H7S78-DK, STM32H7S7A8I6, STM32H7S7I8K6, STM32H7S7I8T6, STM32H7S7L8H6, STM32H7S7L8H6H, STM32H7S7Z8J6, STM32L4R5QGI6STR, STM32MP131AAE3, STM32MP131AAF3, STM32MP131AAG3, STM32MP131CAE3, STM32MP131CAF3, STM32MP131CAG3, STM32MP131DAE7, STM32MP131DAF7, STM32MP131DAG7, STM32MP131FAE7, STM32MP131FAF7, STM32MP131FAG7, STM32MP133AAE3, STM32MP133AAF3, STM32MP133AAG3, STM32MP133CAE3, STM32MP133CAF3, STM32MP133CAG3, STM32MP133DAE7, STM32MP133DAF7, STM32MP133DAG7, STM32MP133FAE7, STM32MP133FAF7, STM32MP133FAG7, STM32MP135AAE3, STM32MP135AAF3, STM32MP135AAG3, STM32MP135CAE3, STM32MP135CAF3, STM32MP135CAG3, STM32MP135DAE7, STM32MP135DAF7, STM32MP135DAG7, STM32MP135F-DK, STM32MP135FAE7, STM32MP135FAF7, STM32MP135FAF7T, STM32MP135FAF7U, STM32MP135FAG7, STM32MP251AAI3, STM32MP251AAK3, STM32MP251AAL3, STM32MP251CAI3, STM32MP251CAK3, STM32MP251CAL3, STM32MP251DAI3, STM32MP251DAK3, STM32MP251DAL3, STM32MP251FAI3, STM32MP251FAK3, STM32MP251FAL3, STM32MP253AAI3, STM32MP253AAK3, STM32MP253AAL3, STM32MP253CAI3, STM32MP253CAK3, STM32MP253CAL3, STM32MP253DAI3, STM32MP253DAK3, STM32MP253DAL3, STM32MP253FAI3, STM32MP253FAK3, STM32MP253FAL3, STM32MP255AAI3, STM32MP255AAK3, STM32MP255AAL3, STM32MP255CAI3, STM32MP255CAK3, STM32MP255CAL3, STM32MP255DAI3, STM32MP255DAK3, STM32MP255DAL3, STM32MP255FAI3, STM32MP255FAK3, STM32MP255FAL3, STM32MP257AAI3, STM32MP257AAK3, STM32MP257AAL3, STM32MP257CAI3, STM32MP257CAK3, STM32MP257CAL3, STM32MP257DAI3, STM32MP257DAK3, STM32MP257DAL3, STM32MP257F-DK, STM32MP257F-EV1, STM32MP257FAI3, STM32MP257FAK3, STM32MP257FAL3, STM32U031C6T6, STM32U031C6U6, STM32U031C8T6, STM32U031C8U6, STM32U031F4P6, STM32U031F6P6, STM32U031F8P6, STM32U031G6Y6TR, STM32U031G8Y6TR, STM32U031K4U6, STM32U031K6U6, STM32U031K8U6, STM32U031R6I6, STM32U031R6T6, STM32U031R8I6, STM32U031R8T6, STM32U073C8T6, STM32U073C8U6, STM32U073CBT6, STM32U073CBU6, STM32U073CCT6, STM32U073CCU6, STM32U073H8Y6TR, STM32U073HBY6TR, STM32U073HCY6TR, STM32U073K8U6, STM32U073KBU6, STM32U073KCU6, STM32U073M8I6, STM32U073M8T6, STM32U073MBI6, STM32U073MBT6, STM32U073MCI6, STM32U073MCT6, STM32U073R8I6, STM32U073R8T6, STM32U073RBI6, STM32U073RBT6, STM32U073RCI6, STM32U073RCT6, STM32U083C-DK, STM32U083CCT6, STM32U083CCU6, STM32U083HCY6TR, STM32U083KCU6, STM32U083MCI6, STM32U083MCT6, STM32U083RCI6, STM32U083RCT6, STM32U535CBT6, STM32U535CBT6Q, STM32U535CBU6, STM32U535CBU6Q, STM32U535CCT6, STM32U535CCT6Q, STM32U535CCU6, STM32U535CCU6Q, STM32U535CET6, STM32U535CET6Q, STM32U535CEU6, STM32U535CEU6Q, STM32U535JEY6QTR, STM32U535NCY6QTR, STM32U535NEY6QTR, STM32U535RBI6, STM32U535RBI6Q, STM32U535RBT6, STM32U535RBT6Q, STM32U535RCI6, STM32U535RCI6Q, STM32U535RCT6, STM32U535RCT6Q, STM32U535REI6, STM32U535REI6Q, STM32U535RET6, STM32U535RET6Q, STM32U535VCI6, STM32U535VCI6Q, STM32U535VCT6, STM32U535VCT6Q, STM32U535VEI6, STM32U535VEI6Q, STM32U535VET6, STM32U535VET6Q, STM32U545CET6, STM32U545CET6Q, STM32U545CEU6, STM32U545CEU6Q, STM32U545JEY6QTR, STM32U545NEY6QTR, STM32U545REI6, STM32U545REI6Q, STM32U545RET6, STM32U545RET6Q, STM32U545VEI6, STM32U545VEI6Q, STM32U545VET6, STM32U545VET6Q, STM32U595AIH6, STM32U595AIH6Q, STM32U595AJH6, STM32U595AJH6Q, STM32U595QII6, STM32U595QII6Q, STM32U595QJI6, STM32U595QJI6Q, STM32U595RIT6, STM32U595RIT6Q, STM32U595RJT6, STM32U595RJT6Q, STM32U595VIT6, STM32U595VIT6Q, STM32U595VJT6, STM32U595VJT6Q, STM32U595ZIT6, STM32U595ZIT6Q, STM32U595ZIY6QTR, STM32U595ZJT6, STM32U595ZJT6Q, STM32U595ZJY6QTR, STM32U599BJY6QTR, STM32U599NIH6Q, STM32U599NJH6Q, STM32U599VIT6Q, STM32U599VJT6, STM32U599VJT6Q, STM32U599ZIT6Q, STM32U599ZIY6QTR, STM32U599ZJT6Q, STM32U599ZJY6QTR, STM32U5A5AJH6, STM32U5A5AJH6Q, STM32U5A5QII3Q , STM32U5A5QJI6, STM32U5A5QJI6Q, STM32U5A5RJT6, STM32U5A5RJT6Q, STM32U5A5VJT6, STM32U5A5VJT6Q, STM32U5A5ZJT6, STM32U5A5ZJT6Q, STM32U5A5ZJY6QTR, STM32U5A9BJY6QTR, STM32U5A9J-DK, STM32U5A9NJH6Q, STM32U5A9VJT6Q, STM32U5A9ZJT6Q, STM32U5A9ZJY6QTR, STM32U5F7VIT6, STM32U5F7VIT6Q, STM32U5F7VJT6, STM32U5F7VJT6Q, STM32U5F9BJY6QTR, STM32U5F9NJH6Q, STM32U5F9VIT6Q, STM32U5F9VJT6Q, STM32U5F9ZIJ6QTR, STM32U5F9ZIT6Q, STM32U5F9ZJJ6QTR, STM32U5F9ZJT6Q, STM32U5G7VJT6, STM32U5G7VJT6Q, STM32U5G9BJY6QTR, STM32U5G9J-DK1, STM32U5G9J-DK2, STM32U5G9NJH6Q, STM32U5G9VJT6Q, STM32U5G9ZJJ6QTR, STM32U5G9ZJT6Q, STM32WB05KZV6TR, STM32WB05KZV7TR, STM32WB05TZF6TR, STM32WB05TZF7TR, STM32WB06CCF6TR, STM32WB06CCF7TR, STM32WB06CCV6TR, STM32WB06CCV7TR, STM32WB06KCV6TR, STM32WB06KCV7TR, STM32WB07CCF6TR, STM32WB07CCF7TR, STM32WB07CCV6TR, STM32WB07CCV7TR, STM32WB07KCV6TR, STM32WB07KCV7TR, STM32WB09KEV6TR, STM32WB09KEV7TR, STM32WB09TEF6TR, STM32WB09TEF7TR, STM32WB1MMCH6, STM32WBA50KGU6, STM32WBA50KGU6TR, STM32WBA52CEU6, STM32WBA52CEU6TR, STM32WBA52CEU7, STM32WBA52CEU7TR, STM32WBA52CGU6, STM32WBA52CGU6TR, STM32WBA52CGU6U, STM32WBA52CGU7, STM32WBA52CGU7TR, STM32WBA52KEU6, STM32WBA52KEU6TR, STM32WBA52KGU6, STM32WBA52KGU6TR, STM32WBA54CEU6, STM32WBA54CEU6TR, STM32WBA54CEU7, STM32WBA54CEU7TR, STM32WBA54CGU6, STM32WBA54CGU6TR, STM32WBA54CGU7, STM32WBA54CGU7TR, STM32WBA54KEU6, STM32WBA54KEU6TR, STM32WBA54KEU7, STM32WBA54KEU7TR, STM32WBA54KGU6, STM32WBA54KGU6TR, STM32WBA54KGU7, STM32WBA54KGU7TR, STM32WBA55CEU6, STM32WBA55CEU6TR, STM32WBA55CEU7, STM32WBA55CEU7TR, STM32WBA55CGU6, STM32WBA55CGU6TR, STM32WBA55CGU6U, STM32WBA55CGU7, STM32WBA55CGU7TR, STM32WBA55G-DK1, STM32WBA55HEF6, STM32WBA55HEF7, STM32WBA55HGF6, STM32WBA55HGF7, STM32WBA55UEI6, STM32WBA55UEI6TR, STM32WBA55UEI7, STM32WBA55UEI7TR, STM32WBA55UGI6, STM32WBA55UGI6TR, STM32WBA55UGI7, STM32WBA55UGI7TR, STM32WL5MOCH6, STM32WL5MOCH6TR]
2024-12-22 13:45:20,200 [INFO] ApiDb:668 - CubeFinder database Data Model version=2.1
2024-12-22 13:45:20,200 [INFO] ApiDb:669 - CubeFinder database Configuration version=3.0.39
2024-12-22 13:45:20,200 [INFO] ApiDb:670 - CubeFinder database generation date=2024-11-21 (1732182206)
2024-12-22 13:45:20,200 [INFO] ApiDb:671 - CubeFinder database FW Pack versions=[FP-ATR-ASTRA1_V2.0.0, FP-SNS-FLIGHT1_V5.0.2, FP-SNS-MOTENV1_V5.0.0, FP-SNS-MOTENVWB1_V1.4.0, FP-SNS-SMARTAG2_V1.2.0, FP-SNS-STBOX1_V2.0.0, STM32Cube_FW_C0_V1.3.0, STM32Cube_FW_F4_V1.28.1, STM32Cube_FW_F7_V1.17.2, STM32Cube_FW_G0_V1.6.2, STM32Cube_FW_G4_V1.6.1, STM32Cube_FW_H5_V1.4.0, STM32Cube_FW_H7RS_V1.1.0, STM32Cube_FW_H7_V1.12.0, STM32Cube_FW_L0_V1.12.2, STM32Cube_FW_L4_V1.18.1, STM32Cube_FW_L5_V1.5.1, STM32Cube_FW_N6_V1.0.0, STM32Cube_FW_U0_V1.2.0, STM32Cube_FW_U3_V1.0.0, STM32Cube_FW_U5_V1.7.0, STM32Cube_FW_WB0_V1.1.0, STM32Cube_FW_WBA_V1.5.0, STM32Cube_FW_WB_V1.21.0, STM32Cube_FW_WL3_V1.0.0, STM32Cube_FW_WL_V1.3.0, X-CUBE-ALGOBUILD_V1.4.0, X-CUBE-ALS_V1.0.2, X-CUBE-AZRTOS-F4_V1.1.0, X-CUBE-AZRTOS-F7_V1.1.0, X-CUBE-AZRTOS-G0_V1.1.0, X-CUBE-AZRTOS-G4_V2.0.0, X-CUBE-AZRTOS-H7RS_V1.0.0, X-CUBE-AZRTOS-H7_V3.3.0, X-CUBE-AZRTOS-L4_V2.0.0, X-CUBE-AZRTOS-L5_V2.0.0, X-CUBE-AZRTOS-WB_V2.0.0, X-CUBE-AZRTOS-WL_V2.0.0, X-CUBE-BLE1_V7.0.0, X-CUBE-BLE2_V3.3.0, X-CUBE-BLEMGR_V3.1.0, X-CUBE-EEPRMA1_V5.1.0, X-CUBE-FREERTOS_V1.2.0, X-CUBE-GNSS1_V6.0.0, X-CUBE-MEMS1_V11.0.0, X-CUBE-NFC4_V3.0.0, X-CUBE-NFC7_V1.0.1, X-CUBE-SFXS2LP1_V4.0.0, X-CUBE-SUBG2_V5.0.0, X-CUBE-TOF1_V3.4.2]
2024-12-22 13:45:22,624 [INFO] ApiDb:240 - Found 646 in-development CPN: [B-G473E-ZEST1S, B-WB1M-WPAN1, B-WL5M-SUBG1, NUCLEO-C031C6, NUCLEO-C071RB, NUCLEO-H503RB, NUCLEO-H533RE, NUCLEO-H563ZI, NUCLEO-H7S3L8, NUCLEO-U031R8, NUCLEO-U083RC, NUCLEO-U545RE-Q, NUCLEO-U5A5ZJ-Q, NUCLEO-WB05KZ, NUCLEO-WB07CC, NUCLEO-WB09KE, NUCLEO-WBA52CG, NUCLEO-WBA55CG, STEVAL-PROTEUS1, STEVAL-SMARTAG2, STEVAL-STWINBX1, STM320518-EVAL, STM32C0116-DK, STM32C011D6Y3TR, STM32C011D6Y6TR, STM32C011F4P3, STM32C011F4P6, STM32C011F4U3, STM32C011F4U6TR, STM32C011F6P3, STM32C011F6P6, STM32C011F6U3, STM32C011F6U6TR, STM32C011J4M3, STM32C011J4M6, STM32C011J6M3, STM32C011J6M6, STM32C0316-DK, STM32C031C4T3, STM32C031C4T6, STM32C031C4U3, STM32C031C4U6, STM32C031C6T3, STM32C031C6T6, STM32C031C6U3, STM32C031C6U6, STM32C031F4P3, STM32C031F4P6, STM32C031F6P3, STM32C031F6P6, STM32C031G4U3, STM32C031G4U6, STM32C031G6U3, STM32C031G6U6, STM32C031K4T3, STM32C031K4T6, STM32C031K4U3, STM32C031K4U6, STM32C031K6T3, STM32C031K6T6, STM32C031K6U3, STM32C031K6U6, STM32C071C8T6, STM32C071C8T6N, STM32C071C8U6, STM32C071C8U6N, STM32C071CBT6, STM32C071CBT6N, STM32C071CBU6, STM32C071CBU6N, STM32C071F8P6, STM32C071F8P6N, STM32C071FBP6, STM32C071FBP6N, STM32C071FBY6TR, STM32C071G8U6, STM32C071G8U6N, STM32C071GBU6, STM32C071GBU6N, STM32C071K8T6, STM32C071K8T6N, STM32C071K8U6, STM32C071K8U6N, STM32C071KBT6, STM32C071KBT6N, STM32C071KBU6, STM32C071KBU6N, STM32C071R8T6, STM32C071R8T6N, STM32C071RBI6N, STM32C071RBT6, STM32C071RBT6N, STM32G071K8TXN, STM32G071K8UXN, STM32G081GBU6N, STM32G081KBT6N, STM32G081KBUXN, STM32G0B1CCT6N, STM32G0B1KCT6, STM32G0B1NEY6TR, STM32G0B1RCT6N, STM32G0C1CCT6, STM32G0C1CCT6N, STM32G0C1CCU6N, STM32G0C1CET6N, STM32G0C1CEU6N, STM32G0C1KCT6, STM32G0C1NEY6TR, STM32G0C1RCI6N, STM32G0C1RCT6N, STM32G0C1REI6N, STM32G0C1RET6N, STM32G0C1VCI6, STM32G0C1VEI6, STM32G411C6T3, STM32G411C6T6, STM32G411C6U3, STM32G411C6U6, STM32G411C8T3, STM32G411C8T6, STM32G411C8U3, STM32G411C8U6, STM32G411CBT3, STM32G411CBT6, STM32G411CBU3, STM32G411CBU6, STM32G411K6T3, STM32G411K6T6, STM32G411K6U3, STM32G411K6U6, STM32G411K8T3, STM32G411K8T6, STM32G411K8U3, STM32G411K8U6, STM32G411KBT3, STM32G411KBT6, STM32G411KBU3, STM32G411KBU6, STM32G411M6T3, STM32G411M6T6, STM32G411M8T3, STM32G411M8T6, STM32G411MBT3, STM32G411MBT6, STM32G411R6T3, STM32G411R6T6, STM32G411R8T3, STM32G411R8T6, STM32G411RBT3, STM32G411RBT6, STM32G414CBT3, STM32G414CBT6, STM32G414CBU3, STM32G414CBU6, STM32G414CCT3, STM32G414CCT6, STM32G414CCU3, STM32G414CCU6, STM32G414MBT3, STM32G414MBT6, STM32G414MCT3, STM32G414MCT6, STM32G414RBT3, STM32G414RBT6, STM32G414RCT3, STM32G414RCT6, STM32G414VBT3, STM32G414VBT6, STM32G414VCT3, STM32G414VCT6, STM32G431CBT3Z, STM32G431RBT3Z, STM32G471CCT6, STM32G471CCU6, STM32G471CET3, STM32G471CET6, STM32G471CEU3, STM32G471CEU6, STM32G471MCT6, STM32G471MET3, STM32G471MET6, STM32G471MEY6TR, STM32G471QCT6, STM32G471QET3, STM32G471RCT6, STM32G471RET3, STM32G471RET6, STM32G471VCH6, STM32G471VCI6, STM32G471VCT6, STM32G471VEH3, STM32G471VEH6, STM32G471VEI3, STM32G471VEI6, STM32G471VET3, STM32G471VET6, STM32G473QET3Z, STM32G473RET3Z, STM32G474CCT6, STM32G491RET3Z, STM32H503CBT6, STM32H503CBU6, STM32H503EBY6TR, STM32H503KBU6, STM32H503RBT6, STM32H523CCT6, STM32H523CCU6, STM32H523CET6, STM32H523CEU6, STM32H523HEY6TR, STM32H523RCT6, STM32H523RET6, STM32H523VCI6, STM32H523VCT6, STM32H523VEI6, STM32H523VET6, STM32H523ZCJ6, STM32H523ZCT6, STM32H523ZEJ6, STM32H523ZET6, STM32H533CET6, STM32H533CEU6, STM32H533HEY6TR, STM32H533RET6, STM32H533VEI6, STM32H533VET6, STM32H533ZEJ6, STM32H533ZET6, STM32H562AGI6, STM32H562AII6, STM32H562IGK6, STM32H562IGT6, STM32H562IIK6, STM32H562IIT6, STM32H562RGT6, STM32H562RGV6, STM32H562RIT6, STM32H562RIV6, STM32H562VGT6, STM32H562VIT6, STM32H562ZGT6, STM32H562ZIT6, STM32H563AGI6, STM32H563AII3Q, STM32H563AII6, STM32H563IGK6, STM32H563IGT6, STM32H563IIK3Q, STM32H563IIK6, STM32H563IIT3Q, STM32H563IIT6, STM32H563MIY3QTR, STM32H563RGT6, STM32H563RGV6, STM32H563RIT6, STM32H563RIV6, STM32H563VGT6, STM32H563VIT3Q, STM32H563VIT6, STM32H563ZGT6, STM32H563ZIT3Q, STM32H563ZIT6, STM32H573AII3Q, STM32H573AII6, STM32H573I-DK, STM32H573IIK3Q, STM32H573IIK6, STM32H573IIT3Q, STM32H573IIT6, STM32H573MIY3QTR, STM32H573RIT6, STM32H573RIV6, STM32H573VIT3Q, STM32H573VIT6, STM32H573ZIT3Q, STM32H573ZIT6, STM32H7R3A8I6, STM32H7R3I8K6, STM32H7R3I8T6, STM32H7R3L8H6, STM32H7R3L8H6H, STM32H7R3R8V6, STM32H7R3V8H6, STM32H7R3V8T6, STM32H7R3V8Y6TR, STM32H7R3Z8J6, STM32H7R3Z8T6, STM32H7R7A8I6, STM32H7R7I8K6, STM32H7R7I8T6, STM32H7R7L8H6, STM32H7R7L8H6H, STM32H7R7Z8J6, STM32H7S3A8I6, STM32H7S3I8K6, STM32H7S3I8T6, STM32H7S3L8H6, STM32H7S3L8H6H, STM32H7S3R8V6, STM32H7S3V8H6, STM32H7S3V8T6, STM32H7S3V8Y6TR, STM32H7S3Z8J6, STM32H7S3Z8T6, STM32H7S78-DK, STM32H7S7A8I6, STM32H7S7I8K6, STM32H7S7I8T6, STM32H7S7L8H6, STM32H7S7L8H6H, STM32H7S7Z8J6, STM32L4R5QGI6STR, STM32MP131AAE3, STM32MP131AAF3, STM32MP131AAG3, STM32MP131CAE3, STM32MP131CAF3, STM32MP131CAG3, STM32MP131DAE7, STM32MP131DAF7, STM32MP131DAG7, STM32MP131FAE7, STM32MP131FAF7, STM32MP131FAG7, STM32MP133AAE3, STM32MP133AAF3, STM32MP133AAG3, STM32MP133CAE3, STM32MP133CAF3, STM32MP133CAG3, STM32MP133DAE7, STM32MP133DAF7, STM32MP133DAG7, STM32MP133FAE7, STM32MP133FAF7, STM32MP133FAG7, STM32MP135AAE3, STM32MP135AAF3, STM32MP135AAG3, STM32MP135CAE3, STM32MP135CAF3, STM32MP135CAG3, STM32MP135DAE7, STM32MP135DAF7, STM32MP135DAG7, STM32MP135F-DK, STM32MP135FAE7, STM32MP135FAF7, STM32MP135FAF7T, STM32MP135FAF7U, STM32MP135FAG7, STM32MP251AAI3, STM32MP251AAK3, STM32MP251AAL3, STM32MP251CAI3, STM32MP251CAK3, STM32MP251CAL3, STM32MP251DAI3, STM32MP251DAK3, STM32MP251DAL3, STM32MP251FAI3, STM32MP251FAK3, STM32MP251FAL3, STM32MP253AAI3, STM32MP253AAK3, STM32MP253AAL3, STM32MP253CAI3, STM32MP253CAK3, STM32MP253CAL3, STM32MP253DAI3, STM32MP253DAK3, STM32MP253DAL3, STM32MP253FAI3, STM32MP253FAK3, STM32MP253FAL3, STM32MP255AAI3, STM32MP255AAK3, STM32MP255AAL3, STM32MP255CAI3, STM32MP255CAK3, STM32MP255CAL3, STM32MP255DAI3, STM32MP255DAK3, STM32MP255DAL3, STM32MP255FAI3, STM32MP255FAK3, STM32MP255FAL3, STM32MP257AAI3, STM32MP257AAK3, STM32MP257AAL3, STM32MP257CAI3, STM32MP257CAK3, STM32MP257CAL3, STM32MP257DAI3, STM32MP257DAK3, STM32MP257DAL3, STM32MP257F-DK, STM32MP257F-EV1, STM32MP257FAI3, STM32MP257FAK3, STM32MP257FAL3, STM32U031C6T6, STM32U031C6U6, STM32U031C8T6, STM32U031C8U6, STM32U031F4P6, STM32U031F6P6, STM32U031F8P6, STM32U031G6Y6TR, STM32U031G8Y6TR, STM32U031K4U6, STM32U031K6U6, STM32U031K8U6, STM32U031R6I6, STM32U031R6T6, STM32U031R8I6, STM32U031R8T6, STM32U073C8T6, STM32U073C8U6, STM32U073CBT6, STM32U073CBU6, STM32U073CCT6, STM32U073CCU6, STM32U073H8Y6TR, STM32U073HBY6TR, STM32U073HCY6TR, STM32U073K8U6, STM32U073KBU6, STM32U073KCU6, STM32U073M8I6, STM32U073M8T6, STM32U073MBI6, STM32U073MBT6, STM32U073MCI6, STM32U073MCT6, STM32U073R8I6, STM32U073R8T6, STM32U073RBI6, STM32U073RBT6, STM32U073RCI6, STM32U073RCT6, STM32U083C-DK, STM32U083CCT6, STM32U083CCU6, STM32U083HCY6TR, STM32U083KCU6, STM32U083MCI6, STM32U083MCT6, STM32U083RCI6, STM32U083RCT6, STM32U535CBT6, STM32U535CBT6Q, STM32U535CBU6, STM32U535CBU6Q, STM32U535CCT6, STM32U535CCT6Q, STM32U535CCU6, STM32U535CCU6Q, STM32U535CET6, STM32U535CET6Q, STM32U535CEU6, STM32U535CEU6Q, STM32U535JEY6QTR, STM32U535NCY6QTR, STM32U535NEY6QTR, STM32U535RBI6, STM32U535RBI6Q, STM32U535RBT6, STM32U535RBT6Q, STM32U535RCI6, STM32U535RCI6Q, STM32U535RCT6, STM32U535RCT6Q, STM32U535REI6, STM32U535REI6Q, STM32U535RET6, STM32U535RET6Q, STM32U535VCI6, STM32U535VCI6Q, STM32U535VCT6, STM32U535VCT6Q, STM32U535VEI6, STM32U535VEI6Q, STM32U535VET6, STM32U535VET6Q, STM32U545CET6, STM32U545CET6Q, STM32U545CEU6, STM32U545CEU6Q, STM32U545JEY6QTR, STM32U545NEY6QTR, STM32U545REI6, STM32U545REI6Q, STM32U545RET6, STM32U545RET6Q, STM32U545VEI6, STM32U545VEI6Q, STM32U545VET6, STM32U545VET6Q, STM32U595AIH6, STM32U595AIH6Q, STM32U595AJH6, STM32U595AJH6Q, STM32U595QII6, STM32U595QII6Q, STM32U595QJI6, STM32U595QJI6Q, STM32U595RIT6, STM32U595RIT6Q, STM32U595RJT6, STM32U595RJT6Q, STM32U595VIT6, STM32U595VIT6Q, STM32U595VJT6, STM32U595VJT6Q, STM32U595ZIT6, STM32U595ZIT6Q, STM32U595ZIY6QTR, STM32U595ZJT6, STM32U595ZJT6Q, STM32U595ZJY6QTR, STM32U599BJY6QTR, STM32U599NIH6Q, STM32U599NJH6Q, STM32U599VIT6Q, STM32U599VJT6, STM32U599VJT6Q, STM32U599ZIT6Q, STM32U599ZIY6QTR, STM32U599ZJT6Q, STM32U599ZJY6QTR, STM32U5A5AJH6, STM32U5A5AJH6Q, STM32U5A5QII3Q , STM32U5A5QJI6, STM32U5A5QJI6Q, STM32U5A5RJT6, STM32U5A5RJT6Q, STM32U5A5VJT6, STM32U5A5VJT6Q, STM32U5A5ZJT6, STM32U5A5ZJT6Q, STM32U5A5ZJY6QTR, STM32U5A9BJY6QTR, STM32U5A9J-DK, STM32U5A9NJH6Q, STM32U5A9VJT6Q, STM32U5A9ZJT6Q, STM32U5A9ZJY6QTR, STM32U5F7VIT6, STM32U5F7VIT6Q, STM32U5F7VJT6, STM32U5F7VJT6Q, STM32U5F9BJY6QTR, STM32U5F9NJH6Q, STM32U5F9VIT6Q, STM32U5F9VJT6Q, STM32U5F9ZIJ6QTR, STM32U5F9ZIT6Q, STM32U5F9ZJJ6QTR, STM32U5F9ZJT6Q, STM32U5G7VJT6, STM32U5G7VJT6Q, STM32U5G9BJY6QTR, STM32U5G9J-DK1, STM32U5G9J-DK2, STM32U5G9NJH6Q, STM32U5G9VJT6Q, STM32U5G9ZJJ6QTR, STM32U5G9ZJT6Q, STM32WB05KZV6TR, STM32WB05KZV7TR, STM32WB05TZF6TR, STM32WB05TZF7TR, STM32WB06CCF6TR, STM32WB06CCF7TR, STM32WB06CCV6TR, STM32WB06CCV7TR, STM32WB06KCV6TR, STM32WB06KCV7TR, STM32WB07CCF6TR, STM32WB07CCF7TR, STM32WB07CCV6TR, STM32WB07CCV7TR, STM32WB07KCV6TR, STM32WB07KCV7TR, STM32WB09KEV6TR, STM32WB09KEV7TR, STM32WB09TEF6TR, STM32WB09TEF7TR, STM32WB1MMCH6, STM32WBA50KGU6, STM32WBA50KGU6TR, STM32WBA52CEU6, STM32WBA52CEU6TR, STM32WBA52CEU7, STM32WBA52CEU7TR, STM32WBA52CGU6, STM32WBA52CGU6TR, STM32WBA52CGU6U, STM32WBA52CGU7, STM32WBA52CGU7TR, STM32WBA52KEU6, STM32WBA52KEU6TR, STM32WBA52KGU6, STM32WBA52KGU6TR, STM32WBA54CEU6, STM32WBA54CEU6TR, STM32WBA54CEU7, STM32WBA54CEU7TR, STM32WBA54CGU6, STM32WBA54CGU6TR, STM32WBA54CGU7, STM32WBA54CGU7TR, STM32WBA54KEU6, STM32WBA54KEU6TR, STM32WBA54KEU7, STM32WBA54KEU7TR, STM32WBA54KGU6, STM32WBA54KGU6TR, STM32WBA54KGU7, STM32WBA54KGU7TR, STM32WBA55CEU6, STM32WBA55CEU6TR, STM32WBA55CEU7, STM32WBA55CEU7TR, STM32WBA55CGU6, STM32WBA55CGU6TR, STM32WBA55CGU6U, STM32WBA55CGU7, STM32WBA55CGU7TR, STM32WBA55G-DK1, STM32WBA55HEF6, STM32WBA55HEF7, STM32WBA55HGF6, STM32WBA55HGF7, STM32WBA55UEI6, STM32WBA55UEI6TR, STM32WBA55UEI7, STM32WBA55UEI7TR, STM32WBA55UGI6, STM32WBA55UGI6TR, STM32WBA55UGI7, STM32WBA55UGI7TR, STM32WL5MOCH6, STM32WL5MOCH6TR]
2024-12-22 13:45:22,630 [INFO] DbMcus:218 - Found 4389 MCUs, 4389 are supported
2024-12-22 13:45:22,630 [INFO] ApiDb:423 - Load user favorites file C:\Users\hyn02/.stm32cubeide/favorites.mcus.txt: 0 item(s)
2024-12-22 13:45:22,631 [INFO] ApiDb:427 - User favorites MCUs=[]
2024-12-22 13:45:22,631 [INFO] DbMcus:224 - Set 0 / 0 favorites MCUs
2024-12-22 13:45:23,231 [INFO] BoardInfo:889 - No configuration file found for board P-NUCLEO-WB55
2024-12-22 13:45:23,232 [INFO] DbBoards:161 - Kit is not supported: P-NUCLEO-WB55
2024-12-22 13:45:23,236 [INFO] BoardInfo:889 - No configuration file found for board STEVAL-BFA001V1B
2024-12-22 13:45:23,236 [INFO] DbBoards:161 - Kit is not supported: STEVAL-BFA001V1B
2024-12-22 13:45:23,239 [INFO] BoardInfo:889 - No configuration file found for board STEVAL-BFA001V2B
2024-12-22 13:45:23,241 [INFO] DbBoards:161 - Kit is not supported: STEVAL-BFA001V2B
2024-12-22 13:45:23,479 [INFO] DbBoards:168 - Found 201 boards, 198 are supported
2024-12-22 13:45:23,479 [INFO] DbBoards:169 - Found 201 boards, 25 of them is supported for  Bsp
2024-12-22 13:45:23,481 [INFO] ApiDb:414 - User favorites file not found: C:\Users\hyn02/.stm32cubeide/favorites.boards.txt
2024-12-22 13:45:23,481 [INFO] DbBoards:198 - Set 0 / 0 favorites Boards
2024-12-22 13:45:23,522 [INFO] UtilMem:75 - End LoadConfig() Used Memory: 333985000 Bytes (533725184)
2024-12-22 13:45:23,693 [WARN] ThirdParty:833 - waiting for thirdparty lock release [change project]
2024-12-22 13:45:23,693 [INFO] ThirdParty:835 - entering critical section [change project]
2024-12-22 13:45:23,693 [INFO] ThirdParty:1030 - CMSIS Pack Vendor :STMicroelectronics USBPD 4.1
2024-12-22 13:45:23,694 [INFO] ThirdParty:1030 - CMSIS Pack Vendor :STMicroelectronics X-CUBE-AZRTOS-H7 3.3.0
2024-12-22 13:45:23,694 [INFO] ThirdParty:1030 - CMSIS Pack Vendor :STMicroelectronics X-CUBE-NFC9 1.0.0
2024-12-22 13:45:23,694 [INFO] ThirdParty:1030 - CMSIS Pack Vendor :STMicroelectronics USB_HOST 2.0.0
2024-12-22 13:45:23,694 [INFO] ThirdParty:1030 - CMSIS Pack Vendor :STMicroelectronics FP-SNS-MOTENVWB1 1.4.0
2024-12-22 13:45:23,694 [INFO] ThirdParty:1030 - CMSIS Pack Vendor :STMicroelectronics X-CUBE-AZRTOS-F4 1.1.0
2024-12-22 13:45:23,694 [INFO] ThirdParty:1030 - CMSIS Pack Vendor :STMicroelectronics LIBJPEG 8.0.0
2024-12-22 13:45:23,694 [INFO] ThirdParty:1030 - CMSIS Pack Vendor :STMicroelectronics FP-ATR-ASTRA1 2.0.1
2024-12-22 13:45:23,694 [INFO] ThirdParty:1030 - CMSIS Pack Vendor :STMicroelectronics X-CUBE-SMBUS 2.1.0
2024-12-22 13:45:23,694 [INFO] ThirdParty:1030 - CMSIS Pack Vendor :STMicroelectronics X-CUBE-WB05N 1.1.0
2024-12-22 13:45:23,694 [INFO] ThirdParty:1030 - CMSIS Pack Vendor :STMicroelectronics USB_DEVICE 3.0.0
2024-12-22 13:45:23,694 [INFO] ThirdParty:1030 - CMSIS Pack Vendor :STMicroelectronics X-CUBE-TCPP 4.1.0
2024-12-22 13:45:23,694 [INFO] ThirdParty:1030 - CMSIS Pack Vendor :STMicroelectronics X-CUBE-ISPU 2.1.0
2024-12-22 13:45:23,694 [INFO] ThirdParty:1030 - CMSIS Pack Vendor :STMicroelectronics X-CUBE-FREERTOS 1.2.0
2024-12-22 13:45:23,694 [INFO] ThirdParty:1030 - CMSIS Pack Vendor :STMicroelectronics X-CUBE-IPS 3.0.0
2024-12-22 13:45:23,694 [INFO] ThirdParty:1030 - CMSIS Pack Vendor :STMicroelectronics X-CUBE-AZRTOS-WB 2.0.0
2024-12-22 13:45:23,694 [INFO] ThirdParty:1030 - CMSIS Pack Vendor :STMicroelectronics X-CUBE-GNSS1 7.0.0
2024-12-22 13:45:23,694 [INFO] ThirdParty:1030 - CMSIS Pack Vendor :STMicroelectronics X-CUBE-GNSS1 7.0.1
2024-12-22 13:45:23,694 [INFO] ThirdParty:1030 - CMSIS Pack Vendor :STMicroelectronics X-CUBE-AZRTOS-F7 1.1.0
2024-12-22 13:45:23,694 [INFO] ThirdParty:1030 - CMSIS Pack Vendor :STMicroelectronics X-CUBE-AZRTOS-L5 2.0.0
2024-12-22 13:45:23,694 [INFO] ThirdParty:1030 - CMSIS Pack Vendor :STMicroelectronics USB_DEVICE 2.0.0
2024-12-22 13:45:23,694 [INFO] ThirdParty:1030 - CMSIS Pack Vendor :STMicroelectronics X-CUBE-NFC6 3.1.0
2024-12-22 13:45:23,694 [INFO] ThirdParty:1030 - CMSIS Pack Vendor :STMicroelectronics FP-SNS-STBOX1 2.0.0
2024-12-22 13:45:23,694 [INFO] ThirdParty:1030 - CMSIS Pack Vendor :STMicroelectronics X-CUBE-MEMS1 11.0.0
2024-12-22 13:45:23,694 [INFO] ThirdParty:1030 - CMSIS Pack Vendor :STMicroelectronics FreeRTOS 0.0.1
2024-12-22 13:45:23,694 [INFO] ThirdParty:1030 - CMSIS Pack Vendor :STMicroelectronics X-CUBE-AZRTOS-G0 1.1.0
2024-12-22 13:45:23,694 [INFO] ThirdParty:1030 - CMSIS Pack Vendor :STMicroelectronics X-CUBE-SAFEA1 1.2.2
2024-12-22 13:45:23,695 [INFO] ThirdParty:1030 - CMSIS Pack Vendor :STMicroelectronics X-CUBE-NFC4 3.0.0
2024-12-22 13:45:23,695 [INFO] ThirdParty:1030 - CMSIS Pack Vendor :STMicroelectronics X-CUBE-DPower 1.2.0
2024-12-22 13:45:23,695 [INFO] ThirdParty:1030 - CMSIS Pack Vendor :STMicroelectronics X-CUBE-SUBG2 5.0.0
2024-12-22 13:45:23,695 [INFO] ThirdParty:1030 - CMSIS Pack Vendor :STMicroelectronics STM32_WPAN 1.0.0
2024-12-22 13:45:23,695 [INFO] ThirdParty:1030 - CMSIS Pack Vendor :EmbeddedOffice I-CUBE-FS-RTOS 1.0.1
2024-12-22 13:45:23,695 [INFO] ThirdParty:1030 - CMSIS Pack Vendor :STMicroelectronics lwIP 2.0.3
2024-12-22 13:45:23,695 [INFO] ThirdParty:1030 - CMSIS Pack Vendor :STMicroelectronics FP-SNS-FLIGHT1 5.0.2
2024-12-22 13:45:23,695 [INFO] ThirdParty:1030 - CMSIS Pack Vendor :Cesanta I-CUBE-Mongoose 7.13.0
2024-12-22 13:45:23,695 [INFO] ThirdParty:1030 - CMSIS Pack Vendor :STMicroelectronics USB_HOST 1.0.0
2024-12-22 13:45:23,695 [INFO] ThirdParty:1030 - CMSIS Pack Vendor :STMicroelectronics X-CUBE-AI 9.0.0
2024-12-22 13:45:23,695 [INFO] ThirdParty:1030 - CMSIS Pack Vendor :STMicroelectronics X-CUBE-AZRTOS-G4 2.0.0
2024-12-22 13:45:23,695 [INFO] ThirdParty:1030 - CMSIS Pack Vendor :STMicroelectronics PDM2PCM 3.1.0
2024-12-22 13:45:23,695 [INFO] ThirdParty:1030 - CMSIS Pack Vendor :STMicroelectronics PDM2PCM 3.3.0
2024-12-22 13:45:23,695 [INFO] ThirdParty:1030 - CMSIS Pack Vendor :STMicroelectronics X-CUBE-DISPLAY 3.0.0
2024-12-22 13:45:23,695 [INFO] ThirdParty:1030 - CMSIS Pack Vendor :RealThread X-CUBE-RT-Thread_Nano 4.1.1
2024-12-22 13:45:23,695 [INFO] ThirdParty:1030 - CMSIS Pack Vendor :STMicroelectronics X-CUBE-BLE1 7.0.0
2024-12-22 13:45:23,695 [INFO] ThirdParty:1030 - CMSIS Pack Vendor :STMicroelectronics FP-ATR-SIGFOX1 3.2.0
2024-12-22 13:45:23,695 [INFO] ThirdParty:1030 - CMSIS Pack Vendor :STMicroelectronics X-CUBE-NFC10 1.0.0
2024-12-22 13:45:23,695 [INFO] ThirdParty:1030 - CMSIS Pack Vendor :wolfSSL I-CUBE-wolfSSL 5.7.2
2024-12-22 13:45:23,695 [INFO] ThirdParty:1030 - CMSIS Pack Vendor :quantropi X-CUBE-qispace-sdk-base 1.9.3
2024-12-22 13:45:23,695 [INFO] ThirdParty:1030 - CMSIS Pack Vendor :STMicroelectronics X-CUBE-ISPU 2.0.0
2024-12-22 13:45:23,695 [INFO] ThirdParty:1030 - CMSIS Pack Vendor :STMicroelectronics X-CUBE-BLEMGR 4.0.0
2024-12-22 13:45:23,695 [INFO] ThirdParty:1030 - CMSIS Pack Vendor :STMicroelectronics X-CUBE-EEPRMA1 5.1.0
2024-12-22 13:45:23,695 [INFO] ThirdParty:1030 - CMSIS Pack Vendor :STMicroelectronics HAL Drivers 0.0.0
2024-12-22 13:45:23,695 [INFO] ThirdParty:1030 - CMSIS Pack Vendor :STMicroelectronics MBEDTLS 2.16.2
2024-12-22 13:45:23,695 [INFO] ThirdParty:1030 - CMSIS Pack Vendor :STMicroelectronics X-CUBE-ALS 1.0.2
2024-12-22 13:45:23,695 [INFO] ThirdParty:1030 - CMSIS Pack Vendor :emotas I-CUBE-CANOPEN 1.3.0
2024-12-22 13:45:23,696 [INFO] ThirdParty:1030 - CMSIS Pack Vendor :STMicroelectronics X-CUBE-FREERTOS 1.3.0
2024-12-22 13:45:23,696 [INFO] ThirdParty:1030 - CMSIS Pack Vendor :STMicroelectronics X-CUBE-NFC7 1.0.1
2024-12-22 13:45:23,696 [INFO] ThirdParty:1030 - CMSIS Pack Vendor :STMicroelectronics MBEDTLS 2.14.1
2024-12-22 13:45:23,696 [INFO] ThirdParty:1030 - CMSIS Pack Vendor :STMicroelectronics X-CUBE-TOUCHGFX 4.24.0
2024-12-22 13:45:23,696 [INFO] ThirdParty:1030 - CMSIS Pack Vendor :ITTIA_DB I-CUBE-ITTIADB 8.9.0
2024-12-22 13:45:23,696 [INFO] ThirdParty:1030 - CMSIS Pack Vendor :STMicroelectronics X-CUBE-TOUCHGFX 4.24.1
2024-12-22 13:45:23,696 [INFO] ThirdParty:1030 - CMSIS Pack Vendor :wolfSSL I-CUBE-wolfTPM 3.4.0
2024-12-22 13:45:23,696 [INFO] ThirdParty:1030 - CMSIS Pack Vendor :portGmbH I-Cube-SoM-uGOAL 1.1.0
2024-12-22 13:45:23,696 [INFO] ThirdParty:1030 - CMSIS Pack Vendor :STMicroelectronics X-CUBE-BLEMGR 3.1.0
2024-12-22 13:45:23,696 [INFO] ThirdParty:1030 - CMSIS Pack Vendor :STMicroelectronics ThreadX 1.0.0
2024-12-22 13:45:23,696 [INFO] ThirdParty:1030 - CMSIS Pack Vendor :STMicroelectronics FP-SNS-SMARTAG2 1.2.0
2024-12-22 13:45:23,696 [INFO] ThirdParty:1030 - CMSIS Pack Vendor :STMicroelectronics X-CUBE-MEMS1 11.1.0
2024-12-22 13:45:23,696 [INFO] ThirdParty:1030 - CMSIS Pack Vendor :STMicroelectronics X-CUBE-AZRTOS-WL 2.0.0
2024-12-22 13:45:23,696 [INFO] ThirdParty:1030 - CMSIS Pack Vendor :SEGGER I-CUBE-embOS 1.3.1
2024-12-22 13:45:23,696 [INFO] ThirdParty:1030 - CMSIS Pack Vendor :STMicroelectronics X-CUBE-ALGOBUILD 1.4.0
2024-12-22 13:45:23,696 [INFO] ThirdParty:1030 - CMSIS Pack Vendor :STMicroelectronics FP-SNS-MOTENV1 5.0.0
2024-12-22 13:45:23,696 [INFO] ThirdParty:1030 - CMSIS Pack Vendor :STMicroelectronics USB_DEVICE 1.0.0
2024-12-22 13:45:23,696 [INFO] ThirdParty:1030 - CMSIS Pack Vendor :STMicroelectronics X-CUBE-AZRTOS-H7RS 1.0.0
2024-12-22 13:45:23,696 [INFO] ThirdParty:1030 - CMSIS Pack Vendor :wolfSSL I-CUBE-wolfMQTT 1.19.0
2024-12-22 13:45:23,696 [INFO] ThirdParty:1030 - CMSIS Pack Vendor :STMicroelectronics X-CUBE-AZRTOS-L4 2.0.0
2024-12-22 13:45:23,696 [INFO] ThirdParty:1030 - CMSIS Pack Vendor :STMicroelectronics ThreadX 0.0.2
2024-12-22 13:45:23,696 [INFO] ThirdParty:1030 - CMSIS Pack Vendor :WES I-CUBE-Cesium 1.3.0
2024-12-22 13:45:23,696 [INFO] ThirdParty:1030 - CMSIS Pack Vendor :STMicroelectronics FP-ATR-ASTRA1 2.0.0
2024-12-22 13:45:23,696 [INFO] ThirdParty:1030 - CMSIS Pack Vendor :STMicroelectronics lwIP 2.1.2
2024-12-22 13:45:23,697 [INFO] ThirdParty:1030 - CMSIS Pack Vendor :STMicroelectronics X-CUBE-SFXS2LP1 4.0.0
2024-12-22 13:45:23,697 [INFO] ThirdParty:1030 - CMSIS Pack Vendor :STMicroelectronics X-CUBE-BLE2 3.3.0
2024-12-22 13:45:23,697 [INFO] ThirdParty:1030 - CMSIS Pack Vendor :STMicroelectronics X-CUBE-TOF1 3.4.2
2024-12-22 13:45:23,697 [INFO] ThirdParty:1030 - CMSIS Pack Vendor :STMicroelectronics X-CUBE-AI 9.1.0
2024-12-22 13:45:23,697 [INFO] ThirdParty:1030 - CMSIS Pack Vendor :Infineon AIROC-Wi-Fi-Bluetooth-STM32 1.6.1
2024-12-22 13:45:23,697 [INFO] ThirdParty:1030 - CMSIS Pack Vendor :STMicroelectronics PDM2PCM 3.2.0
2024-12-22 13:45:23,697 [INFO] ThirdParty:1030 - CMSIS Pack Vendor :wolfSSL I-CUBE-wolfSSH 1.4.17
2024-12-22 13:45:23,697 [INFO] ThirdParty:841 - exiting critical section [change project]
2024-12-22 13:45:24,146 [INFO] PinOutPanel:1561 - setPackage(No Configuration,No Configuration)
2024-12-22 13:45:24,146 [INFO] PinOutPanel:1561 - setPackage(STM32F405RGTx,LQFP64)
2024-12-22 13:45:24,760 [INFO] UtilMem:75 - Before build in PCC Used Memory: 340839296 Bytes (533725184)
2024-12-22 13:45:25,683 [INFO] UtilMem:75 - After build in PCC Used Memory: 314463776 Bytes (533725184)
2024-12-22 13:45:25,722 [INFO] IPUIPlugin:80 - create IPUIPlugin
2024-12-22 13:45:25,722 [INFO] IPUIPlugin:80 - create IPUIPlugin
2024-12-22 13:45:25,722 [INFO] IPUIPlugin:80 - create IPUIPlugin
2024-12-22 13:45:25,722 [INFO] IPUIPlugin:80 - create IPUIPlugin
2024-12-22 13:45:25,722 [INFO] IPUIPlugin:80 - create IPUIPlugin
2024-12-22 13:45:25,722 [INFO] IPUIPlugin:80 - create IPUIPlugin
2024-12-22 13:45:25,722 [INFO] IPUIPlugin:80 - create IPUIPlugin
2024-12-22 13:45:25,722 [INFO] IPUIPlugin:80 - create IPUIPlugin
2024-12-22 13:45:25,723 [INFO] IPUIPlugin:80 - create IPUIPlugin
2024-12-22 13:45:25,723 [INFO] IPUIPlugin:80 - create IPUIPlugin
2024-12-22 13:45:25,723 [INFO] IPUIPlugin:80 - create IPUIPlugin
2024-12-22 13:45:25,723 [INFO] IPUIPlugin:80 - create IPUIPlugin
2024-12-22 13:45:25,723 [INFO] IPUIPlugin:80 - create IPUIPlugin
2024-12-22 13:45:25,723 [INFO] IPUIPlugin:80 - create IPUIPlugin
2024-12-22 13:45:25,723 [INFO] IPUIPlugin:80 - create IPUIPlugin
2024-12-22 13:45:25,723 [INFO] IPUIPlugin:80 - create IPUIPlugin
2024-12-22 13:45:25,723 [INFO] IPUIPlugin:80 - create IPUIPlugin
2024-12-22 13:45:25,724 [INFO] IPUIPlugin:80 - create IPUIPlugin
2024-12-22 13:45:25,724 [INFO] IPUIPlugin:80 - create IPUIPlugin
2024-12-22 13:45:25,724 [INFO] IPUIPlugin:80 - create IPUIPlugin
2024-12-22 13:45:25,724 [INFO] IPUIPlugin:80 - create IPUIPlugin
2024-12-22 13:45:25,724 [INFO] IPUIPlugin:80 - create IPUIPlugin
2024-12-22 13:45:25,724 [INFO] IPUIPlugin:80 - create IPUIPlugin
2024-12-22 13:45:25,726 [INFO] IPUIPlugin:80 - create IPUIPlugin
2024-12-22 13:45:25,726 [INFO] IPUIPlugin:80 - create IPUIPlugin
2024-12-22 13:45:25,726 [INFO] IPUIPlugin:80 - create IPUIPlugin
2024-12-22 13:45:25,726 [INFO] IPUIPlugin:80 - create IPUIPlugin
2024-12-22 13:45:25,727 [INFO] IPUIPlugin:80 - create IPUIPlugin
2024-12-22 13:45:25,727 [INFO] IPUIPlugin:80 - create IPUIPlugin
2024-12-22 13:45:25,727 [INFO] IPUIPlugin:80 - create IPUIPlugin
2024-12-22 13:45:25,727 [INFO] IPUIPlugin:80 - create IPUIPlugin
2024-12-22 13:45:25,728 [INFO] IPUIPlugin:80 - create IPUIPlugin
2024-12-22 13:45:25,728 [INFO] IPUIPlugin:80 - create IPUIPlugin
2024-12-22 13:45:25,728 [INFO] IPUIPlugin:80 - create IPUIPlugin
2024-12-22 13:45:25,728 [INFO] IPUIPlugin:80 - create IPUIPlugin
2024-12-22 13:45:25,728 [INFO] IPUIPlugin:80 - create IPUIPlugin
2024-12-22 13:45:25,729 [INFO] IPUIPlugin:80 - create IPUIPlugin
2024-12-22 13:45:25,729 [INFO] IPUIPlugin:80 - create IPUIPlugin
2024-12-22 13:45:25,729 [INFO] IPUIPlugin:80 - create IPUIPlugin
2024-12-22 13:45:25,729 [INFO] IPUIPlugin:80 - create IPUIPlugin
2024-12-22 13:45:25,730 [INFO] IPUIPlugin:80 - create IPUIPlugin
2024-12-22 13:45:25,730 [INFO] IPUIPlugin:80 - create IPUIPlugin
2024-12-22 13:45:25,730 [INFO] IPUIPlugin:80 - create IPUIPlugin
2024-12-22 13:45:25,730 [INFO] IPUIPlugin:80 - create IPUIPlugin
2024-12-22 13:45:25,732 [INFO] IPUIPlugin:80 - create IPUIPlugin
2024-12-22 13:45:25,732 [INFO] IPUIPlugin:80 - create IPUIPlugin
2024-12-22 13:45:25,732 [INFO] IPUIPlugin:80 - create IPUIPlugin
2024-12-22 13:45:25,733 [INFO] IPUIPlugin:80 - create IPUIPlugin
2024-12-22 13:45:25,733 [INFO] IPUIPlugin:80 - create IPUIPlugin
2024-12-22 13:45:25,733 [INFO] IPUIPlugin:80 - create IPUIPlugin
2024-12-22 13:45:25,734 [INFO] IPUIPlugin:80 - create IPUIPlugin
2024-12-22 13:45:25,734 [INFO] IPUIPlugin:80 - create IPUIPlugin
2024-12-22 13:45:25,735 [INFO] IPUIPlugin:80 - create IPUIPlugin
2024-12-22 13:45:25,735 [INFO] IPUIPlugin:80 - create IPUIPlugin
2024-12-22 13:45:25,813 [INFO] ApiDbMcu:508 - Load IP Config File for PDM2PCM
2024-12-22 13:45:26,063 [INFO] CADModel:165 - CPN selected for project levelSTM32F405RGT6
2024-12-22 13:45:26,064 [INFO] CADModel:114 - Register for checkConnection events
2024-12-22 13:45:26,102 [INFO] OpenFileManager:363 - Restore cursor
2024-12-22 13:45:51,967 [INFO] NvicIntPanel:101 - NVIC parent = com.st.microxplorer.plugins.ip.nvic.MultiNvicIntPanel[,0,0,0x0,invalid,layout=javax.swing.BoxLayout,alignmentX=0.0,alignmentY=0.0,border=,flags=9,maximumSize=,minimumSize=,preferredSize=]
2024-12-22 13:46:31,047 [INFO] NvicIntPanel:101 - NVIC parent = com.st.microxplorer.plugins.ip.nvic.MultiNvicIntPanel[,0,0,450x515,layout=javax.swing.BoxLayout,alignmentX=0.0,alignmentY=0.0,border=,flags=9,maximumSize=,minimumSize=,preferredSize=]
2024-12-22 13:46:32,111 [INFO] NvicIntPanel:101 - NVIC parent = com.st.microxplorer.plugins.ip.nvic.MultiNvicIntPanel[,0,0,0x0,invalid,layout=javax.swing.BoxLayout,alignmentX=0.0,alignmentY=0.0,border=,flags=9,maximumSize=,minimumSize=,preferredSize=]
2024-12-22 13:47:50,410 [INFO] NvicIntPanel:101 - NVIC parent = com.st.microxplorer.plugins.ip.nvic.MultiNvicIntPanel[,0,0,0x0,invalid,layout=javax.swing.BoxLayout,alignmentX=0.0,alignmentY=0.0,border=,flags=9,maximumSize=,minimumSize=,preferredSize=]
2024-12-22 13:47:55,707 [INFO] UtilMem:75 - End SaveConfig() Used Memory: 620295160 Bytes (1073741824)
2024-12-22 13:47:56,515 [INFO] UtilMem:75 - End SaveConfig() Used Memory: 644087424 Bytes (1073741824)
2024-12-22 13:47:58,100 [INFO] UtilMem:75 - End SaveConfig() Used Memory: 682358400 Bytes (1073741824)
2024-12-22 13:47:58,656 [INFO] BlockDiagram:2766 - set Specific Code input for plugin: SPI
2024-12-22 13:47:58,656 [INFO] BlockDiagram:2766 - set Specific Code input for plugin: SPI
2024-12-22 13:47:58,656 [INFO] BlockDiagram:2766 - set Specific Code input for plugin: SPI
2024-12-22 13:47:58,656 [INFO] BlockDiagram:2766 - set Specific Code input for plugin: TIM1_8
2024-12-22 13:47:58,656 [INFO] BlockDiagram:2766 - set Specific Code input for plugin: SYS
2024-12-22 13:47:58,656 [INFO] BlockDiagram:2766 - set Specific Code input for plugin: RCC
2024-12-22 13:47:58,656 [INFO] BlockDiagram:2766 - set Specific Code input for plugin: NVIC
2024-12-22 13:47:58,656 [INFO] BlockDiagram:2766 - set Specific Code input for plugin: USART
2024-12-22 13:47:58,656 [INFO] BlockDiagram:2766 - set Specific Code input for plugin: UART
2024-12-22 13:47:58,656 [INFO] BlockDiagram:2766 - set Specific Code input for plugin: UART
2024-12-22 13:47:58,657 [INFO] BlockDiagram:2766 - set Specific Code input for plugin: GPIO
2024-12-22 13:47:58,657 [INFO] CodeGenerator:807 - code generatio: config db path: C:\ST\STM32CubeIDE_1.16.0\STM32CubeIDE\plugins\com.st.stm32cube.common.mx_6.12.0.202406281431\\db\
2024-12-22 13:47:59,049 [INFO] CodeEngine:255 - oldGeneratedFile, C:\project_drone\Project_drone\MXTmpFiles\license.tmp_save
2024-12-22 13:47:59,427 [INFO] CodeEngine:279 - Generated code: C:\project_drone\Project_drone\MXTmpFiles\license.tmp
2024-12-22 13:47:59,587 [INFO] CodeEngine:255 - oldGeneratedFile, C:\project_drone\Project_drone\Core\Src\gpio.c_save
2024-12-22 13:47:59,773 [INFO] CodeEngine:279 - Generated code: C:\project_drone\Project_drone\Core\Src\gpio.c
2024-12-22 13:47:59,801 [INFO] CodeEngine:255 - oldGeneratedFile, C:\project_drone\Project_drone\Core\Inc\gpio.h_save
2024-12-22 13:47:59,918 [INFO] CodeEngine:279 - Generated code: C:\project_drone\Project_drone\Core\Inc\gpio.h
2024-12-22 13:48:00,939 [INFO] CodeEngine:255 - oldGeneratedFile, C:\project_drone\Project_drone\Core\Src\spi.c_save
2024-12-22 13:48:01,168 [INFO] CodeEngine:279 - Generated code: C:\project_drone\Project_drone\Core\Src\spi.c
2024-12-22 13:48:01,200 [INFO] CodeEngine:255 - oldGeneratedFile, C:\project_drone\Project_drone\Core\Inc\spi.h_save
2024-12-22 13:48:01,312 [INFO] CodeEngine:279 - Generated code: C:\project_drone\Project_drone\Core\Inc\spi.h
2024-12-22 13:48:01,332 [INFO] CodeEngine:255 - oldGeneratedFile, C:\project_drone\Project_drone\Core\Src\tim.c_save
2024-12-22 13:48:01,463 [INFO] CodeEngine:279 - Generated code: C:\project_drone\Project_drone\Core\Src\tim.c
2024-12-22 13:48:01,468 [INFO] CodeEngine:255 - oldGeneratedFile, C:\project_drone\Project_drone\Core\Inc\tim.h_save
2024-12-22 13:48:01,550 [INFO] CodeEngine:279 - Generated code: C:\project_drone\Project_drone\Core\Inc\tim.h
2024-12-22 13:48:01,568 [INFO] CodeEngine:255 - oldGeneratedFile, C:\project_drone\Project_drone\Core\Src\usart.c_save
2024-12-22 13:48:01,704 [INFO] CodeEngine:279 - Generated code: C:\project_drone\Project_drone\Core\Src\usart.c
2024-12-22 13:48:01,711 [INFO] CodeEngine:255 - oldGeneratedFile, C:\project_drone\Project_drone\Core\Inc\usart.h_save
2024-12-22 13:48:01,808 [INFO] CodeEngine:279 - Generated code: C:\project_drone\Project_drone\Core\Inc\usart.h
2024-12-22 13:48:01,839 [INFO] CodeEngine:255 - oldGeneratedFile, C:\project_drone\Project_drone\Core\Src\stm32f4xx_it.c_save
2024-12-22 13:48:01,993 [INFO] CodeEngine:279 - Generated code: C:\project_drone\Project_drone\Core\Src\stm32f4xx_it.c
2024-12-22 13:48:02,023 [INFO] CodeEngine:255 - oldGeneratedFile, C:\project_drone\Project_drone\Core\Inc\stm32f4xx_it.h_save
2024-12-22 13:48:02,112 [INFO] CodeEngine:279 - Generated code: C:\project_drone\Project_drone\Core\Inc\stm32f4xx_it.h
2024-12-22 13:48:02,145 [INFO] CodeEngine:255 - oldGeneratedFile, C:\project_drone\Project_drone\Core\Src\stm32f4xx_hal_msp.c_save
2024-12-22 13:48:02,239 [INFO] CodeEngine:279 - Generated code: C:\project_drone\Project_drone\Core\Src\stm32f4xx_hal_msp.c
2024-12-22 13:48:02,249 [INFO] CodeEngine:255 - oldGeneratedFile, C:\project_drone\Project_drone\MXTmpFiles\system.tmp_save
2024-12-22 13:48:02,306 [INFO] CodeEngine:279 - Generated code: C:\project_drone\Project_drone\MXTmpFiles\system.tmp
2024-12-22 13:48:02,331 [INFO] CodeEngine:255 - oldGeneratedFile, C:\project_drone\Project_drone\Core\Inc\stm32_assert.h_save
2024-12-22 13:48:02,394 [INFO] CodeEngine:279 - Generated code: C:\project_drone\Project_drone\Core\Inc\stm32_assert.h
2024-12-22 13:48:02,422 [INFO] CodeEngine:311 - oldGeneratedFile, C:\project_drone\Project_drone\Core\Inc\stm32f4xx_hal_conf.h_save
2024-12-22 13:48:02,520 [INFO] CodeEngine:335 - Generated code: C:\project_drone\Project_drone\Core\Inc\stm32f4xx_hal_conf.h
2024-12-22 13:48:02,597 [INFO] CodeEngine:255 - oldGeneratedFile, C:\project_drone\Project_drone\Core\Inc\main.h_save
2024-12-22 13:48:02,702 [INFO] CodeEngine:279 - Generated code: C:\project_drone\Project_drone\Core\Inc\main.h
2024-12-22 13:48:02,727 [INFO] CodeEngine:255 - oldGeneratedFile, C:\project_drone\Project_drone\Core\Src\main.c_save
2024-12-22 13:48:02,876 [INFO] CodeEngine:279 - Generated code: C:\project_drone\Project_drone\Core\Src\main.c
2024-12-22 13:48:03,155 [INFO] ProjectBuilder:3249 - Time for Copy HAL[1] : 149mS.
2024-12-22 13:48:03,161 [INFO] ProjectBuilder:4828 - Project Generator version: 4.4.0-B60
2024-12-22 13:48:03,237 [INFO] ConfigFileManager:1531 - The Die is : DIE413
2024-12-22 13:48:03,252 [INFO] ApiDbMcu:508 - Load IP Config File for FATFS
2024-12-22 13:48:03,265 [INFO] ApiDbMcu:508 - Load IP Config File for FREERTOS
2024-12-22 13:48:03,275 [INFO] ApiDbMcu:508 - Load IP Config File for LIBJPEG
2024-12-22 13:48:03,290 [INFO] ApiDbMcu:508 - Load IP Config File for MBEDTLS
2024-12-22 13:48:03,308 [INFO] ApiDbMcu:508 - Load IP Config File for USB_DEVICE
2024-12-22 13:48:03,321 [INFO] ApiDbMcu:508 - Load IP Config File for USB_HOST
2024-12-22 13:48:04,014 [INFO] LogOutputStream:77 - [STDOUT_REDIRECT] 
2024-12-22 13:48:05,854 [INFO] ProjectBuilder:5097 - Time for Generating toolchain IDE Files: 2693mS.
2024-12-22 13:48:05,855 [INFO] ProjectBuilder:3107 - Time for Copy CMSIS : 1mS.
2024-12-22 13:48:05,859 [INFO] ProjectBuilder:3107 - Time for Copy CMSIS : 0mS.
2024-12-22 14:57:41,544 [INFO] NvicIntPanel:101 - NVIC parent = com.st.microxplorer.plugins.ip.nvic.MultiNvicIntPanel[,0,0,450x277,layout=javax.swing.BoxLayout,alignmentX=0.0,alignmentY=0.0,border=,flags=9,maximumSize=,minimumSize=,preferredSize=]
2024-12-22 16:36:31,531 [INFO] WebApp:189 - Connection lost
2024-12-22 16:36:31,731 [INFO] WebApp:186 - Connection restablished
2024-12-22 19:00:19,135 [INFO] WebApp:189 - Connection lost
2024-12-22 19:00:25,723 [INFO] WebApp:186 - Connection restablished
2024-12-22 22:01:44,790 [INFO] WebApp:189 - Connection lost
2024-12-22 22:01:51,234 [INFO] WebApp:186 - Connection restablished
2024-12-22 22:41:03,188 [INFO] WebApp:189 - Connection lost
2024-12-22 22:41:03,403 [INFO] WebApp:186 - Connection restablished
