2024-12-21 08:33:10,660 [INFO] NvicIntPanel:101 - NVIC parent = com.st.microxplorer.plugins.ip.nvic.MultiNvicIntPanel[,0,0,0x0,invalid,layout=javax.swing.BoxLayout,alignmentX=0.0,alignmentY=0.0,border=,flags=9,maximumSize=,minimumSize=,preferredSize=]
2024-12-21 08:33:14,177 [INFO] UtilMem:75 - End SaveConfig() Used Memory: 733722872 Bytes (1073741824)
2024-12-21 08:33:14,849 [INFO] UtilMem:75 - End SaveConfig() Used Memory: 758527016 Bytes (1073741824)
2024-12-21 08:33:15,676 [INFO] UtilMem:75 - End SaveConfig() Used Memory: 796275752 Bytes (1073741824)
2024-12-21 08:33:15,828 [INFO] BlockDiagram:2766 - set Specific Code input for plugin: SPI
2024-12-21 08:33:15,828 [INFO] BlockDiagram:2766 - set Specific Code input for plugin: SPI
2024-12-21 08:33:15,828 [INFO] BlockDiagram:2766 - set Specific Code input for plugin: SPI
2024-12-21 08:33:15,828 [INFO] BlockDiagram:2766 - set Specific Code input for plugin: TIM1_8
2024-12-21 08:33:15,828 [INFO] BlockDiagram:2766 - set Specific Code input for plugin: SYS
2024-12-21 08:33:15,828 [INFO] BlockDiagram:2766 - set Specific Code input for plugin: RCC
2024-12-21 08:33:15,828 [INFO] BlockDiagram:2766 - set Specific Code input for plugin: NVIC
2024-12-21 08:33:15,828 [INFO] BlockDiagram:2766 - set Specific Code input for plugin: USART
2024-12-21 08:33:15,828 [INFO] BlockDiagram:2766 - set Specific Code input for plugin: UART
2024-12-21 08:33:15,828 [INFO] BlockDiagram:2766 - set Specific Code input for plugin: GPIO
2024-12-21 08:33:15,829 [INFO] CodeGenerator:807 - code generatio: config db path: C:\ST\STM32CubeIDE_1.16.0\STM32CubeIDE\plugins\com.st.stm32cube.common.mx_6.12.0.202406281431\\db\
2024-12-21 08:33:15,969 [INFO] CodeEngine:255 - oldGeneratedFile, C:\project_drone\Project_drone\MXTmpFiles\license.tmp_save
2024-12-21 08:33:16,132 [INFO] CodeEngine:279 - Generated code: C:\project_drone\Project_drone\MXTmpFiles\license.tmp
2024-12-21 08:33:16,273 [INFO] CodeEngine:255 - oldGeneratedFile, C:\project_drone\Project_drone\Core\Src\gpio.c_save
2024-12-21 08:33:16,415 [INFO] CodeEngine:279 - Generated code: C:\project_drone\Project_drone\Core\Src\gpio.c
2024-12-21 08:33:16,437 [INFO] CodeEngine:255 - oldGeneratedFile, C:\project_drone\Project_drone\Core\Inc\gpio.h_save
2024-12-21 08:33:16,557 [INFO] CodeEngine:279 - Generated code: C:\project_drone\Project_drone\Core\Inc\gpio.h
2024-12-21 08:33:17,106 [INFO] CodeEngine:255 - oldGeneratedFile, C:\project_drone\Project_drone\Core\Src\spi.c_save
2024-12-21 08:33:17,326 [INFO] CodeEngine:279 - Generated code: C:\project_drone\Project_drone\Core\Src\spi.c
2024-12-21 08:33:17,362 [INFO] CodeEngine:255 - oldGeneratedFile, C:\project_drone\Project_drone\Core\Inc\spi.h_save
2024-12-21 08:33:17,491 [INFO] CodeEngine:279 - Generated code: C:\project_drone\Project_drone\Core\Inc\spi.h
2024-12-21 08:33:17,526 [INFO] CodeEngine:255 - oldGeneratedFile, C:\project_drone\Project_drone\Core\Src\tim.c_save
2024-12-21 08:33:17,633 [INFO] CodeEngine:279 - Generated code: C:\project_drone\Project_drone\Core\Src\tim.c
2024-12-21 08:33:17,639 [INFO] CodeEngine:255 - oldGeneratedFile, C:\project_drone\Project_drone\Core\Inc\tim.h_save
2024-12-21 08:33:17,727 [INFO] CodeEngine:279 - Generated code: C:\project_drone\Project_drone\Core\Inc\tim.h
2024-12-21 08:33:17,747 [INFO] CodeEngine:255 - oldGeneratedFile, C:\project_drone\Project_drone\Core\Src\usart.c_save
2024-12-21 08:33:17,867 [INFO] CodeEngine:279 - Generated code: C:\project_drone\Project_drone\Core\Src\usart.c
2024-12-21 08:33:17,872 [INFO] CodeEngine:255 - oldGeneratedFile, C:\project_drone\Project_drone\Core\Inc\usart.h_save
2024-12-21 08:33:17,957 [INFO] CodeEngine:279 - Generated code: C:\project_drone\Project_drone\Core\Inc\usart.h
2024-12-21 08:33:17,990 [INFO] CodeEngine:255 - oldGeneratedFile, C:\project_drone\Project_drone\Core\Src\stm32f4xx_it.c_save
2024-12-21 08:33:18,187 [INFO] CodeEngine:279 - Generated code: C:\project_drone\Project_drone\Core\Src\stm32f4xx_it.c
2024-12-21 08:33:18,214 [INFO] CodeEngine:255 - oldGeneratedFile, C:\project_drone\Project_drone\Core\Inc\stm32f4xx_it.h_save
2024-12-21 08:33:18,304 [INFO] CodeEngine:279 - Generated code: C:\project_drone\Project_drone\Core\Inc\stm32f4xx_it.h
2024-12-21 08:33:18,340 [INFO] CodeEngine:255 - oldGeneratedFile, C:\project_drone\Project_drone\Core\Src\stm32f4xx_hal_msp.c_save
2024-12-21 08:33:18,446 [INFO] CodeEngine:279 - Generated code: C:\project_drone\Project_drone\Core\Src\stm32f4xx_hal_msp.c
2024-12-21 08:33:18,459 [INFO] CodeEngine:255 - oldGeneratedFile, C:\project_drone\Project_drone\MXTmpFiles\system.tmp_save
2024-12-21 08:33:18,520 [INFO] CodeEngine:279 - Generated code: C:\project_drone\Project_drone\MXTmpFiles\system.tmp
2024-12-21 08:33:18,557 [INFO] CodeEngine:255 - oldGeneratedFile, C:\project_drone\Project_drone\Core\Inc\stm32_assert.h_save
2024-12-21 08:33:18,618 [INFO] CodeEngine:279 - Generated code: C:\project_drone\Project_drone\Core\Inc\stm32_assert.h
2024-12-21 08:33:18,647 [INFO] CodeEngine:311 - oldGeneratedFile, C:\project_drone\Project_drone\Core\Inc\stm32f4xx_hal_conf.h_save
2024-12-21 08:33:18,754 [INFO] CodeEngine:335 - Generated code: C:\project_drone\Project_drone\Core\Inc\stm32f4xx_hal_conf.h
2024-12-21 08:33:18,821 [INFO] CodeEngine:255 - oldGeneratedFile, C:\project_drone\Project_drone\Core\Inc\main.h_save
2024-12-21 08:33:18,916 [INFO] CodeEngine:279 - Generated code: C:\project_drone\Project_drone\Core\Inc\main.h
2024-12-21 08:33:18,944 [INFO] CodeEngine:255 - oldGeneratedFile, C:\project_drone\Project_drone\Core\Src\main.c_save
2024-12-21 08:33:19,052 [INFO] CodeEngine:279 - Generated code: C:\project_drone\Project_drone\Core\Src\main.c
2024-12-21 08:33:19,370 [INFO] ProjectBuilder:3249 - Time for Copy HAL[1] : 169mS.
2024-12-21 08:33:19,373 [INFO] ProjectBuilder:4828 - Project Generator version: 4.4.0-B60
2024-12-21 08:33:19,456 [INFO] ConfigFileManager:1531 - The Die is : DIE413
2024-12-21 08:33:21,698 [INFO] ProjectBuilder:5097 - Time for Generating toolchain IDE Files: 2325mS.
2024-12-21 08:33:21,699 [INFO] ProjectBuilder:3107 - Time for Copy CMSIS : 0mS.
2024-12-21 08:33:21,702 [INFO] ProjectBuilder:3107 - Time for Copy CMSIS : 0mS.
2024-12-21 09:00:31,161 [INFO] WebApp:388 - JxBrowser engine has been closed 
2024-12-21 09:02:16,476 [INFO] Activator:176 - 


2024-12-21 09:02:16,478 [INFO] Activator:177 - !SESSION log4j initialized
2024-12-21 09:02:24,769 [INFO] LogOutputStream:77 - [STDOUT_REDIRECT] 
2024-12-21 09:02:28,116 [INFO] ApplicationProperties:184 - Using Application install path: C:\ST\STM32CubeIDE_1.16.0\STM32CubeIDE\plugins\com.st.stm32cube.common.mx_6.12.0.202406281431
2024-12-21 09:02:28,137 [INFO] DbMcusXml:78 - Set database path to: C:\ST\STM32CubeIDE_1.16.0\STM32CubeIDE\plugins\com.st.stm32cube.common.mx_6.12.0.202406281431\\db\/mcu/
2024-12-21 09:02:28,137 [INFO] ApiDb:274 - Set plugin database path to: C:\ST\STM32CubeIDE_1.16.0\STM32CubeIDE\plugins\com.st.stm32cube.common.mx_6.12.0.202406281431\\db\/plugins/boardmanager/
2024-12-21 09:02:28,137 [WARN] ApiDb:259 - Overriding images path with different value:  => C:\ST\STM32CubeIDE_1.16.0\STM32CubeIDE\plugins\com.st.stm32cube.common.mx_6.12.0.202406281431\\db\/plugins/mcufinder/images/
2024-12-21 09:02:28,147 [INFO] ApiDb:250 - Set database path to: C:\Users\hyn02\.stmcufinder\plugins\mcufinder//mcu/
2024-12-21 09:02:28,148 [INFO] DbMcusAds:125 - Set database path to: C:\Users\hyn02\.stmcufinder\plugins\mcufinder//mcu/
2024-12-21 09:02:28,151 [INFO] CrossReferenceDbSqlite:203 - Set database path to: C:\Users\hyn02\.stmcufinder\plugins\mcufinder//mcu/cs/
2024-12-21 09:02:28,267 [INFO] RulesReader:64 - Compatibility file has been processed (297 Rules)
2024-12-21 09:02:28,357 [INFO] DbMcusXml:78 - Set database path to: C:\ST\STM32CubeIDE_1.16.0\STM32CubeIDE\plugins\com.st.stm32cube.common.mx_6.12.0.202406281431\\db\/mcu/
2024-12-21 09:02:28,357 [INFO] ApiDb:274 - Set plugin database path to: C:\ST\STM32CubeIDE_1.16.0\STM32CubeIDE\plugins\com.st.stm32cube.common.mx_6.12.0.202406281431\\db\/plugins/boardmanager/
2024-12-21 09:02:28,357 [INFO] ApiDb:261 - Set plugin images path to: C:\ST\STM32CubeIDE_1.16.0\STM32CubeIDE\plugins\com.st.stm32cube.common.mx_6.12.0.202406281431\\db\/plugins/mcufinder/images/
2024-12-21 09:02:28,357 [WARN] DbFile:41 - Overriding database path with different value: C:\Users\hyn02\.stmcufinder\plugins\mcufinder/ => C:\Users\hyn02\.stmcufinder\plugins\mcufinder
2024-12-21 09:02:28,357 [INFO] ApiDb:250 - Set database path to: C:\Users\hyn02\.stmcufinder\plugins\mcufinder//mcu/
2024-12-21 09:02:28,357 [WARN] DbFile:41 - Overriding database path with different value: C:\Users\hyn02\.stmcufinder\plugins\mcufinder/ => C:\Users\hyn02\.stmcufinder\plugins\mcufinder
2024-12-21 09:02:28,357 [INFO] DbMcusAds:125 - Set database path to: C:\Users\hyn02\.stmcufinder\plugins\mcufinder//mcu/
2024-12-21 09:02:28,358 [WARN] DbFile:41 - Overriding database path with different value: C:\Users\hyn02\.stmcufinder\plugins\mcufinder/ => C:\Users\hyn02\.stmcufinder\plugins\mcufinder
2024-12-21 09:02:28,358 [WARN] DbFile:41 - Overriding database path with different value: C:\Users\hyn02\.stmcufinder\plugins\mcufinder/ => C:\Users\hyn02\.stmcufinder\plugins\mcufinder
2024-12-21 09:02:28,358 [INFO] CrossReferenceDbSqlite:203 - Set database path to: C:\Users\hyn02\.stmcufinder\plugins\mcufinder//mcu/cs/
2024-12-21 09:02:28,439 [INFO] MainPanel:268 - HeapMemory: 268435456
2024-12-21 09:02:28,534 [INFO] DbMcusXml:78 - Set database path to: C:\ST\STM32CubeIDE_1.16.0\STM32CubeIDE\plugins\com.st.stm32cube.common.mx_6.12.0.202406281431\\db\/mcu/
2024-12-21 09:02:28,534 [INFO] ApiDb:274 - Set plugin database path to: C:\ST\STM32CubeIDE_1.16.0\STM32CubeIDE\plugins\com.st.stm32cube.common.mx_6.12.0.202406281431\\db\/plugins/boardmanager/
2024-12-21 09:02:28,534 [INFO] ApiDb:261 - Set plugin images path to: C:\ST\STM32CubeIDE_1.16.0\STM32CubeIDE\plugins\com.st.stm32cube.common.mx_6.12.0.202406281431\\db\/plugins/mcufinder/images/
2024-12-21 09:02:28,535 [WARN] DbFile:41 - Overriding database path with different value: C:\Users\hyn02\.stmcufinder\plugins\mcufinder/ => C:\Users\hyn02\.stmcufinder\plugins\mcufinder
2024-12-21 09:02:28,535 [INFO] ApiDb:250 - Set database path to: C:\Users\hyn02\.stmcufinder\plugins\mcufinder//mcu/
2024-12-21 09:02:28,535 [WARN] DbFile:41 - Overriding database path with different value: C:\Users\hyn02\.stmcufinder\plugins\mcufinder/ => C:\Users\hyn02\.stmcufinder\plugins\mcufinder
2024-12-21 09:02:28,535 [INFO] DbMcusAds:125 - Set database path to: C:\Users\hyn02\.stmcufinder\plugins\mcufinder//mcu/
2024-12-21 09:02:28,535 [WARN] DbFile:41 - Overriding database path with different value: C:\Users\hyn02\.stmcufinder\plugins\mcufinder/ => C:\Users\hyn02\.stmcufinder\plugins\mcufinder
2024-12-21 09:02:28,535 [WARN] DbFile:41 - Overriding database path with different value: C:\Users\hyn02\.stmcufinder\plugins\mcufinder/ => C:\Users\hyn02\.stmcufinder\plugins\mcufinder
2024-12-21 09:02:28,535 [INFO] CrossReferenceDbSqlite:203 - Set database path to: C:\Users\hyn02\.stmcufinder\plugins\mcufinder//mcu/cs/
2024-12-21 09:02:28,550 [INFO] ApplicationProperties:184 - Using Application install path: C:\ST\STM32CubeIDE_1.16.0\STM32CubeIDE\plugins\com.st.stm32cube.common.mx_6.12.0.202406281431
2024-12-21 09:02:28,551 [INFO] PluginManage:196 - Search for loadable plugins [exclusion list=, ]
2024-12-21 09:02:28,552 [INFO] PluginManage:310 - Check plugin analytics
2024-12-21 09:02:28,763 [INFO] AnalyticsPlugin:253 - Accepted Software Licenses: 
2024-12-21 09:02:28,763 [INFO] AnalyticsPlugin:255 - Accepted CMSIS Pack Licenses: 
2024-12-21 09:02:28,765 [INFO] AnalyticsPlugin:257 - Accepted Firmware Licenses: FW.F4.1.28.0
2024-12-21 09:02:28,773 [INFO] PluginManage:359 - Loaded plugin analytics (category:tool,tabindex:-1)
2024-12-21 09:02:28,779 [INFO] PluginManage:310 - Check plugin cadmodel
2024-12-21 09:02:28,807 [INFO] CADModel:105 - Init CAD model plugin
2024-12-21 09:02:28,807 [INFO] PluginManage:359 - Loaded plugin cadmodel (category:power,tabindex:5)
2024-12-21 09:02:28,807 [INFO] PluginManage:310 - Check plugin clock
2024-12-21 09:02:28,839 [INFO] PluginManage:359 - Loaded plugin clock (category:base,tabindex:2)
2024-12-21 09:02:28,839 [INFO] PluginManage:310 - Check plugin ddr
2024-12-21 09:02:28,841 [INFO] PluginManage:359 - Loaded plugin ddr (category:tool,tabindex:6)
2024-12-21 09:02:28,842 [INFO] PluginManage:310 - Check plugin filemanager
2024-12-21 09:02:28,985 [INFO] PluginManage:359 - Loaded plugin filemanager (category:base,tabindex:10)
2024-12-21 09:02:28,986 [INFO] PluginManage:310 - Check plugin ipmanager
2024-12-21 09:02:28,993 [INFO] PluginManage:359 - Loaded plugin ipmanager (category:base,tabindex:5)
2024-12-21 09:02:28,994 [INFO] PluginManage:310 - Check plugin lpbam
2024-12-21 09:02:29,018 [INFO] PluginManage:359 - Loaded plugin lpbam (category:base,tabindex:0)
2024-12-21 09:02:29,019 [INFO] PluginManage:310 - Check plugin memorymap
2024-12-21 09:02:29,044 [INFO] PluginManage:359 - Loaded plugin memorymap (category:base,tabindex:4)
2024-12-21 09:02:29,044 [INFO] PluginManage:310 - Check plugin pinoutandconfiguration
2024-12-21 09:02:29,060 [INFO] PluginManage:359 - Loaded plugin pinoutandconfiguration (category:base,tabindex:1)
2024-12-21 09:02:29,061 [INFO] PluginManage:310 - Check plugin pinoutconfig
2024-12-21 09:02:29,159 [WARN] SupportedApi:132 - Cannot load RTOS API schema: s4s-elt-must-match.1: The content of 'definitions' must match (annotation?, (simpleType | complexType)?, (unique | key | keyref)*)). A problem was found starting at: attribute.
2024-12-21 09:02:29,271 [INFO] PluginManage:359 - Loaded plugin pinoutconfig (category:base,tabindex:0)
2024-12-21 09:02:29,271 [INFO] PluginManage:310 - Check plugin power
2024-12-21 09:02:29,289 [INFO] PluginManage:359 - Loaded plugin power (category:power,tabindex:4)
2024-12-21 09:02:29,289 [INFO] PluginManage:310 - Check plugin projectmanager
2024-12-21 09:02:29,301 [INFO] PluginManage:359 - Loaded plugin projectmanager (category:projectmanager,tabindex:4)
2024-12-21 09:02:29,301 [INFO] PluginManage:310 - Check plugin rif
2024-12-21 09:02:29,318 [INFO] PluginManage:359 - Loaded plugin rif (category:base,tabindex:3)
2024-12-21 09:02:29,318 [INFO] PluginManage:310 - Check plugin thirdparty
2024-12-21 09:02:29,594 [INFO] PluginManage:359 - Loaded plugin thirdparty (category:base,tabindex:-1)
2024-12-21 09:02:29,594 [INFO] PluginManage:310 - Check plugin tools
2024-12-21 09:02:29,594 [WARN] IntegrityCheckThread:84 - waiting for thirdparty lock release [integrity check]
2024-12-21 09:02:29,594 [INFO] IntegrityCheckThread:86 - entering critical section [integrity check]
2024-12-21 09:02:29,595 [INFO] ThirdPartyUpdaterWithRetryManager:70 - Updater plugin not ready yet. [1/15]
2024-12-21 09:02:29,634 [INFO] PluginManage:359 - Loaded plugin tools (category:base,tabindex:7)
2024-12-21 09:02:29,634 [INFO] PluginManage:310 - Check plugin tutovideos
2024-12-21 09:02:29,833 [INFO] PluginManage:359 - Loaded plugin tutovideos (category:base,tabindex:-1)
2024-12-21 09:02:29,833 [INFO] PluginManage:310 - Check plugin updater
2024-12-21 09:02:29,851 [INFO] PluginManage:359 - Loaded plugin updater (category:base,tabindex:12)
2024-12-21 09:02:29,851 [INFO] PluginManage:310 - Check plugin userauth
2024-12-21 09:02:29,857 [INFO] UserAuth:113 - Init User Auth plugin
2024-12-21 09:02:29,857 [INFO] PluginManage:359 - Loaded plugin userauth (category:base,tabindex:14)
2024-12-21 09:02:29,858 [INFO] PluginManage:283 - PluginManage : Loaded plugins [18]
2024-12-21 09:02:30,071 [INFO] PinOutPanel:1561 - setPackage(No Configuration,No Configuration)
2024-12-21 09:02:30,166 [INFO] CADModel:165 - CPN selected for project level
2024-12-21 09:02:30,166 [INFO] CADModel:114 - Register for checkConnection events
2024-12-21 09:02:30,192 [INFO] IPUIPlugin:80 - create IPUIPlugin
2024-12-21 09:02:30,192 [INFO] PluginManager:220 - loadIPPluginJar : add adc
2024-12-21 09:02:30,231 [INFO] IPUIPlugin:80 - create IPUIPlugin
2024-12-21 09:02:30,231 [INFO] PluginManager:220 - loadIPPluginJar : add aes
2024-12-21 09:02:30,317 [INFO] IPUIPlugin:80 - create IPUIPlugin
2024-12-21 09:02:30,317 [INFO] PluginManager:220 - loadIPPluginJar : add can
2024-12-21 09:02:30,343 [INFO] IPUIPlugin:80 - create IPUIPlugin
2024-12-21 09:02:30,343 [INFO] PluginManager:220 - loadIPPluginJar : add comp
2024-12-21 09:02:30,377 [INFO] IPUIPlugin:80 - create IPUIPlugin
2024-12-21 09:02:30,377 [INFO] PluginManager:220 - loadIPPluginJar : add cryp
2024-12-21 09:02:30,396 [INFO] IPUIPlugin:80 - create IPUIPlugin
2024-12-21 09:02:30,396 [INFO] PluginManager:220 - loadIPPluginJar : add ddr_ctrl_phy
2024-12-21 09:02:30,424 [INFO] IPUIPlugin:80 - create IPUIPlugin
2024-12-21 09:02:30,424 [INFO] PluginManager:220 - loadIPPluginJar : add dfsdm
2024-12-21 09:02:30,439 [INFO] IPUIPlugin:80 - create IPUIPlugin
2024-12-21 09:02:30,439 [INFO] PluginManager:220 - loadIPPluginJar : add dma
2024-12-21 09:02:30,483 [INFO] IPUIPlugin:80 - create IPUIPlugin
2024-12-21 09:02:30,484 [INFO] PluginManager:220 - loadIPPluginJar : add dma3
2024-12-21 09:02:30,537 [INFO] IPUIPlugin:80 - create IPUIPlugin
2024-12-21 09:02:30,537 [INFO] PluginManager:220 - loadIPPluginJar : add extmemmanager
2024-12-21 09:02:30,566 [INFO] IPUIPlugin:80 - create IPUIPlugin
2024-12-21 09:02:30,566 [INFO] PluginManager:220 - loadIPPluginJar : add fatfs
2024-12-21 09:02:30,617 [INFO] IPUIPlugin:80 - create IPUIPlugin
2024-12-21 09:02:30,617 [INFO] PluginManager:220 - loadIPPluginJar : add fmc
2024-12-21 09:02:30,644 [INFO] IPUIPlugin:80 - create IPUIPlugin
2024-12-21 09:02:30,644 [INFO] PluginManager:220 - loadIPPluginJar : add freertos
2024-12-21 09:02:30,666 [INFO] IPUIPlugin:80 - create IPUIPlugin
2024-12-21 09:02:30,666 [INFO] PluginManager:220 - loadIPPluginJar : add genericplugin
2024-12-21 09:02:30,785 [INFO] IPUIPlugin:80 - create IPUIPlugin
2024-12-21 09:02:30,785 [INFO] PluginManager:220 - loadIPPluginJar : add gfxmmu
2024-12-21 09:02:30,988 [INFO] IPUIPlugin:80 - create IPUIPlugin
2024-12-21 09:02:30,988 [INFO] PluginManager:220 - loadIPPluginJar : add gic
2024-12-21 09:02:31,011 [INFO] IPUIPlugin:80 - create IPUIPlugin
2024-12-21 09:02:31,012 [INFO] PluginManager:220 - loadIPPluginJar : add gpio
2024-12-21 09:02:31,188 [INFO] IPUIPlugin:80 - create IPUIPlugin
2024-12-21 09:02:31,188 [INFO] PluginManager:220 - loadIPPluginJar : add gtzc
2024-12-21 09:02:31,246 [INFO] IPUIPlugin:80 - create IPUIPlugin
2024-12-21 09:02:31,247 [INFO] PluginManager:220 - loadIPPluginJar : add hash
2024-12-21 09:02:31,341 [INFO] IPUIPlugin:80 - create IPUIPlugin
2024-12-21 09:02:31,341 [INFO] PluginManager:220 - loadIPPluginJar : add i2c
2024-12-21 09:02:31,412 [INFO] IPUIPlugin:80 - create IPUIPlugin
2024-12-21 09:02:31,412 [INFO] PluginManager:220 - loadIPPluginJar : add i2s
2024-12-21 09:02:31,476 [INFO] IPUIPlugin:80 - create IPUIPlugin
2024-12-21 09:02:31,476 [INFO] PluginManager:220 - loadIPPluginJar : add i3c
2024-12-21 09:02:31,640 [INFO] IPUIPlugin:80 - create IPUIPlugin
2024-12-21 09:02:31,640 [INFO] PluginManager:220 - loadIPPluginJar : add ipddr
2024-12-21 09:02:31,821 [INFO] IPUIPlugin:80 - create IPUIPlugin
2024-12-21 09:02:31,821 [INFO] PluginManager:220 - loadIPPluginJar : add linkedlist
2024-12-21 09:02:31,866 [INFO] IPUIPlugin:80 - create IPUIPlugin
2024-12-21 09:02:31,866 [INFO] PluginManager:220 - loadIPPluginJar : add lorawan
2024-12-21 09:02:31,917 [INFO] IPUIPlugin:80 - create IPUIPlugin
2024-12-21 09:02:31,917 [INFO] PluginManager:220 - loadIPPluginJar : add ltdc
2024-12-21 09:02:31,935 [INFO] IPUIPlugin:80 - create IPUIPlugin
2024-12-21 09:02:31,936 [INFO] PluginManager:220 - loadIPPluginJar : add mdma
2024-12-21 09:02:31,949 [INFO] IPUIPlugin:80 - create IPUIPlugin
2024-12-21 09:02:31,949 [INFO] PluginManager:220 - loadIPPluginJar : add nvic
2024-12-21 09:02:31,992 [INFO] IPUIPlugin:80 - create IPUIPlugin
2024-12-21 09:02:31,992 [INFO] PluginManager:220 - loadIPPluginJar : add opamp
2024-12-21 09:02:32,076 [INFO] IPUIPlugin:80 - create IPUIPlugin
2024-12-21 09:02:32,076 [INFO] PluginManager:220 - loadIPPluginJar : add openamp
2024-12-21 09:02:32,163 [INFO] IPUIPlugin:80 - create IPUIPlugin
2024-12-21 09:02:32,164 [INFO] PluginManager:220 - loadIPPluginJar : add pdm2pcm
2024-12-21 09:02:32,180 [INFO] IPUIPlugin:80 - create IPUIPlugin
2024-12-21 09:02:32,182 [INFO] PluginManager:220 - loadIPPluginJar : add plateformsettings
2024-12-21 09:02:32,208 [INFO] IPUIPlugin:80 - create IPUIPlugin
2024-12-21 09:02:32,208 [INFO] PluginManager:220 - loadIPPluginJar : add quadspi
2024-12-21 09:02:32,244 [INFO] IPUIPlugin:80 - create IPUIPlugin
2024-12-21 09:02:32,244 [INFO] PluginManager:220 - loadIPPluginJar : add radio
2024-12-21 09:02:32,259 [INFO] IPUIPlugin:80 - create IPUIPlugin
2024-12-21 09:02:32,259 [INFO] PluginManager:220 - loadIPPluginJar : add resmgrutility
2024-12-21 09:02:32,321 [INFO] IPUIPlugin:80 - create IPUIPlugin
2024-12-21 09:02:32,321 [INFO] PluginManager:220 - loadIPPluginJar : add sai
2024-12-21 09:02:32,382 [INFO] IPUIPlugin:80 - create IPUIPlugin
2024-12-21 09:02:32,382 [INFO] PluginManager:220 - loadIPPluginJar : add spi
2024-12-21 09:02:32,468 [INFO] IPUIPlugin:80 - create IPUIPlugin
2024-12-21 09:02:32,468 [INFO] PluginManager:220 - loadIPPluginJar : add stm32_wpan
2024-12-21 09:02:32,509 [INFO] IPUIPlugin:80 - create IPUIPlugin
2024-12-21 09:02:32,510 [INFO] PluginManager:220 - loadIPPluginJar : add tim
2024-12-21 09:02:32,573 [INFO] IPUIPlugin:80 - create IPUIPlugin
2024-12-21 09:02:32,573 [INFO] PluginManager:220 - loadIPPluginJar : add touchsensing
2024-12-21 09:02:32,595 [INFO] ThirdPartyUpdaterWithRetryManager:70 - Updater plugin not ready yet. [2/15]
2024-12-21 09:02:32,602 [INFO] IPUIPlugin:80 - create IPUIPlugin
2024-12-21 09:02:32,602 [INFO] PluginManager:220 - loadIPPluginJar : add tracer_emb
2024-12-21 09:02:32,638 [INFO] IPUIPlugin:80 - create IPUIPlugin
2024-12-21 09:02:32,638 [INFO] PluginManager:220 - loadIPPluginJar : add ts
2024-12-21 09:02:32,681 [INFO] IPUIPlugin:80 - create IPUIPlugin
2024-12-21 09:02:32,682 [INFO] PluginManager:220 - loadIPPluginJar : add tsc
2024-12-21 09:02:32,705 [INFO] IPUIPlugin:80 - create IPUIPlugin
2024-12-21 09:02:32,705 [INFO] PluginManager:220 - loadIPPluginJar : add ucpd
2024-12-21 09:02:32,750 [INFO] IPUIPlugin:80 - create IPUIPlugin
2024-12-21 09:02:32,750 [INFO] PluginManager:220 - loadIPPluginJar : add usart
2024-12-21 09:02:32,841 [INFO] IPUIPlugin:80 - create IPUIPlugin
2024-12-21 09:02:32,841 [INFO] PluginManager:220 - loadIPPluginJar : add usbx
2024-12-21 09:02:32,959 [INFO] CADModel:165 - CPN selected for project level
2024-12-21 09:02:32,960 [INFO] CADModel:114 - Register for checkConnection events
2024-12-21 09:02:32,960 [FATAL] Updater:334 - Updater called before beeing initialized
2024-12-21 09:02:32,960 [ERROR] CADModel:125 - Updater not yet initialized, retry later 
2024-12-21 09:02:33,084 [INFO] CADModel:165 - CPN selected for project level
2024-12-21 09:02:33,084 [INFO] CADModel:114 - Register for checkConnection events
2024-12-21 09:02:33,084 [FATAL] Updater:334 - Updater called before beeing initialized
2024-12-21 09:02:33,084 [ERROR] CADModel:125 - Updater not yet initialized, retry later 
2024-12-21 09:02:33,088 [FATAL] Updater:334 - Updater called before beeing initialized
2024-12-21 09:02:33,173 [FATAL] Updater:334 - Updater called before beeing initialized
2024-12-21 09:02:33,183 [INFO] DbMcusAds:53 - JSON generation date=Fri Sep 20 22:04:23 KST 2024 (1726837463113)
2024-12-21 09:02:33,184 [FATAL] Updater:334 - Updater called before beeing initialized
2024-12-21 09:02:33,216 [WARN] DetailPanel:346 - Failed to get advertising image, set to default
2024-12-21 09:02:33,288 [FATAL] Updater:334 - Updater called before beeing initialized
2024-12-21 09:02:33,292 [FATAL] Updater:334 - Updater called before beeing initialized
2024-12-21 09:02:33,292 [FATAL] Updater:334 - Updater called before beeing initialized
2024-12-21 09:02:33,292 [WARN] DetailPanel:346 - Failed to get advertising image, set to default
2024-12-21 09:02:33,293 [FATAL] Updater:334 - Updater called before beeing initialized
2024-12-21 09:02:33,355 [ERROR] Updater:1164 - MainUpdater not yet initialized. External WinMGr cannot be set.
2024-12-21 09:02:33,364 [INFO] Updater:1100 - Updater Version found : 6.12.0
2024-12-21 09:02:33,380 [INFO] ApplicationProperties:184 - Using Application install path: C:\ST\STM32CubeIDE_1.16.0\STM32CubeIDE\plugins\com.st.stm32cube.common.mx_6.12.0.202406281431
2024-12-21 09:02:34,962 [ERROR] LogOutputStream:75 - [STDERR_REDIRECT] Dec 21, 2024 9:02:34 AM java.util.prefs.WindowsPreferences <init>
2024-12-21 09:02:34,964 [ERROR] LogOutputStream:75 - [STDERR_REDIRECT] WARNING: Could not open/create prefs root node Software\JavaSoft\Prefs at root 0xffffffff80000002. Windows RegCreateKeyEx(...) returned error code 5.
2024-12-21 09:02:34,964 [ERROR] LogOutputStream:75 - [STDERR_REDIRECT] 
2024-12-21 09:02:35,330 [INFO] MainUpdater:2873 - connection check result : 10
2024-12-21 09:02:35,330 [INFO] MainUpdater:3567 - Updater definition file requires update
2024-12-21 09:02:35,331 [INFO] MainUpdater:290 - Updater Check For Update Now.
2024-12-21 09:02:35,331 [INFO] MicroXplorer:498 - Change Database Version : DB.6.0.120
2024-12-21 09:02:35,347 [INFO] McuFinderGlobals:63 - Set McuFinder mode to 2 (CubeIDE integrated)
2024-12-21 09:02:35,354 [INFO] UserAuth:417 - Internet connection configuration mode: 1
2024-12-21 09:02:35,378 [INFO] JxBrowserEngine:152 - Initiate JxBrowser Engine with user profile folder
2024-12-21 09:02:35,474 [INFO] ServerAccessManage:473 - Download File updaters.zip
2024-12-21 09:02:35,596 [WARN] MainUpdater:1194 - Updater busy. Cannot search thirdparties
2024-12-21 09:02:35,596 [INFO] ThirdPartyUpdaterWithRetryManager:96 - Updater plugin is busy. [1/15]
2024-12-21 09:02:35,624 [INFO] FileExtend:240 - Unzip File : updaters.zip
2024-12-21 09:02:35,624 [INFO] FileExtend:255 - Standard Zip Deflate
2024-12-21 09:02:36,395 [INFO] ServerAccessManage:473 - Download File PacksControlFlags.xml
2024-12-21 09:02:36,611 [INFO] ServerAccessManage:473 - Download File cubemx.pidx
2024-12-21 09:02:37,399 [INFO] ServerAccessManage:473 - Download File STMicroelectronics.X-CUBE-GNSS1.pdsc
2024-12-21 09:02:38,597 [WARN] MainUpdater:1194 - Updater busy. Cannot search thirdparties
2024-12-21 09:02:38,597 [INFO] ThirdPartyUpdaterWithRetryManager:96 - Updater plugin is busy. [2/15]
2024-12-21 09:02:39,037 [ERROR] ServerAccessManage:1089 - Problem, file not found on Server
2024-12-21 09:02:39,766 [ERROR] ServerAccessManage:1089 - Problem, file not found on Server
2024-12-21 09:02:40,500 [ERROR] ServerAccessManage:1089 - Problem, file not found on Server
2024-12-21 09:02:41,225 [ERROR] ServerAccessManage:1089 - Problem, file not found on Server
2024-12-21 09:02:41,604 [WARN] MainUpdater:1194 - Updater busy. Cannot search thirdparties
2024-12-21 09:02:41,604 [INFO] ThirdPartyUpdaterWithRetryManager:96 - Updater plugin is busy. [3/15]
2024-12-21 09:02:41,819 [ERROR] ServerAccessManage:1089 - Problem, file not found on Server
2024-12-21 09:02:42,562 [ERROR] ServerAccessManage:1089 - Problem, file not found on Server
2024-12-21 09:02:42,826 [INFO] ServerAccessManage:473 - Download File STMicroelectronics.X-CUBE-MEMS1.pdsc
2024-12-21 09:02:43,061 [INFO] WebApp:167 - Instantiating new browser for Auth
2024-12-21 09:02:43,841 [INFO] WebApp:448 - Apply proxy settings
2024-12-21 09:02:43,842 [INFO] WebApp:533 - Chromium requires no authentication
2024-12-21 09:02:43,855 [INFO] WebApp:476 - Direct internet connection detected
2024-12-21 09:02:43,884 [INFO] WebApp:869 - Register for checkConnection events
2024-12-21 09:02:43,885 [INFO] WebApp:448 - Apply proxy settings
2024-12-21 09:02:43,885 [INFO] WebApp:533 - Chromium requires no authentication
2024-12-21 09:02:43,885 [INFO] WebApp:476 - Direct internet connection detected
2024-12-21 09:02:44,103 [INFO] WebApp:220 - Starting web application
2024-12-21 09:02:44,103 [INFO] WebApp:578 - Web application path used C:\ST\STM32CubeIDE_1.16.0\STM32CubeIDE\plugins\com.st.stm32cube.common.mx_6.12.0.202406281431\db\plugins\mcufinder\reactClient1\index.html
2024-12-21 09:02:44,246 [INFO] WebApp:186 - Connection restablished
2024-12-21 09:02:44,310 [INFO] UserAuth:417 - Internet connection configuration mode: 1
2024-12-21 09:02:44,609 [WARN] MainUpdater:1194 - Updater busy. Cannot search thirdparties
2024-12-21 09:02:44,609 [INFO] ThirdPartyUpdaterWithRetryManager:96 - Updater plugin is busy. [4/15]
2024-12-21 09:02:46,591 [WARN] PackLoader:240 - Cannot read IP mode file for STMicroelectronics.X-CUBE-GNSS1.7.0.1
2024-12-21 09:02:46,690 [WARN] PackLoader:240 - Cannot read IP mode file for STMicroelectronics.X-CUBE-MEMS1.11.1.0
2024-12-21 09:02:46,795 [INFO] CheckServerUpdateThread:120 - End of CheckServer Thread
2024-12-21 09:02:46,865 [INFO] PopulateThirdPartyThread:66 - Ending populate Thread
2024-12-21 09:02:46,867 [INFO] ThirdParty:1030 - CMSIS Pack Vendor :STMicroelectronics X-CUBE-GNSS1 7.0.1
2024-12-21 09:02:46,867 [INFO] ThirdParty:1030 - CMSIS Pack Vendor :STMicroelectronics X-CUBE-MEMS1 11.1.0
2024-12-21 09:02:46,867 [INFO] LoadServerUpdatesThread:375 - End of LoadServerUpdate Thread
2024-12-21 09:02:47,806 [WARN] PackLoader:240 - Cannot read IP mode file for STMicroelectronics.FP-SNS-MOTENVWB1.1.4.0
2024-12-21 09:02:47,815 [WARN] PackLoader:240 - Cannot read IP mode file for STMicroelectronics.FP-ATR-ASTRA1.2.0.1
2024-12-21 09:02:47,832 [WARN] PackLoader:240 - Cannot read IP mode file for STMicroelectronics.X-CUBE-SMBUS.2.1.0
2024-12-21 09:02:47,851 [WARN] PackLoader:240 - Cannot read IP mode file for STMicroelectronics.X-CUBE-WB05N.1.1.0
2024-12-21 09:02:47,883 [WARN] PackLoader:240 - Cannot read IP mode file for STMicroelectronics.X-CUBE-AZRTOS-F7.1.1.0
2024-12-21 09:02:47,953 [WARN] PackLoader:240 - Cannot read IP mode file for STMicroelectronics.X-CUBE-MEMS1.11.0.0
2024-12-21 09:02:48,116 [WARN] PackLoader:240 - Cannot read IP mode file for STMicroelectronics.FP-SNS-FLIGHT1.5.0.2
2024-12-21 09:02:48,137 [WARN] PackLoader:240 - Cannot read IP mode file for STMicroelectronics.X-CUBE-DISPLAY.3.0.0
2024-12-21 09:02:48,162 [WARN] PackLoader:240 - Cannot read IP mode file for STMicroelectronics.X-CUBE-BLE1.7.0.0
2024-12-21 09:02:48,181 [WARN] PackLoader:240 - Cannot read IP mode file for STMicroelectronics.X-CUBE-NFC10.1.0.0
2024-12-21 09:02:48,208 [WARN] PackLoader:240 - Cannot read IP mode file for STMicroelectronics.X-CUBE-BLEMGR.4.0.0
2024-12-21 09:02:48,234 [WARN] PackLoader:240 - Cannot read IP mode file for emotas.I-CUBE-CANOPEN.1.3.0
2024-12-21 09:02:48,252 [WARN] PackLoader:240 - Cannot read IP mode file for STMicroelectronics.X-CUBE-BLEMGR.3.1.0
2024-12-21 09:02:48,270 [WARN] PackLoader:240 - Cannot read IP mode file for STMicroelectronics.FP-SNS-SMARTAG2.1.2.0
2024-12-21 09:02:48,324 [WARN] PackLoader:240 - Cannot read IP mode file for STMicroelectronics.X-CUBE-MEMS1.11.1.0
2024-12-21 09:02:48,487 [INFO] LogOutputStream:77 - [STDOUT_REDIRECT] 1 : Invalid condition id : UX_CORESTACK_Condition cause : null
2024-12-21 09:02:48,488 [INFO] LogOutputStream:77 - [STDOUT_REDIRECT] 1 : Invalid condition id : UX_CORESTACK_Condition cause : null
2024-12-21 09:02:48,489 [INFO] LogOutputStream:77 - [STDOUT_REDIRECT] 1 : Invalid condition id : UX_CORESTACK_Condition cause : null
2024-12-21 09:02:48,490 [INFO] LogOutputStream:77 - [STDOUT_REDIRECT] 1 : Invalid condition id : UX_CORESTACK_Condition cause : null
2024-12-21 09:02:48,491 [INFO] LogOutputStream:77 - [STDOUT_REDIRECT] 1 : Invalid condition id : UX_CORESTACK_Condition cause : null
2024-12-21 09:02:48,494 [WARN] PackLoader:240 - Cannot read IP mode file for STMicroelectronics.X-CUBE-AZRTOS-WL.2.0.0
2024-12-21 09:02:48,507 [WARN] PackLoader:240 - Cannot read IP mode file for STMicroelectronics.FP-SNS-MOTENV1.5.0.0
2024-12-21 09:02:48,513 [WARN] PackLoader:240 - Cannot read IP mode file for wolfSSL.I-CUBE-wolfMQTT.1.19.0
2024-12-21 09:02:48,525 [WARN] PackLoader:240 - Cannot read IP mode file for WES.I-CUBE-Cesium.1.3.0
2024-12-21 09:02:48,544 [WARN] PackLoader:240 - Cannot read IP mode file for STMicroelectronics.X-CUBE-BLE2.3.3.0
2024-12-21 09:02:48,564 [WARN] PackLoader:240 - Cannot read IP mode file for STMicroelectronics.X-CUBE-NFC9.1.0.0
2024-12-21 09:02:48,577 [WARN] PackLoader:240 - Cannot read IP mode file for STMicroelectronics.X-CUBE-TCPP.4.1.0
2024-12-21 09:02:48,608 [WARN] PackLoader:240 - Cannot read IP mode file for STMicroelectronics.X-CUBE-AZRTOS-G0.1.1.0
2024-12-21 09:02:48,625 [WARN] PackLoader:240 - Cannot read IP mode file for STMicroelectronics.X-CUBE-SAFEA1.1.2.2
2024-12-21 09:02:48,644 [WARN] PackLoader:240 - Cannot read IP mode file for STMicroelectronics.X-CUBE-NFC4.3.0.0
2024-12-21 09:02:48,664 [WARN] PackLoader:240 - Cannot read IP mode file for EmbeddedOffice.I-CUBE-FS-RTOS.1.0.1
2024-12-21 09:02:48,665 [ERROR] ConditionMgr:805 - Attr not supported : Dmpu
2024-12-21 09:02:48,665 [ERROR] ConditionMgr:805 - Attr not supported : Dmpu
2024-12-21 09:02:48,665 [ERROR] ConditionMgr:805 - Attr not supported : Dmpu
2024-12-21 09:02:48,665 [ERROR] ConditionMgr:805 - Attr not supported : Dmpu
2024-12-21 09:02:48,665 [ERROR] ConditionMgr:805 - Attr not supported : Dmpu
2024-12-21 09:02:48,665 [ERROR] ConditionMgr:805 - Attr not supported : Dmpu
2024-12-21 09:02:48,665 [ERROR] ConditionMgr:805 - Attr not supported : Dmpu
2024-12-21 09:02:48,665 [ERROR] ConditionMgr:805 - Attr not supported : Dmpu
2024-12-21 09:02:48,665 [ERROR] ConditionMgr:805 - Attr not supported : Dmpu
2024-12-21 09:02:48,665 [ERROR] ConditionMgr:805 - Attr not supported : Dmpu
2024-12-21 09:02:48,665 [ERROR] ConditionMgr:805 - Attr not supported : Dmpu
2024-12-21 09:02:48,665 [ERROR] ConditionMgr:805 - Attr not supported : Dmpu
2024-12-21 09:02:48,665 [ERROR] ConditionMgr:805 - Attr not supported : Dmpu
2024-12-21 09:02:48,665 [ERROR] ConditionMgr:805 - Attr not supported : Dmpu
2024-12-21 09:02:48,665 [ERROR] ConditionMgr:805 - Attr not supported : Dmpu
2024-12-21 09:02:48,666 [ERROR] ConditionMgr:805 - Attr not supported : Dmpu
2024-12-21 09:02:48,666 [ERROR] ConditionMgr:805 - Attr not supported : Dmpu
2024-12-21 09:02:48,666 [ERROR] ConditionMgr:805 - Attr not supported : Dmpu
2024-12-21 09:02:48,666 [ERROR] ConditionMgr:805 - Attr not supported : Dmpu
2024-12-21 09:02:48,666 [ERROR] ConditionMgr:805 - Attr not supported : Dmpu
2024-12-21 09:02:48,666 [ERROR] ConditionMgr:805 - Attr not supported : Dmpu
2024-12-21 09:02:48,666 [ERROR] ConditionMgr:805 - Attr not supported : Dmpu
2024-12-21 09:02:48,666 [ERROR] ConditionMgr:805 - Attr not supported : Dmpu
2024-12-21 09:02:48,666 [ERROR] ConditionMgr:805 - Attr not supported : Dmpu
2024-12-21 09:02:48,666 [ERROR] ConditionMgr:805 - Attr not supported : Dmpu
2024-12-21 09:02:48,666 [ERROR] ConditionMgr:805 - Attr not supported : Dmpu
2024-12-21 09:02:48,666 [ERROR] ConditionMgr:805 - Attr not supported : Dmpu
2024-12-21 09:02:48,666 [ERROR] ConditionMgr:805 - Attr not supported : Dmpu
2024-12-21 09:02:48,666 [ERROR] ConditionMgr:805 - Attr not supported : Dmpu
2024-12-21 09:02:48,666 [ERROR] ConditionMgr:805 - Attr not supported : Dmpu
2024-12-21 09:02:48,666 [ERROR] ConditionMgr:805 - Attr not supported : Dmpu
2024-12-21 09:02:48,666 [ERROR] ConditionMgr:805 - Attr not supported : Dmpu
2024-12-21 09:02:48,666 [ERROR] ConditionMgr:805 - Attr not supported : Dmpu
2024-12-21 09:02:48,666 [ERROR] ConditionMgr:805 - Attr not supported : Dmpu
2024-12-21 09:02:48,666 [ERROR] ConditionMgr:805 - Attr not supported : Dmpu
2024-12-21 09:02:48,666 [ERROR] ConditionMgr:805 - Attr not supported : Dmpu
2024-12-21 09:02:48,667 [ERROR] ConditionMgr:805 - Attr not supported : Dmpu
2024-12-21 09:02:48,667 [ERROR] ConditionMgr:805 - Attr not supported : Dmpu
2024-12-21 09:02:48,667 [ERROR] ConditionMgr:805 - Attr not supported : Dmpu
2024-12-21 09:02:48,667 [ERROR] ConditionMgr:805 - Attr not supported : Dmpu
2024-12-21 09:02:48,667 [ERROR] ConditionMgr:805 - Attr not supported : Dmpu
2024-12-21 09:02:48,667 [ERROR] ConditionMgr:805 - Attr not supported : Dmpu
2024-12-21 09:02:48,667 [ERROR] ConditionMgr:805 - Attr not supported : Dmpu
2024-12-21 09:02:48,667 [ERROR] ConditionMgr:805 - Attr not supported : Dmpu
2024-12-21 09:02:48,667 [ERROR] ConditionMgr:805 - Attr not supported : Dmpu
2024-12-21 09:02:48,667 [ERROR] ConditionMgr:805 - Attr not supported : Dmpu
2024-12-21 09:02:48,667 [ERROR] ConditionMgr:805 - Attr not supported : Dmpu
2024-12-21 09:02:48,667 [ERROR] ConditionMgr:805 - Attr not supported : Dmpu
2024-12-21 09:02:48,667 [ERROR] ConditionMgr:805 - Attr not supported : Dmpu
2024-12-21 09:02:48,667 [ERROR] ConditionMgr:805 - Attr not supported : Dmpu
2024-12-21 09:02:48,667 [ERROR] ConditionMgr:805 - Attr not supported : Dmpu
2024-12-21 09:02:48,667 [ERROR] ConditionMgr:805 - Attr not supported : Dmpu
2024-12-21 09:02:48,667 [ERROR] ConditionMgr:805 - Attr not supported : Dmpu
2024-12-21 09:02:48,668 [ERROR] ConditionMgr:805 - Attr not supported : Dmpu
2024-12-21 09:02:48,668 [ERROR] ConditionMgr:805 - Attr not supported : Dmpu
2024-12-21 09:02:48,668 [ERROR] ConditionMgr:805 - Attr not supported : Dmpu
2024-12-21 09:02:48,668 [ERROR] ConditionMgr:805 - Attr not supported : Dmpu
2024-12-21 09:02:48,668 [ERROR] ConditionMgr:805 - Attr not supported : Dmpu
2024-12-21 09:02:48,668 [ERROR] ConditionMgr:805 - Attr not supported : Dmpu
2024-12-21 09:02:48,668 [ERROR] ConditionMgr:805 - Attr not supported : Dmpu
2024-12-21 09:02:48,668 [ERROR] ConditionMgr:805 - Attr not supported : Dmpu
2024-12-21 09:02:48,668 [ERROR] ConditionMgr:805 - Attr not supported : Dmpu
2024-12-21 09:02:48,668 [ERROR] ConditionMgr:805 - Attr not supported : Dmpu
2024-12-21 09:02:48,668 [ERROR] ConditionMgr:805 - Attr not supported : Dmpu
2024-12-21 09:02:48,681 [ERROR] Engine:466 - C:\Users\hyn02\.stm32cubemx\thirdparties\pdsc\STMicroelectronics.X-CUBE-TCPP.4.2.0.pdsc: PDSC version is not supported
2024-12-21 09:02:48,694 [WARN] PackLoader:240 - Cannot read IP mode file for RealThread.X-CUBE-RT-Thread_Nano.4.1.1
2024-12-21 09:02:48,699 [WARN] PackLoader:240 - Cannot read IP mode file for STMicroelectronics.FP-ATR-SIGFOX1.3.2.0
2024-12-21 09:02:48,714 [WARN] PackLoader:240 - Cannot read IP mode file for wolfSSL.I-CUBE-wolfSSL.5.7.2
2024-12-21 09:02:48,719 [WARN] ConditionMgr:438 - getConditionDescription Invalid condition id : Cortex-A Device cause : null
2024-12-21 09:02:48,737 [WARN] ConditionMgr:1039 - genDependencies : Invalid condition id : Cortex-A Device cause : null
2024-12-21 09:02:48,739 [WARN] ConditionMgr:1039 - genDependencies : Invalid condition id : Cortex-A Device cause : null
2024-12-21 09:02:48,739 [WARN] ConditionMgr:1039 - genDependencies : Invalid condition id : Cortex-A Device cause : null
2024-12-21 09:02:48,753 [WARN] PackLoader:240 - Cannot read IP mode file for STMicroelectronics.X-CUBE-EEPRMA1.5.1.0
2024-12-21 09:02:48,771 [WARN] PackLoader:240 - Cannot read IP mode file for ITTIA_DB.I-CUBE-ITTIADB.8.9.0
2024-12-21 09:02:48,819 [WARN] PackLoader:240 - Cannot read IP mode file for SEGGER.I-CUBE-embOS.1.3.1
2024-12-21 09:02:48,867 [WARN] PackLoader:240 - Cannot read IP mode file for STMicroelectronics.X-CUBE-ALGOBUILD.1.4.0
2024-12-21 09:02:48,885 [WARN] PackLoader:240 - Cannot read IP mode file for STMicroelectronics.X-CUBE-AI.9.1.0
2024-12-21 09:02:48,915 [WARN] PackLoader:240 - Cannot read IP mode file for STMicroelectronics.X-CUBE-AZRTOS-F4.1.1.0
2024-12-21 09:02:48,932 [WARN] PackLoader:240 - Cannot read IP mode file for STMicroelectronics.X-CUBE-ISPU.2.1.0
2024-12-21 09:02:48,948 [WARN] PackLoader:240 - Cannot read IP mode file for STMicroelectronics.X-CUBE-FREERTOS.1.2.0
2024-12-21 09:02:48,982 [WARN] PackLoader:240 - Cannot read IP mode file for STMicroelectronics.X-CUBE-AZRTOS-L5.2.0.0
2024-12-21 09:02:49,003 [WARN] PackLoader:240 - Cannot read IP mode file for STMicroelectronics.X-CUBE-NFC6.3.1.0
2024-12-21 09:02:49,021 [WARN] PackLoader:240 - Cannot read IP mode file for STMicroelectronics.X-CUBE-DPower.1.2.0
2024-12-21 09:02:49,036 [WARN] PackLoader:240 - Cannot read IP mode file for STMicroelectronics.X-CUBE-AI.9.0.0
2024-12-21 09:02:49,048 [WARN] PackLoader:240 - Cannot read IP mode file for STMicroelectronics.X-CUBE-FREERTOS.1.3.0
2024-12-21 09:02:49,061 [WARN] PackLoader:240 - Cannot read IP mode file for STMicroelectronics.X-CUBE-NFC7.1.0.1
2024-12-21 09:02:49,089 [WARN] ConditionMgr:438 - getConditionDescription Invalid condition id : LAN8742 Phy interface Condition cause : null
2024-12-21 09:02:49,089 [WARN] PackLoader:240 - Cannot read IP mode file for STMicroelectronics.X-CUBE-AZRTOS-L4.2.0.0
2024-12-21 09:02:49,092 [WARN] ConditionMgr:1039 - genDependencies : Invalid condition id : LAN8742 Phy interface Condition cause : null
2024-12-21 09:02:49,092 [WARN] ConditionMgr:1039 - genDependencies : Invalid condition id : LAN8742 Phy interface Condition cause : null
2024-12-21 09:02:49,092 [WARN] ConditionMgr:1039 - genDependencies : Invalid condition id : LAN8742 Phy interface Condition cause : null
2024-12-21 09:02:49,123 [WARN] PackLoader:240 - Cannot read IP mode file for STMicroelectronics.X-CUBE-SFXS2LP1.4.0.0
2024-12-21 09:02:49,159 [WARN] PackLoader:240 - Cannot read IP mode file for STMicroelectronics.X-CUBE-AZRTOS-H7.3.3.0
2024-12-21 09:02:49,181 [WARN] PackLoader:240 - Cannot read IP mode file for STMicroelectronics.X-CUBE-IPS.3.0.0
2024-12-21 09:02:49,210 [WARN] ConditionMgr:438 - getConditionDescription Invalid condition id : UX DEVICE CLASS RTOS Condition cause : null
2024-12-21 09:02:49,211 [WARN] ConditionMgr:438 - getConditionDescription Invalid condition id : UX DEVICE CLASS RTOS Condition cause : null
2024-12-21 09:02:49,212 [WARN] PackLoader:240 - Cannot read IP mode file for STMicroelectronics.X-CUBE-AZRTOS-WB.2.0.0
2024-12-21 09:02:49,213 [WARN] ConditionMgr:1039 - genDependencies : Invalid condition id : UX DEVICE CLASS RTOS Condition cause : null
2024-12-21 09:02:49,213 [WARN] ConditionMgr:1039 - genDependencies : Invalid condition id : UX DEVICE CLASS RTOS Condition cause : null
2024-12-21 09:02:49,213 [WARN] ConditionMgr:1039 - genDependencies : Invalid condition id : UX DEVICE CLASS RTOS Condition cause : null
2024-12-21 09:02:49,214 [WARN] ConditionMgr:1039 - genDependencies : Invalid condition id : UX DEVICE CLASS RTOS Condition cause : null
2024-12-21 09:02:49,214 [WARN] ConditionMgr:1039 - genDependencies : Invalid condition id : UX DEVICE CLASS RTOS Condition cause : null
2024-12-21 09:02:49,231 [WARN] PackLoader:240 - Cannot read IP mode file for STMicroelectronics.X-CUBE-GNSS1.7.0.0
2024-12-21 09:02:49,238 [WARN] PackLoader:240 - Cannot read IP mode file for STMicroelectronics.X-CUBE-GNSS1.7.0.1
2024-12-21 09:02:49,256 [WARN] PackLoader:240 - Cannot read IP mode file for STMicroelectronics.FP-SNS-STBOX1.2.0.0
2024-12-21 09:02:49,283 [WARN] PackLoader:240 - Cannot read IP mode file for STMicroelectronics.X-CUBE-SUBG2.5.0.0
2024-12-21 09:02:49,292 [WARN] PackLoader:240 - Cannot read IP mode file for Cesanta.I-CUBE-Mongoose.7.13.0
2024-12-21 09:02:49,320 [WARN] PackLoader:240 - Cannot read IP mode file for STMicroelectronics.X-CUBE-AZRTOS-G4.2.0.0
2024-12-21 09:02:49,339 [WARN] PackLoader:240 - Cannot read IP mode file for STMicroelectronics.X-CUBE-ISPU.2.0.0
2024-12-21 09:02:49,353 [WARN] PackLoader:240 - Cannot read IP mode file for STMicroelectronics.X-CUBE-ALS.1.0.2
2024-12-21 09:02:49,367 [WARN] PackLoader:240 - Cannot read IP mode file for STMicroelectronics.X-CUBE-TOUCHGFX.4.24.0
2024-12-21 09:02:49,380 [WARN] PackLoader:240 - Cannot read IP mode file for STMicroelectronics.X-CUBE-TOUCHGFX.4.24.1
2024-12-21 09:02:49,386 [WARN] PackLoader:240 - Cannot read IP mode file for wolfSSL.I-CUBE-wolfTPM.3.4.0
2024-12-21 09:02:49,401 [WARN] PackLoader:240 - Cannot read IP mode file for portGmbH.I-Cube-SoM-uGOAL.1.1.0
2024-12-21 09:02:49,432 [WARN] PackLoader:240 - Cannot read IP mode file for STMicroelectronics.X-CUBE-AZRTOS-H7RS.1.0.0
2024-12-21 09:02:49,446 [WARN] PackLoader:240 - Cannot read IP mode file for STMicroelectronics.FP-ATR-ASTRA1.2.0.0
2024-12-21 09:02:49,469 [WARN] PackLoader:240 - Cannot read IP mode file for STMicroelectronics.X-CUBE-TOF1.3.4.2
2024-12-21 09:02:49,545 [WARN] PackLoader:240 - Cannot read IP mode file for Infineon.AIROC-Wi-Fi-Bluetooth-STM32.1.6.1
2024-12-21 09:02:49,553 [WARN] PackLoader:240 - Cannot read IP mode file for wolfSSL.I-CUBE-wolfSSH.1.4.17
2024-12-21 09:02:49,554 [INFO] ThirdParty:978 - Integrity check success = true
2024-12-21 09:02:49,554 [INFO] IntegrityCheckThread:100 - exiting critical section [integrity check]
2024-12-21 09:02:49,554 [INFO] IntegrityCheckThread:103 - End integrity checks thread
2024-12-21 09:03:02,284 [INFO] WebApp:189 - Connection lost
2024-12-21 09:03:02,483 [INFO] WebApp:186 - Connection restablished
2024-12-21 09:23:22,127 [INFO] WebApp:189 - Connection lost
2024-12-21 09:23:22,374 [INFO] WebApp:186 - Connection restablished
2024-12-21 09:52:42,251 [INFO] WebApp:189 - Connection lost
2024-12-21 09:52:49,003 [INFO] WebApp:186 - Connection restablished
2024-12-21 11:26:03,047 [INFO] WebApp:189 - Connection lost
2024-12-21 11:26:09,444 [INFO] WebApp:186 - Connection restablished
2024-12-21 12:42:07,920 [INFO] WebApp:189 - Connection lost
2024-12-21 12:42:14,025 [INFO] WebApp:186 - Connection restablished
2024-12-21 13:50:31,259 [INFO] WebApp:189 - Connection lost
2024-12-21 13:50:38,030 [INFO] WebApp:186 - Connection restablished
2024-12-21 16:41:50,769 [INFO] WebApp:189 - Connection lost
2024-12-21 16:41:57,023 [INFO] WebApp:186 - Connection restablished
2024-12-21 17:39:00,479 [ERROR] LogOutputStream:75 - [STDERR_REDIRECT] 
