2025-01-02 09:13:49,672 [INFO] Activator:176 - 


2025-01-02 09:13:49,679 [INFO] Activator:177 - !SESSION log4j initialized
2025-01-02 09:13:54,777 [INFO] LogOutputStream:77 - [STDOUT_REDIRECT] 
2025-01-02 09:13:57,673 [INFO] ApplicationProperties:184 - Using Application install path: C:\ST\STM32CubeIDE_1.16.0\STM32CubeIDE\plugins\com.st.stm32cube.common.mx_6.12.0.202406281431
2025-01-02 09:13:57,690 [INFO] DbMcusXml:78 - Set database path to: C:\ST\STM32CubeIDE_1.16.0\STM32CubeIDE\plugins\com.st.stm32cube.common.mx_6.12.0.202406281431\\db\/mcu/
2025-01-02 09:13:57,692 [INFO] ApiDb:274 - Set plugin database path to: C:\ST\STM32CubeIDE_1.16.0\STM32CubeIDE\plugins\com.st.stm32cube.common.mx_6.12.0.202406281431\\db\/plugins/boardmanager/
2025-01-02 09:13:57,693 [WARN] ApiDb:259 - Overriding images path with different value:  => C:\ST\STM32CubeIDE_1.16.0\STM32CubeIDE\plugins\com.st.stm32cube.common.mx_6.12.0.202406281431\\db\/plugins/mcufinder/images/
2025-01-02 09:13:57,698 [INFO] ApiDb:250 - Set database path to: C:\Users\hyn02\.stmcufinder\plugins\mcufinder//mcu/
2025-01-02 09:13:57,699 [INFO] DbMcusAds:125 - Set database path to: C:\Users\hyn02\.stmcufinder\plugins\mcufinder//mcu/
2025-01-02 09:13:57,701 [INFO] CrossReferenceDbSqlite:203 - Set database path to: C:\Users\hyn02\.stmcufinder\plugins\mcufinder//mcu/cs/
2025-01-02 09:13:57,800 [INFO] RulesReader:64 - Compatibility file has been processed (297 Rules)
2025-01-02 09:13:57,884 [INFO] DbMcusXml:78 - Set database path to: C:\ST\STM32CubeIDE_1.16.0\STM32CubeIDE\plugins\com.st.stm32cube.common.mx_6.12.0.202406281431\\db\/mcu/
2025-01-02 09:13:57,884 [INFO] ApiDb:274 - Set plugin database path to: C:\ST\STM32CubeIDE_1.16.0\STM32CubeIDE\plugins\com.st.stm32cube.common.mx_6.12.0.202406281431\\db\/plugins/boardmanager/
2025-01-02 09:13:57,884 [INFO] ApiDb:261 - Set plugin images path to: C:\ST\STM32CubeIDE_1.16.0\STM32CubeIDE\plugins\com.st.stm32cube.common.mx_6.12.0.202406281431\\db\/plugins/mcufinder/images/
2025-01-02 09:13:57,884 [WARN] DbFile:41 - Overriding database path with different value: C:\Users\hyn02\.stmcufinder\plugins\mcufinder/ => C:\Users\hyn02\.stmcufinder\plugins\mcufinder
2025-01-02 09:13:57,884 [INFO] ApiDb:250 - Set database path to: C:\Users\hyn02\.stmcufinder\plugins\mcufinder//mcu/
2025-01-02 09:13:57,885 [WARN] DbFile:41 - Overriding database path with different value: C:\Users\hyn02\.stmcufinder\plugins\mcufinder/ => C:\Users\hyn02\.stmcufinder\plugins\mcufinder
2025-01-02 09:13:57,885 [INFO] DbMcusAds:125 - Set database path to: C:\Users\hyn02\.stmcufinder\plugins\mcufinder//mcu/
2025-01-02 09:13:57,885 [WARN] DbFile:41 - Overriding database path with different value: C:\Users\hyn02\.stmcufinder\plugins\mcufinder/ => C:\Users\hyn02\.stmcufinder\plugins\mcufinder
2025-01-02 09:13:57,885 [WARN] DbFile:41 - Overriding database path with different value: C:\Users\hyn02\.stmcufinder\plugins\mcufinder/ => C:\Users\hyn02\.stmcufinder\plugins\mcufinder
2025-01-02 09:13:57,885 [INFO] CrossReferenceDbSqlite:203 - Set database path to: C:\Users\hyn02\.stmcufinder\plugins\mcufinder//mcu/cs/
2025-01-02 09:13:57,961 [INFO] MainPanel:268 - HeapMemory: 268435456
2025-01-02 09:13:58,035 [INFO] DbMcusXml:78 - Set database path to: C:\ST\STM32CubeIDE_1.16.0\STM32CubeIDE\plugins\com.st.stm32cube.common.mx_6.12.0.202406281431\\db\/mcu/
2025-01-02 09:13:58,035 [INFO] ApiDb:274 - Set plugin database path to: C:\ST\STM32CubeIDE_1.16.0\STM32CubeIDE\plugins\com.st.stm32cube.common.mx_6.12.0.202406281431\\db\/plugins/boardmanager/
2025-01-02 09:13:58,036 [INFO] ApiDb:261 - Set plugin images path to: C:\ST\STM32CubeIDE_1.16.0\STM32CubeIDE\plugins\com.st.stm32cube.common.mx_6.12.0.202406281431\\db\/plugins/mcufinder/images/
2025-01-02 09:13:58,036 [WARN] DbFile:41 - Overriding database path with different value: C:\Users\hyn02\.stmcufinder\plugins\mcufinder/ => C:\Users\hyn02\.stmcufinder\plugins\mcufinder
2025-01-02 09:13:58,036 [INFO] ApiDb:250 - Set database path to: C:\Users\hyn02\.stmcufinder\plugins\mcufinder//mcu/
2025-01-02 09:13:58,036 [WARN] DbFile:41 - Overriding database path with different value: C:\Users\hyn02\.stmcufinder\plugins\mcufinder/ => C:\Users\hyn02\.stmcufinder\plugins\mcufinder
2025-01-02 09:13:58,036 [INFO] DbMcusAds:125 - Set database path to: C:\Users\hyn02\.stmcufinder\plugins\mcufinder//mcu/
2025-01-02 09:13:58,036 [WARN] DbFile:41 - Overriding database path with different value: C:\Users\hyn02\.stmcufinder\plugins\mcufinder/ => C:\Users\hyn02\.stmcufinder\plugins\mcufinder
2025-01-02 09:13:58,036 [WARN] DbFile:41 - Overriding database path with different value: C:\Users\hyn02\.stmcufinder\plugins\mcufinder/ => C:\Users\hyn02\.stmcufinder\plugins\mcufinder
2025-01-02 09:13:58,036 [INFO] CrossReferenceDbSqlite:203 - Set database path to: C:\Users\hyn02\.stmcufinder\plugins\mcufinder//mcu/cs/
2025-01-02 09:13:58,053 [INFO] ApplicationProperties:184 - Using Application install path: C:\ST\STM32CubeIDE_1.16.0\STM32CubeIDE\plugins\com.st.stm32cube.common.mx_6.12.0.202406281431
2025-01-02 09:13:58,054 [INFO] PluginManage:196 - Search for loadable plugins [exclusion list=, ]
2025-01-02 09:13:58,055 [INFO] PluginManage:310 - Check plugin analytics
2025-01-02 09:13:58,249 [INFO] AnalyticsPlugin:253 - Accepted Software Licenses: 
2025-01-02 09:13:58,249 [INFO] AnalyticsPlugin:255 - Accepted CMSIS Pack Licenses: 
2025-01-02 09:13:58,249 [INFO] AnalyticsPlugin:257 - Accepted Firmware Licenses: FW.F4.1.28.0
2025-01-02 09:13:58,253 [INFO] PluginManage:359 - Loaded plugin analytics (category:tool,tabindex:-1)
2025-01-02 09:13:58,254 [INFO] PluginManage:310 - Check plugin cadmodel
2025-01-02 09:13:58,259 [INFO] CADModel:105 - Init CAD model plugin
2025-01-02 09:13:58,259 [INFO] PluginManage:359 - Loaded plugin cadmodel (category:power,tabindex:5)
2025-01-02 09:13:58,259 [INFO] PluginManage:310 - Check plugin clock
2025-01-02 09:13:58,269 [INFO] PluginManage:359 - Loaded plugin clock (category:base,tabindex:2)
2025-01-02 09:13:58,272 [INFO] PluginManage:310 - Check plugin ddr
2025-01-02 09:13:58,275 [INFO] PluginManage:359 - Loaded plugin ddr (category:tool,tabindex:6)
2025-01-02 09:13:58,275 [INFO] PluginManage:310 - Check plugin filemanager
2025-01-02 09:13:58,440 [INFO] PluginManage:359 - Loaded plugin filemanager (category:base,tabindex:10)
2025-01-02 09:13:58,441 [INFO] PluginManage:310 - Check plugin ipmanager
2025-01-02 09:13:58,448 [INFO] PluginManage:359 - Loaded plugin ipmanager (category:base,tabindex:5)
2025-01-02 09:13:58,449 [INFO] PluginManage:310 - Check plugin lpbam
2025-01-02 09:13:58,457 [INFO] PluginManage:359 - Loaded plugin lpbam (category:base,tabindex:0)
2025-01-02 09:13:58,458 [INFO] PluginManage:310 - Check plugin memorymap
2025-01-02 09:13:58,471 [INFO] PluginManage:359 - Loaded plugin memorymap (category:base,tabindex:4)
2025-01-02 09:13:58,471 [INFO] PluginManage:310 - Check plugin pinoutandconfiguration
2025-01-02 09:13:58,482 [INFO] PluginManage:359 - Loaded plugin pinoutandconfiguration (category:base,tabindex:1)
2025-01-02 09:13:58,482 [INFO] PluginManage:310 - Check plugin pinoutconfig
2025-01-02 09:13:58,571 [WARN] SupportedApi:132 - Cannot load RTOS API schema: s4s-elt-must-match.1: The content of 'definitions' must match (annotation?, (simpleType | complexType)?, (unique | key | keyref)*)). A problem was found starting at: attribute.
2025-01-02 09:13:58,706 [INFO] PluginManage:359 - Loaded plugin pinoutconfig (category:base,tabindex:0)
2025-01-02 09:13:58,706 [INFO] PluginManage:310 - Check plugin power
2025-01-02 09:13:58,718 [INFO] PluginManage:359 - Loaded plugin power (category:power,tabindex:4)
2025-01-02 09:13:58,718 [INFO] PluginManage:310 - Check plugin projectmanager
2025-01-02 09:13:58,738 [INFO] PluginManage:359 - Loaded plugin projectmanager (category:projectmanager,tabindex:4)
2025-01-02 09:13:58,738 [INFO] PluginManage:310 - Check plugin rif
2025-01-02 09:13:58,745 [INFO] PluginManage:359 - Loaded plugin rif (category:base,tabindex:3)
2025-01-02 09:13:58,746 [INFO] PluginManage:310 - Check plugin thirdparty
2025-01-02 09:13:58,878 [INFO] PluginManage:359 - Loaded plugin thirdparty (category:base,tabindex:-1)
2025-01-02 09:13:58,878 [WARN] IntegrityCheckThread:84 - waiting for thirdparty lock release [integrity check]
2025-01-02 09:13:58,878 [INFO] PluginManage:310 - Check plugin tools
2025-01-02 09:13:58,878 [INFO] IntegrityCheckThread:86 - entering critical section [integrity check]
2025-01-02 09:13:58,879 [INFO] ThirdPartyUpdaterWithRetryManager:70 - Updater plugin not ready yet. [1/15]
2025-01-02 09:13:58,880 [INFO] PluginManage:359 - Loaded plugin tools (category:base,tabindex:7)
2025-01-02 09:13:58,880 [INFO] PluginManage:310 - Check plugin tutovideos
2025-01-02 09:13:59,056 [INFO] PluginManage:359 - Loaded plugin tutovideos (category:base,tabindex:-1)
2025-01-02 09:13:59,056 [INFO] PluginManage:310 - Check plugin updater
2025-01-02 09:13:59,072 [INFO] PluginManage:359 - Loaded plugin updater (category:base,tabindex:12)
2025-01-02 09:13:59,072 [INFO] PluginManage:310 - Check plugin userauth
2025-01-02 09:13:59,078 [INFO] UserAuth:113 - Init User Auth plugin
2025-01-02 09:13:59,078 [INFO] PluginManage:359 - Loaded plugin userauth (category:base,tabindex:14)
2025-01-02 09:13:59,078 [INFO] PluginManage:283 - PluginManage : Loaded plugins [18]
2025-01-02 09:13:59,267 [INFO] PinOutPanel:1561 - setPackage(No Configuration,No Configuration)
2025-01-02 09:13:59,348 [INFO] CADModel:165 - CPN selected for project level
2025-01-02 09:13:59,349 [INFO] CADModel:114 - Register for checkConnection events
2025-01-02 09:13:59,364 [INFO] IPUIPlugin:80 - create IPUIPlugin
2025-01-02 09:13:59,364 [INFO] PluginManager:220 - loadIPPluginJar : add adc
2025-01-02 09:13:59,366 [INFO] IPUIPlugin:80 - create IPUIPlugin
2025-01-02 09:13:59,366 [INFO] PluginManager:220 - loadIPPluginJar : add aes
2025-01-02 09:13:59,369 [INFO] IPUIPlugin:80 - create IPUIPlugin
2025-01-02 09:13:59,369 [INFO] PluginManager:220 - loadIPPluginJar : add can
2025-01-02 09:13:59,370 [INFO] IPUIPlugin:80 - create IPUIPlugin
2025-01-02 09:13:59,370 [INFO] PluginManager:220 - loadIPPluginJar : add comp
2025-01-02 09:13:59,372 [INFO] IPUIPlugin:80 - create IPUIPlugin
2025-01-02 09:13:59,372 [INFO] PluginManager:220 - loadIPPluginJar : add cryp
2025-01-02 09:13:59,375 [INFO] IPUIPlugin:80 - create IPUIPlugin
2025-01-02 09:13:59,375 [INFO] PluginManager:220 - loadIPPluginJar : add ddr_ctrl_phy
2025-01-02 09:13:59,377 [INFO] IPUIPlugin:80 - create IPUIPlugin
2025-01-02 09:13:59,377 [INFO] PluginManager:220 - loadIPPluginJar : add dfsdm
2025-01-02 09:13:59,381 [INFO] IPUIPlugin:80 - create IPUIPlugin
2025-01-02 09:13:59,382 [INFO] PluginManager:220 - loadIPPluginJar : add dma
2025-01-02 09:13:59,384 [INFO] IPUIPlugin:80 - create IPUIPlugin
2025-01-02 09:13:59,384 [INFO] PluginManager:220 - loadIPPluginJar : add dma3
2025-01-02 09:13:59,386 [INFO] IPUIPlugin:80 - create IPUIPlugin
2025-01-02 09:13:59,386 [INFO] PluginManager:220 - loadIPPluginJar : add extmemmanager
2025-01-02 09:13:59,387 [INFO] IPUIPlugin:80 - create IPUIPlugin
2025-01-02 09:13:59,388 [INFO] PluginManager:220 - loadIPPluginJar : add fatfs
2025-01-02 09:13:59,393 [INFO] IPUIPlugin:80 - create IPUIPlugin
2025-01-02 09:13:59,393 [INFO] PluginManager:220 - loadIPPluginJar : add fmc
2025-01-02 09:13:59,398 [INFO] IPUIPlugin:80 - create IPUIPlugin
2025-01-02 09:13:59,398 [INFO] PluginManager:220 - loadIPPluginJar : add freertos
2025-01-02 09:13:59,399 [INFO] IPUIPlugin:80 - create IPUIPlugin
2025-01-02 09:13:59,399 [INFO] PluginManager:220 - loadIPPluginJar : add genericplugin
2025-01-02 09:13:59,400 [INFO] IPUIPlugin:80 - create IPUIPlugin
2025-01-02 09:13:59,400 [INFO] PluginManager:220 - loadIPPluginJar : add gfxmmu
2025-01-02 09:13:59,404 [INFO] IPUIPlugin:80 - create IPUIPlugin
2025-01-02 09:13:59,404 [INFO] PluginManager:220 - loadIPPluginJar : add gic
2025-01-02 09:13:59,407 [INFO] IPUIPlugin:80 - create IPUIPlugin
2025-01-02 09:13:59,409 [INFO] PluginManager:220 - loadIPPluginJar : add gpio
2025-01-02 09:13:59,411 [INFO] IPUIPlugin:80 - create IPUIPlugin
2025-01-02 09:13:59,411 [INFO] PluginManager:220 - loadIPPluginJar : add gtzc
2025-01-02 09:13:59,413 [INFO] IPUIPlugin:80 - create IPUIPlugin
2025-01-02 09:13:59,413 [INFO] PluginManager:220 - loadIPPluginJar : add hash
2025-01-02 09:13:59,416 [INFO] IPUIPlugin:80 - create IPUIPlugin
2025-01-02 09:13:59,416 [INFO] PluginManager:220 - loadIPPluginJar : add i2c
2025-01-02 09:13:59,418 [INFO] IPUIPlugin:80 - create IPUIPlugin
2025-01-02 09:13:59,418 [INFO] PluginManager:220 - loadIPPluginJar : add i2s
2025-01-02 09:13:59,419 [INFO] IPUIPlugin:80 - create IPUIPlugin
2025-01-02 09:13:59,420 [INFO] PluginManager:220 - loadIPPluginJar : add i3c
2025-01-02 09:13:59,423 [INFO] IPUIPlugin:80 - create IPUIPlugin
2025-01-02 09:13:59,423 [INFO] PluginManager:220 - loadIPPluginJar : add ipddr
2025-01-02 09:13:59,429 [INFO] IPUIPlugin:80 - create IPUIPlugin
2025-01-02 09:13:59,430 [INFO] PluginManager:220 - loadIPPluginJar : add linkedlist
2025-01-02 09:13:59,434 [INFO] IPUIPlugin:80 - create IPUIPlugin
2025-01-02 09:13:59,434 [INFO] PluginManager:220 - loadIPPluginJar : add lorawan
2025-01-02 09:13:59,435 [INFO] IPUIPlugin:80 - create IPUIPlugin
2025-01-02 09:13:59,435 [INFO] PluginManager:220 - loadIPPluginJar : add ltdc
2025-01-02 09:13:59,439 [INFO] IPUIPlugin:80 - create IPUIPlugin
2025-01-02 09:13:59,439 [INFO] PluginManager:220 - loadIPPluginJar : add mdma
2025-01-02 09:13:59,443 [INFO] IPUIPlugin:80 - create IPUIPlugin
2025-01-02 09:13:59,443 [INFO] PluginManager:220 - loadIPPluginJar : add nvic
2025-01-02 09:13:59,445 [INFO] IPUIPlugin:80 - create IPUIPlugin
2025-01-02 09:13:59,446 [INFO] PluginManager:220 - loadIPPluginJar : add opamp
2025-01-02 09:13:59,448 [INFO] IPUIPlugin:80 - create IPUIPlugin
2025-01-02 09:13:59,448 [INFO] PluginManager:220 - loadIPPluginJar : add openamp
2025-01-02 09:13:59,450 [INFO] IPUIPlugin:80 - create IPUIPlugin
2025-01-02 09:13:59,450 [INFO] PluginManager:220 - loadIPPluginJar : add pdm2pcm
2025-01-02 09:13:59,456 [INFO] IPUIPlugin:80 - create IPUIPlugin
2025-01-02 09:13:59,458 [INFO] PluginManager:220 - loadIPPluginJar : add plateformsettings
2025-01-02 09:13:59,460 [INFO] IPUIPlugin:80 - create IPUIPlugin
2025-01-02 09:13:59,460 [INFO] PluginManager:220 - loadIPPluginJar : add quadspi
2025-01-02 09:13:59,462 [INFO] IPUIPlugin:80 - create IPUIPlugin
2025-01-02 09:13:59,462 [INFO] PluginManager:220 - loadIPPluginJar : add radio
2025-01-02 09:13:59,465 [INFO] IPUIPlugin:80 - create IPUIPlugin
2025-01-02 09:13:59,465 [INFO] PluginManager:220 - loadIPPluginJar : add resmgrutility
2025-01-02 09:13:59,467 [INFO] IPUIPlugin:80 - create IPUIPlugin
2025-01-02 09:13:59,468 [INFO] PluginManager:220 - loadIPPluginJar : add sai
2025-01-02 09:13:59,470 [INFO] IPUIPlugin:80 - create IPUIPlugin
2025-01-02 09:13:59,470 [INFO] PluginManager:220 - loadIPPluginJar : add spi
2025-01-02 09:13:59,473 [INFO] IPUIPlugin:80 - create IPUIPlugin
2025-01-02 09:13:59,474 [INFO] PluginManager:220 - loadIPPluginJar : add stm32_wpan
2025-01-02 09:13:59,476 [INFO] IPUIPlugin:80 - create IPUIPlugin
2025-01-02 09:13:59,476 [INFO] PluginManager:220 - loadIPPluginJar : add tim
2025-01-02 09:13:59,480 [INFO] IPUIPlugin:80 - create IPUIPlugin
2025-01-02 09:13:59,480 [INFO] PluginManager:220 - loadIPPluginJar : add touchsensing
2025-01-02 09:13:59,481 [INFO] IPUIPlugin:80 - create IPUIPlugin
2025-01-02 09:13:59,481 [INFO] PluginManager:220 - loadIPPluginJar : add tracer_emb
2025-01-02 09:13:59,483 [INFO] IPUIPlugin:80 - create IPUIPlugin
2025-01-02 09:13:59,483 [INFO] PluginManager:220 - loadIPPluginJar : add ts
2025-01-02 09:13:59,483 [INFO] IPUIPlugin:80 - create IPUIPlugin
2025-01-02 09:13:59,483 [INFO] PluginManager:220 - loadIPPluginJar : add tsc
2025-01-02 09:13:59,486 [INFO] IPUIPlugin:80 - create IPUIPlugin
2025-01-02 09:13:59,486 [INFO] PluginManager:220 - loadIPPluginJar : add ucpd
2025-01-02 09:13:59,489 [INFO] IPUIPlugin:80 - create IPUIPlugin
2025-01-02 09:13:59,489 [INFO] PluginManager:220 - loadIPPluginJar : add usart
2025-01-02 09:13:59,493 [INFO] IPUIPlugin:80 - create IPUIPlugin
2025-01-02 09:13:59,493 [INFO] PluginManager:220 - loadIPPluginJar : add usbx
2025-01-02 09:13:59,624 [INFO] CADModel:165 - CPN selected for project level
2025-01-02 09:13:59,624 [INFO] CADModel:114 - Register for checkConnection events
2025-01-02 09:13:59,624 [FATAL] Updater:334 - Updater called before beeing initialized
2025-01-02 09:13:59,624 [ERROR] CADModel:125 - Updater not yet initialized, retry later 
2025-01-02 09:13:59,790 [INFO] CADModel:165 - CPN selected for project level
2025-01-02 09:13:59,790 [INFO] CADModel:114 - Register for checkConnection events
2025-01-02 09:13:59,790 [FATAL] Updater:334 - Updater called before beeing initialized
2025-01-02 09:13:59,790 [ERROR] CADModel:125 - Updater not yet initialized, retry later 
2025-01-02 09:13:59,795 [FATAL] Updater:334 - Updater called before beeing initialized
2025-01-02 09:13:59,927 [FATAL] Updater:334 - Updater called before beeing initialized
2025-01-02 09:13:59,933 [INFO] DbMcusAds:53 - JSON generation date=Wed Dec 18 01:01:15 KST 2024 (1734451275222)
2025-01-02 09:13:59,933 [FATAL] Updater:334 - Updater called before beeing initialized
2025-01-02 09:13:59,973 [WARN] DetailPanel:346 - Failed to get advertising image, set to default
2025-01-02 09:14:00,092 [FATAL] Updater:334 - Updater called before beeing initialized
2025-01-02 09:14:00,095 [FATAL] Updater:334 - Updater called before beeing initialized
2025-01-02 09:14:00,095 [FATAL] Updater:334 - Updater called before beeing initialized
2025-01-02 09:14:00,095 [WARN] DetailPanel:346 - Failed to get advertising image, set to default
2025-01-02 09:14:00,096 [FATAL] Updater:334 - Updater called before beeing initialized
2025-01-02 09:14:00,161 [ERROR] Updater:1164 - MainUpdater not yet initialized. External WinMGr cannot be set.
2025-01-02 09:14:00,165 [INFO] Updater:1100 - Updater Version found : 6.12.0
2025-01-02 09:14:00,190 [INFO] ApplicationProperties:184 - Using Application install path: C:\ST\STM32CubeIDE_1.16.0\STM32CubeIDE\plugins\com.st.stm32cube.common.mx_6.12.0.202406281431
2025-01-02 09:14:01,769 [ERROR] LogOutputStream:75 - [STDERR_REDIRECT] Jan 02, 2025 9:14:01 AM java.util.prefs.WindowsPreferences <init>
2025-01-02 09:14:01,771 [ERROR] LogOutputStream:75 - [STDERR_REDIRECT] WARNING: Could not open/create prefs root node Software\JavaSoft\Prefs at root 0xffffffff80000002. Windows RegCreateKeyEx(...) returned error code 5.
2025-01-02 09:14:01,771 [ERROR] LogOutputStream:75 - [STDERR_REDIRECT] 
2025-01-02 09:14:01,881 [INFO] ThirdPartyUpdaterWithRetryManager:70 - Updater plugin not ready yet. [2/15]
2025-01-02 09:14:02,109 [INFO] MainUpdater:2873 - connection check result : 10
2025-01-02 09:14:02,110 [INFO] MainUpdater:290 - Updater Check For Update Now.
2025-01-02 09:14:02,110 [INFO] MicroXplorer:498 - Change Database Version : DB.6.0.120
2025-01-02 09:14:02,117 [INFO] McuFinderGlobals:63 - Set McuFinder mode to 2 (CubeIDE integrated)
2025-01-02 09:14:02,118 [INFO] UserAuth:417 - Internet connection configuration mode: 1
2025-01-02 09:14:02,136 [INFO] JxBrowserEngine:152 - Initiate JxBrowser Engine with user profile folder
2025-01-02 09:14:02,312 [INFO] CheckServerUpdateThread:120 - End of CheckServer Thread
2025-01-02 09:14:02,793 [INFO] WebApp:167 - Instantiating new browser for Auth
2025-01-02 09:14:03,575 [INFO] WebApp:448 - Apply proxy settings
2025-01-02 09:14:03,576 [INFO] WebApp:533 - Chromium requires no authentication
2025-01-02 09:14:03,587 [INFO] WebApp:476 - Direct internet connection detected
2025-01-02 09:14:03,620 [INFO] WebApp:869 - Register for checkConnection events
2025-01-02 09:14:03,620 [INFO] WebApp:448 - Apply proxy settings
2025-01-02 09:14:03,620 [INFO] WebApp:533 - Chromium requires no authentication
2025-01-02 09:14:03,624 [INFO] WebApp:476 - Direct internet connection detected
2025-01-02 09:14:03,811 [INFO] WebApp:220 - Starting web application
2025-01-02 09:14:03,811 [INFO] WebApp:578 - Web application path used C:\ST\STM32CubeIDE_1.16.0\STM32CubeIDE\plugins\com.st.stm32cube.common.mx_6.12.0.202406281431\db\plugins\mcufinder\reactClient1\index.html
2025-01-02 09:14:03,928 [INFO] UserAuth:417 - Internet connection configuration mode: 1
2025-01-02 09:14:04,063 [INFO] WebApp:186 - Connection restablished
2025-01-02 09:14:05,202 [WARN] PackLoader:240 - Cannot read IP mode file for STMicroelectronics.FP-SNS-MOTENVWB1.1.4.0
2025-01-02 09:14:05,214 [WARN] PackLoader:240 - Cannot read IP mode file for STMicroelectronics.FP-ATR-ASTRA1.2.0.1
2025-01-02 09:14:05,232 [WARN] PackLoader:240 - Cannot read IP mode file for STMicroelectronics.X-CUBE-SMBUS.2.1.0
2025-01-02 09:14:05,244 [WARN] PackLoader:240 - Cannot read IP mode file for STMicroelectronics.X-CUBE-WB05N.1.1.0
2025-01-02 09:14:05,316 [WARN] PackLoader:240 - Cannot read IP mode file for STMicroelectronics.X-CUBE-AZRTOS-F7.1.1.0
2025-01-02 09:14:05,462 [WARN] PackLoader:240 - Cannot read IP mode file for STMicroelectronics.X-CUBE-MEMS1.11.0.0
2025-01-02 09:14:05,690 [WARN] PackLoader:240 - Cannot read IP mode file for STMicroelectronics.FP-SNS-FLIGHT1.5.0.2
2025-01-02 09:14:05,699 [WARN] PackLoader:240 - Cannot read IP mode file for STMicroelectronics.X-CUBE-DISPLAY.3.0.0
2025-01-02 09:14:05,713 [WARN] PackLoader:240 - Cannot read IP mode file for STMicroelectronics.X-CUBE-BLE1.7.0.0
2025-01-02 09:14:05,725 [WARN] PackLoader:240 - Cannot read IP mode file for STMicroelectronics.X-CUBE-NFC10.1.0.0
2025-01-02 09:14:05,738 [WARN] PackLoader:240 - Cannot read IP mode file for STMicroelectronics.X-CUBE-BLEMGR.4.0.0
2025-01-02 09:14:05,748 [WARN] PackLoader:240 - Cannot read IP mode file for emotas.I-CUBE-CANOPEN.1.3.0
2025-01-02 09:14:05,761 [WARN] PackLoader:240 - Cannot read IP mode file for STMicroelectronics.X-CUBE-BLEMGR.3.1.0
2025-01-02 09:14:05,767 [WARN] PackLoader:240 - Cannot read IP mode file for STMicroelectronics.FP-SNS-SMARTAG2.1.2.0
2025-01-02 09:14:05,831 [WARN] PackLoader:240 - Cannot read IP mode file for STMicroelectronics.X-CUBE-MEMS1.11.1.0
2025-01-02 09:14:06,059 [INFO] LogOutputStream:77 - [STDOUT_REDIRECT] 1 : Invalid condition id : UX_CORESTACK_Condition cause : null
2025-01-02 09:14:06,060 [INFO] LogOutputStream:77 - [STDOUT_REDIRECT] 1 : Invalid condition id : UX_CORESTACK_Condition cause : null
2025-01-02 09:14:06,061 [INFO] LogOutputStream:77 - [STDOUT_REDIRECT] 1 : Invalid condition id : UX_CORESTACK_Condition cause : null
2025-01-02 09:14:06,062 [INFO] LogOutputStream:77 - [STDOUT_REDIRECT] 1 : Invalid condition id : UX_CORESTACK_Condition cause : null
2025-01-02 09:14:06,063 [INFO] LogOutputStream:77 - [STDOUT_REDIRECT] 1 : Invalid condition id : UX_CORESTACK_Condition cause : null
2025-01-02 09:14:06,067 [WARN] PackLoader:240 - Cannot read IP mode file for STMicroelectronics.X-CUBE-AZRTOS-WL.2.0.0
2025-01-02 09:14:06,075 [WARN] PackLoader:240 - Cannot read IP mode file for STMicroelectronics.FP-SNS-MOTENV1.5.0.0
2025-01-02 09:14:06,080 [WARN] PackLoader:240 - Cannot read IP mode file for wolfSSL.I-CUBE-wolfMQTT.1.19.0
2025-01-02 09:14:06,090 [WARN] PackLoader:240 - Cannot read IP mode file for WES.I-CUBE-Cesium.1.3.0
2025-01-02 09:14:06,095 [WARN] PackLoader:240 - Cannot read IP mode file for STMicroelectronics.X-CUBE-BLE2.3.3.0
2025-01-02 09:14:06,100 [WARN] PackLoader:240 - Cannot read IP mode file for STMicroelectronics.X-CUBE-NFC9.1.0.0
2025-01-02 09:14:06,110 [WARN] PackLoader:240 - Cannot read IP mode file for STMicroelectronics.X-CUBE-TCPP.4.1.0
2025-01-02 09:14:06,130 [WARN] PackLoader:240 - Cannot read IP mode file for STMicroelectronics.X-CUBE-AZRTOS-G0.1.1.0
2025-01-02 09:14:06,140 [WARN] PackLoader:240 - Cannot read IP mode file for STMicroelectronics.X-CUBE-SAFEA1.1.2.2
2025-01-02 09:14:06,148 [WARN] PackLoader:240 - Cannot read IP mode file for STMicroelectronics.X-CUBE-NFC4.3.0.0
2025-01-02 09:14:06,160 [WARN] PackLoader:240 - Cannot read IP mode file for EmbeddedOffice.I-CUBE-FS-RTOS.1.0.1
2025-01-02 09:14:06,160 [ERROR] ConditionMgr:805 - Attr not supported : Dmpu
2025-01-02 09:14:06,160 [ERROR] ConditionMgr:805 - Attr not supported : Dmpu
2025-01-02 09:14:06,160 [ERROR] ConditionMgr:805 - Attr not supported : Dmpu
2025-01-02 09:14:06,160 [ERROR] ConditionMgr:805 - Attr not supported : Dmpu
2025-01-02 09:14:06,160 [ERROR] ConditionMgr:805 - Attr not supported : Dmpu
2025-01-02 09:14:06,162 [ERROR] ConditionMgr:805 - Attr not supported : Dmpu
2025-01-02 09:14:06,162 [ERROR] ConditionMgr:805 - Attr not supported : Dmpu
2025-01-02 09:14:06,162 [ERROR] ConditionMgr:805 - Attr not supported : Dmpu
2025-01-02 09:14:06,162 [ERROR] ConditionMgr:805 - Attr not supported : Dmpu
2025-01-02 09:14:06,162 [ERROR] ConditionMgr:805 - Attr not supported : Dmpu
2025-01-02 09:14:06,162 [ERROR] ConditionMgr:805 - Attr not supported : Dmpu
2025-01-02 09:14:06,162 [ERROR] ConditionMgr:805 - Attr not supported : Dmpu
2025-01-02 09:14:06,162 [ERROR] ConditionMgr:805 - Attr not supported : Dmpu
2025-01-02 09:14:06,162 [ERROR] ConditionMgr:805 - Attr not supported : Dmpu
2025-01-02 09:14:06,162 [ERROR] ConditionMgr:805 - Attr not supported : Dmpu
2025-01-02 09:14:06,162 [ERROR] ConditionMgr:805 - Attr not supported : Dmpu
2025-01-02 09:14:06,162 [ERROR] ConditionMgr:805 - Attr not supported : Dmpu
2025-01-02 09:14:06,162 [ERROR] ConditionMgr:805 - Attr not supported : Dmpu
2025-01-02 09:14:06,162 [ERROR] ConditionMgr:805 - Attr not supported : Dmpu
2025-01-02 09:14:06,162 [ERROR] ConditionMgr:805 - Attr not supported : Dmpu
2025-01-02 09:14:06,162 [ERROR] ConditionMgr:805 - Attr not supported : Dmpu
2025-01-02 09:14:06,163 [ERROR] ConditionMgr:805 - Attr not supported : Dmpu
2025-01-02 09:14:06,163 [ERROR] ConditionMgr:805 - Attr not supported : Dmpu
2025-01-02 09:14:06,163 [ERROR] ConditionMgr:805 - Attr not supported : Dmpu
2025-01-02 09:14:06,163 [ERROR] ConditionMgr:805 - Attr not supported : Dmpu
2025-01-02 09:14:06,163 [ERROR] ConditionMgr:805 - Attr not supported : Dmpu
2025-01-02 09:14:06,163 [ERROR] ConditionMgr:805 - Attr not supported : Dmpu
2025-01-02 09:14:06,163 [ERROR] ConditionMgr:805 - Attr not supported : Dmpu
2025-01-02 09:14:06,163 [ERROR] ConditionMgr:805 - Attr not supported : Dmpu
2025-01-02 09:14:06,163 [ERROR] ConditionMgr:805 - Attr not supported : Dmpu
2025-01-02 09:14:06,163 [ERROR] ConditionMgr:805 - Attr not supported : Dmpu
2025-01-02 09:14:06,163 [ERROR] ConditionMgr:805 - Attr not supported : Dmpu
2025-01-02 09:14:06,163 [ERROR] ConditionMgr:805 - Attr not supported : Dmpu
2025-01-02 09:14:06,163 [ERROR] ConditionMgr:805 - Attr not supported : Dmpu
2025-01-02 09:14:06,163 [ERROR] ConditionMgr:805 - Attr not supported : Dmpu
2025-01-02 09:14:06,163 [ERROR] ConditionMgr:805 - Attr not supported : Dmpu
2025-01-02 09:14:06,163 [ERROR] ConditionMgr:805 - Attr not supported : Dmpu
2025-01-02 09:14:06,163 [ERROR] ConditionMgr:805 - Attr not supported : Dmpu
2025-01-02 09:14:06,163 [ERROR] ConditionMgr:805 - Attr not supported : Dmpu
2025-01-02 09:14:06,163 [ERROR] ConditionMgr:805 - Attr not supported : Dmpu
2025-01-02 09:14:06,163 [ERROR] ConditionMgr:805 - Attr not supported : Dmpu
2025-01-02 09:14:06,163 [ERROR] ConditionMgr:805 - Attr not supported : Dmpu
2025-01-02 09:14:06,164 [ERROR] ConditionMgr:805 - Attr not supported : Dmpu
2025-01-02 09:14:06,164 [ERROR] ConditionMgr:805 - Attr not supported : Dmpu
2025-01-02 09:14:06,164 [ERROR] ConditionMgr:805 - Attr not supported : Dmpu
2025-01-02 09:14:06,164 [ERROR] ConditionMgr:805 - Attr not supported : Dmpu
2025-01-02 09:14:06,164 [ERROR] ConditionMgr:805 - Attr not supported : Dmpu
2025-01-02 09:14:06,164 [ERROR] ConditionMgr:805 - Attr not supported : Dmpu
2025-01-02 09:14:06,164 [ERROR] ConditionMgr:805 - Attr not supported : Dmpu
2025-01-02 09:14:06,164 [ERROR] ConditionMgr:805 - Attr not supported : Dmpu
2025-01-02 09:14:06,164 [ERROR] ConditionMgr:805 - Attr not supported : Dmpu
2025-01-02 09:14:06,164 [ERROR] ConditionMgr:805 - Attr not supported : Dmpu
2025-01-02 09:14:06,164 [ERROR] ConditionMgr:805 - Attr not supported : Dmpu
2025-01-02 09:14:06,164 [ERROR] ConditionMgr:805 - Attr not supported : Dmpu
2025-01-02 09:14:06,164 [ERROR] ConditionMgr:805 - Attr not supported : Dmpu
2025-01-02 09:14:06,164 [ERROR] ConditionMgr:805 - Attr not supported : Dmpu
2025-01-02 09:14:06,164 [ERROR] ConditionMgr:805 - Attr not supported : Dmpu
2025-01-02 09:14:06,164 [ERROR] ConditionMgr:805 - Attr not supported : Dmpu
2025-01-02 09:14:06,164 [ERROR] ConditionMgr:805 - Attr not supported : Dmpu
2025-01-02 09:14:06,164 [ERROR] ConditionMgr:805 - Attr not supported : Dmpu
2025-01-02 09:14:06,165 [ERROR] ConditionMgr:805 - Attr not supported : Dmpu
2025-01-02 09:14:06,165 [ERROR] ConditionMgr:805 - Attr not supported : Dmpu
2025-01-02 09:14:06,165 [ERROR] ConditionMgr:805 - Attr not supported : Dmpu
2025-01-02 09:14:06,165 [ERROR] ConditionMgr:805 - Attr not supported : Dmpu
2025-01-02 09:14:06,170 [ERROR] Engine:466 - C:\Users\hyn02\.stm32cubemx\thirdparties\pdsc\STMicroelectronics.X-CUBE-TCPP.4.2.0.pdsc: PDSC version is not supported
2025-01-02 09:14:06,177 [WARN] PackLoader:240 - Cannot read IP mode file for RealThread.X-CUBE-RT-Thread_Nano.4.1.1
2025-01-02 09:14:06,182 [WARN] PackLoader:240 - Cannot read IP mode file for STMicroelectronics.FP-ATR-SIGFOX1.3.2.0
2025-01-02 09:14:06,189 [WARN] PackLoader:240 - Cannot read IP mode file for wolfSSL.I-CUBE-wolfSSL.5.7.2
2025-01-02 09:14:06,194 [WARN] ConditionMgr:438 - getConditionDescription Invalid condition id : Cortex-A Device cause : null
2025-01-02 09:14:06,225 [WARN] ConditionMgr:1039 - genDependencies : Invalid condition id : Cortex-A Device cause : null
2025-01-02 09:14:06,225 [WARN] ConditionMgr:1039 - genDependencies : Invalid condition id : Cortex-A Device cause : null
2025-01-02 09:14:06,225 [WARN] ConditionMgr:1039 - genDependencies : Invalid condition id : Cortex-A Device cause : null
2025-01-02 09:14:06,233 [WARN] PackLoader:240 - Cannot read IP mode file for STMicroelectronics.X-CUBE-EEPRMA1.5.1.0
2025-01-02 09:14:06,245 [WARN] PackLoader:240 - Cannot read IP mode file for ITTIA_DB.I-CUBE-ITTIADB.8.9.0
2025-01-02 09:14:06,302 [WARN] PackLoader:240 - Cannot read IP mode file for SEGGER.I-CUBE-embOS.1.3.1
2025-01-02 09:14:06,350 [WARN] PackLoader:240 - Cannot read IP mode file for STMicroelectronics.X-CUBE-ALGOBUILD.1.4.0
2025-01-02 09:14:06,363 [WARN] PackLoader:240 - Cannot read IP mode file for STMicroelectronics.X-CUBE-AI.9.1.0
2025-01-02 09:14:06,384 [WARN] PackLoader:240 - Cannot read IP mode file for STMicroelectronics.X-CUBE-AZRTOS-F4.1.1.0
2025-01-02 09:14:06,393 [WARN] PackLoader:240 - Cannot read IP mode file for STMicroelectronics.X-CUBE-ISPU.2.1.0
2025-01-02 09:14:06,399 [WARN] PackLoader:240 - Cannot read IP mode file for STMicroelectronics.X-CUBE-FREERTOS.1.2.0
2025-01-02 09:14:06,424 [WARN] PackLoader:240 - Cannot read IP mode file for STMicroelectronics.X-CUBE-AZRTOS-L5.2.0.0
2025-01-02 09:14:06,439 [WARN] PackLoader:240 - Cannot read IP mode file for STMicroelectronics.X-CUBE-NFC6.3.1.0
2025-01-02 09:14:06,449 [WARN] PackLoader:240 - Cannot read IP mode file for STMicroelectronics.X-CUBE-DPower.1.2.0
2025-01-02 09:14:06,457 [WARN] PackLoader:240 - Cannot read IP mode file for STMicroelectronics.X-CUBE-AI.9.0.0
2025-01-02 09:14:06,464 [WARN] PackLoader:240 - Cannot read IP mode file for STMicroelectronics.X-CUBE-FREERTOS.1.3.0
2025-01-02 09:14:06,471 [WARN] PackLoader:240 - Cannot read IP mode file for STMicroelectronics.X-CUBE-NFC7.1.0.1
2025-01-02 09:14:06,498 [WARN] ConditionMgr:438 - getConditionDescription Invalid condition id : LAN8742 Phy interface Condition cause : null
2025-01-02 09:14:06,499 [WARN] PackLoader:240 - Cannot read IP mode file for STMicroelectronics.X-CUBE-AZRTOS-L4.2.0.0
2025-01-02 09:14:06,500 [WARN] ConditionMgr:1039 - genDependencies : Invalid condition id : LAN8742 Phy interface Condition cause : null
2025-01-02 09:14:06,500 [WARN] ConditionMgr:1039 - genDependencies : Invalid condition id : LAN8742 Phy interface Condition cause : null
2025-01-02 09:14:06,504 [WARN] ConditionMgr:1039 - genDependencies : Invalid condition id : LAN8742 Phy interface Condition cause : null
2025-01-02 09:14:06,514 [WARN] PackLoader:240 - Cannot read IP mode file for STMicroelectronics.X-CUBE-SFXS2LP1.4.0.0
2025-01-02 09:14:06,542 [WARN] PackLoader:240 - Cannot read IP mode file for STMicroelectronics.X-CUBE-AZRTOS-H7.3.3.0
2025-01-02 09:14:06,558 [WARN] PackLoader:240 - Cannot read IP mode file for STMicroelectronics.X-CUBE-IPS.3.0.0
2025-01-02 09:14:06,575 [WARN] ConditionMgr:438 - getConditionDescription Invalid condition id : UX DEVICE CLASS RTOS Condition cause : null
2025-01-02 09:14:06,575 [WARN] ConditionMgr:438 - getConditionDescription Invalid condition id : UX DEVICE CLASS RTOS Condition cause : null
2025-01-02 09:14:06,578 [WARN] PackLoader:240 - Cannot read IP mode file for STMicroelectronics.X-CUBE-AZRTOS-WB.2.0.0
2025-01-02 09:14:06,579 [WARN] ConditionMgr:1039 - genDependencies : Invalid condition id : UX DEVICE CLASS RTOS Condition cause : null
2025-01-02 09:14:06,579 [WARN] ConditionMgr:1039 - genDependencies : Invalid condition id : UX DEVICE CLASS RTOS Condition cause : null
2025-01-02 09:14:06,579 [WARN] ConditionMgr:1039 - genDependencies : Invalid condition id : UX DEVICE CLASS RTOS Condition cause : null
2025-01-02 09:14:06,580 [WARN] ConditionMgr:1039 - genDependencies : Invalid condition id : UX DEVICE CLASS RTOS Condition cause : null
2025-01-02 09:14:06,580 [WARN] ConditionMgr:1039 - genDependencies : Invalid condition id : UX DEVICE CLASS RTOS Condition cause : null
2025-01-02 09:14:06,590 [WARN] PackLoader:240 - Cannot read IP mode file for STMicroelectronics.X-CUBE-GNSS1.7.0.0
2025-01-02 09:14:06,595 [WARN] PackLoader:240 - Cannot read IP mode file for STMicroelectronics.X-CUBE-GNSS1.7.0.1
2025-01-02 09:14:06,606 [WARN] PackLoader:240 - Cannot read IP mode file for STMicroelectronics.FP-SNS-STBOX1.2.0.0
2025-01-02 09:14:06,620 [WARN] PackLoader:240 - Cannot read IP mode file for STMicroelectronics.X-CUBE-SUBG2.5.0.0
2025-01-02 09:14:06,632 [WARN] PackLoader:240 - Cannot read IP mode file for Cesanta.I-CUBE-Mongoose.7.13.0
2025-01-02 09:14:06,651 [WARN] PackLoader:240 - Cannot read IP mode file for STMicroelectronics.X-CUBE-AZRTOS-G4.2.0.0
2025-01-02 09:14:06,659 [WARN] PackLoader:240 - Cannot read IP mode file for STMicroelectronics.X-CUBE-ISPU.2.0.0
2025-01-02 09:14:06,665 [WARN] PackLoader:240 - Cannot read IP mode file for STMicroelectronics.X-CUBE-ALS.1.0.2
2025-01-02 09:14:06,673 [WARN] PackLoader:240 - Cannot read IP mode file for STMicroelectronics.X-CUBE-TOUCHGFX.4.24.0
2025-01-02 09:14:06,676 [WARN] PackLoader:240 - Cannot read IP mode file for STMicroelectronics.X-CUBE-TOUCHGFX.4.24.1
2025-01-02 09:14:06,681 [WARN] PackLoader:240 - Cannot read IP mode file for wolfSSL.I-CUBE-wolfTPM.3.4.0
2025-01-02 09:14:06,689 [WARN] PackLoader:240 - Cannot read IP mode file for portGmbH.I-Cube-SoM-uGOAL.1.1.0
2025-01-02 09:14:06,712 [WARN] PackLoader:240 - Cannot read IP mode file for STMicroelectronics.X-CUBE-AZRTOS-H7RS.1.0.0
2025-01-02 09:14:06,720 [WARN] PackLoader:240 - Cannot read IP mode file for STMicroelectronics.FP-ATR-ASTRA1.2.0.0
2025-01-02 09:14:06,731 [WARN] PackLoader:240 - Cannot read IP mode file for STMicroelectronics.X-CUBE-TOF1.3.4.2
2025-01-02 09:14:06,769 [WARN] PackLoader:240 - Cannot read IP mode file for Infineon.AIROC-Wi-Fi-Bluetooth-STM32.1.6.1
2025-01-02 09:14:06,780 [WARN] PackLoader:240 - Cannot read IP mode file for wolfSSL.I-CUBE-wolfSSH.1.4.17
2025-01-02 09:14:06,781 [INFO] ThirdParty:978 - Integrity check success = true
2025-01-02 09:14:06,781 [INFO] IntegrityCheckThread:100 - exiting critical section [integrity check]
2025-01-02 09:14:06,781 [INFO] IntegrityCheckThread:103 - End integrity checks thread
2025-01-02 14:42:40,228 [INFO] WebApp:189 - Connection lost
2025-01-02 14:42:43,287 [INFO] WebApp:186 - Connection restablished
2025-01-02 14:47:10,689 [INFO] WebApp:189 - Connection lost
2025-01-02 14:47:10,959 [INFO] WebApp:186 - Connection restablished
2025-01-02 14:50:46,193 [INFO] WebApp:189 - Connection lost
2025-01-02 14:50:46,427 [INFO] WebApp:186 - Connection restablished
2025-01-02 19:17:11,209 [INFO] WebApp:189 - Connection lost
2025-01-02 19:17:11,452 [INFO] WebApp:186 - Connection restablished
2025-01-02 20:10:28,986 [INFO] WebApp:189 - Connection lost
2025-01-02 20:10:29,443 [INFO] WebApp:186 - Connection restablished
