2024-12-25 17:54:10,167 [INFO] Activator:176 - 


2024-12-25 17:54:10,174 [INFO] Activator:177 - !SESSION log4j initialized
2024-12-25 17:54:16,975 [INFO] LogOutputStream:77 - [STDOUT_REDIRECT] 
2024-12-25 17:54:23,111 [INFO] ApplicationProperties:184 - Using Application install path: C:\ST\STM32CubeIDE_1.16.0\STM32CubeIDE\plugins\com.st.stm32cube.common.mx_6.12.0.202406281431
2024-12-25 17:54:23,133 [INFO] DbMcusXml:78 - Set database path to: C:\ST\STM32CubeIDE_1.16.0\STM32CubeIDE\plugins\com.st.stm32cube.common.mx_6.12.0.202406281431\\db\/mcu/
2024-12-25 17:54:23,134 [INFO] ApiDb:274 - Set plugin database path to: C:\ST\STM32CubeIDE_1.16.0\STM32CubeIDE\plugins\com.st.stm32cube.common.mx_6.12.0.202406281431\\db\/plugins/boardmanager/
2024-12-25 17:54:23,134 [WARN] ApiDb:259 - Overriding images path with different value:  => C:\ST\STM32CubeIDE_1.16.0\STM32CubeIDE\plugins\com.st.stm32cube.common.mx_6.12.0.202406281431\\db\/plugins/mcufinder/images/
2024-12-25 17:54:23,143 [INFO] ApiDb:250 - Set database path to: C:\Users\hyn02\.stmcufinder\plugins\mcufinder//mcu/
2024-12-25 17:54:23,144 [INFO] DbMcusAds:125 - Set database path to: C:\Users\hyn02\.stmcufinder\plugins\mcufinder//mcu/
2024-12-25 17:54:23,147 [INFO] CrossReferenceDbSqlite:203 - Set database path to: C:\Users\hyn02\.stmcufinder\plugins\mcufinder//mcu/cs/
2024-12-25 17:54:23,272 [INFO] RulesReader:64 - Compatibility file has been processed (297 Rules)
2024-12-25 17:54:23,367 [INFO] DbMcusXml:78 - Set database path to: C:\ST\STM32CubeIDE_1.16.0\STM32CubeIDE\plugins\com.st.stm32cube.common.mx_6.12.0.202406281431\\db\/mcu/
2024-12-25 17:54:23,367 [INFO] ApiDb:274 - Set plugin database path to: C:\ST\STM32CubeIDE_1.16.0\STM32CubeIDE\plugins\com.st.stm32cube.common.mx_6.12.0.202406281431\\db\/plugins/boardmanager/
2024-12-25 17:54:23,367 [INFO] ApiDb:261 - Set plugin images path to: C:\ST\STM32CubeIDE_1.16.0\STM32CubeIDE\plugins\com.st.stm32cube.common.mx_6.12.0.202406281431\\db\/plugins/mcufinder/images/
2024-12-25 17:54:23,368 [WARN] DbFile:41 - Overriding database path with different value: C:\Users\hyn02\.stmcufinder\plugins\mcufinder/ => C:\Users\hyn02\.stmcufinder\plugins\mcufinder
2024-12-25 17:54:23,368 [INFO] ApiDb:250 - Set database path to: C:\Users\hyn02\.stmcufinder\plugins\mcufinder//mcu/
2024-12-25 17:54:23,368 [WARN] DbFile:41 - Overriding database path with different value: C:\Users\hyn02\.stmcufinder\plugins\mcufinder/ => C:\Users\hyn02\.stmcufinder\plugins\mcufinder
2024-12-25 17:54:23,368 [INFO] DbMcusAds:125 - Set database path to: C:\Users\hyn02\.stmcufinder\plugins\mcufinder//mcu/
2024-12-25 17:54:23,368 [WARN] DbFile:41 - Overriding database path with different value: C:\Users\hyn02\.stmcufinder\plugins\mcufinder/ => C:\Users\hyn02\.stmcufinder\plugins\mcufinder
2024-12-25 17:54:23,368 [WARN] DbFile:41 - Overriding database path with different value: C:\Users\hyn02\.stmcufinder\plugins\mcufinder/ => C:\Users\hyn02\.stmcufinder\plugins\mcufinder
2024-12-25 17:54:23,368 [INFO] CrossReferenceDbSqlite:203 - Set database path to: C:\Users\hyn02\.stmcufinder\plugins\mcufinder//mcu/cs/
2024-12-25 17:54:23,466 [INFO] MainPanel:268 - HeapMemory: 268435456
2024-12-25 17:54:23,579 [INFO] DbMcusXml:78 - Set database path to: C:\ST\STM32CubeIDE_1.16.0\STM32CubeIDE\plugins\com.st.stm32cube.common.mx_6.12.0.202406281431\\db\/mcu/
2024-12-25 17:54:23,579 [INFO] ApiDb:274 - Set plugin database path to: C:\ST\STM32CubeIDE_1.16.0\STM32CubeIDE\plugins\com.st.stm32cube.common.mx_6.12.0.202406281431\\db\/plugins/boardmanager/
2024-12-25 17:54:23,579 [INFO] ApiDb:261 - Set plugin images path to: C:\ST\STM32CubeIDE_1.16.0\STM32CubeIDE\plugins\com.st.stm32cube.common.mx_6.12.0.202406281431\\db\/plugins/mcufinder/images/
2024-12-25 17:54:23,580 [WARN] DbFile:41 - Overriding database path with different value: C:\Users\hyn02\.stmcufinder\plugins\mcufinder/ => C:\Users\hyn02\.stmcufinder\plugins\mcufinder
2024-12-25 17:54:23,580 [INFO] ApiDb:250 - Set database path to: C:\Users\hyn02\.stmcufinder\plugins\mcufinder//mcu/
2024-12-25 17:54:23,580 [WARN] DbFile:41 - Overriding database path with different value: C:\Users\hyn02\.stmcufinder\plugins\mcufinder/ => C:\Users\hyn02\.stmcufinder\plugins\mcufinder
2024-12-25 17:54:23,580 [INFO] DbMcusAds:125 - Set database path to: C:\Users\hyn02\.stmcufinder\plugins\mcufinder//mcu/
2024-12-25 17:54:23,580 [WARN] DbFile:41 - Overriding database path with different value: C:\Users\hyn02\.stmcufinder\plugins\mcufinder/ => C:\Users\hyn02\.stmcufinder\plugins\mcufinder
2024-12-25 17:54:23,580 [WARN] DbFile:41 - Overriding database path with different value: C:\Users\hyn02\.stmcufinder\plugins\mcufinder/ => C:\Users\hyn02\.stmcufinder\plugins\mcufinder
2024-12-25 17:54:23,580 [INFO] CrossReferenceDbSqlite:203 - Set database path to: C:\Users\hyn02\.stmcufinder\plugins\mcufinder//mcu/cs/
2024-12-25 17:54:23,599 [INFO] ApplicationProperties:184 - Using Application install path: C:\ST\STM32CubeIDE_1.16.0\STM32CubeIDE\plugins\com.st.stm32cube.common.mx_6.12.0.202406281431
2024-12-25 17:54:23,600 [INFO] PluginManage:196 - Search for loadable plugins [exclusion list=, ]
2024-12-25 17:54:23,603 [INFO] PluginManage:310 - Check plugin analytics
2024-12-25 17:54:23,793 [INFO] AnalyticsPlugin:253 - Accepted Software Licenses: 
2024-12-25 17:54:23,793 [INFO] AnalyticsPlugin:255 - Accepted CMSIS Pack Licenses: 
2024-12-25 17:54:23,793 [INFO] AnalyticsPlugin:257 - Accepted Firmware Licenses: FW.F4.1.28.0
2024-12-25 17:54:23,797 [INFO] PluginManage:359 - Loaded plugin analytics (category:tool,tabindex:-1)
2024-12-25 17:54:23,797 [INFO] PluginManage:310 - Check plugin cadmodel
2024-12-25 17:54:23,820 [INFO] CADModel:105 - Init CAD model plugin
2024-12-25 17:54:23,821 [INFO] PluginManage:359 - Loaded plugin cadmodel (category:power,tabindex:5)
2024-12-25 17:54:23,821 [INFO] PluginManage:310 - Check plugin clock
2024-12-25 17:54:23,849 [INFO] PluginManage:359 - Loaded plugin clock (category:base,tabindex:2)
2024-12-25 17:54:23,849 [INFO] PluginManage:310 - Check plugin ddr
2024-12-25 17:54:23,853 [INFO] PluginManage:359 - Loaded plugin ddr (category:tool,tabindex:6)
2024-12-25 17:54:23,853 [INFO] PluginManage:310 - Check plugin filemanager
2024-12-25 17:54:24,034 [INFO] PluginManage:359 - Loaded plugin filemanager (category:base,tabindex:10)
2024-12-25 17:54:24,034 [INFO] PluginManage:310 - Check plugin ipmanager
2024-12-25 17:54:24,041 [INFO] PluginManage:359 - Loaded plugin ipmanager (category:base,tabindex:5)
2024-12-25 17:54:24,041 [INFO] PluginManage:310 - Check plugin lpbam
2024-12-25 17:54:24,070 [INFO] PluginManage:359 - Loaded plugin lpbam (category:base,tabindex:0)
2024-12-25 17:54:24,071 [INFO] PluginManage:310 - Check plugin memorymap
2024-12-25 17:54:24,098 [INFO] PluginManage:359 - Loaded plugin memorymap (category:base,tabindex:4)
2024-12-25 17:54:24,098 [INFO] PluginManage:310 - Check plugin pinoutandconfiguration
2024-12-25 17:54:24,118 [INFO] PluginManage:359 - Loaded plugin pinoutandconfiguration (category:base,tabindex:1)
2024-12-25 17:54:24,118 [INFO] PluginManage:310 - Check plugin pinoutconfig
2024-12-25 17:54:24,228 [WARN] SupportedApi:132 - Cannot load RTOS API schema: s4s-elt-must-match.1: The content of 'definitions' must match (annotation?, (simpleType | complexType)?, (unique | key | keyref)*)). A problem was found starting at: attribute.
2024-12-25 17:54:24,369 [INFO] PluginManage:359 - Loaded plugin pinoutconfig (category:base,tabindex:0)
2024-12-25 17:54:24,369 [INFO] PluginManage:310 - Check plugin power
2024-12-25 17:54:24,391 [INFO] PluginManage:359 - Loaded plugin power (category:power,tabindex:4)
2024-12-25 17:54:24,391 [INFO] PluginManage:310 - Check plugin projectmanager
2024-12-25 17:54:24,411 [INFO] PluginManage:359 - Loaded plugin projectmanager (category:projectmanager,tabindex:4)
2024-12-25 17:54:24,411 [INFO] PluginManage:310 - Check plugin rif
2024-12-25 17:54:24,434 [INFO] PluginManage:359 - Loaded plugin rif (category:base,tabindex:3)
2024-12-25 17:54:24,434 [INFO] PluginManage:310 - Check plugin thirdparty
2024-12-25 17:54:24,774 [INFO] PluginManage:359 - Loaded plugin thirdparty (category:base,tabindex:-1)
2024-12-25 17:54:24,774 [INFO] PluginManage:310 - Check plugin tools
2024-12-25 17:54:24,774 [WARN] IntegrityCheckThread:84 - waiting for thirdparty lock release [integrity check]
2024-12-25 17:54:24,774 [INFO] IntegrityCheckThread:86 - entering critical section [integrity check]
2024-12-25 17:54:24,775 [INFO] ThirdPartyUpdaterWithRetryManager:70 - Updater plugin not ready yet. [1/15]
2024-12-25 17:54:24,828 [INFO] PluginManage:359 - Loaded plugin tools (category:base,tabindex:7)
2024-12-25 17:54:24,828 [INFO] PluginManage:310 - Check plugin tutovideos
2024-12-25 17:54:25,066 [INFO] PluginManage:359 - Loaded plugin tutovideos (category:base,tabindex:-1)
2024-12-25 17:54:25,067 [INFO] PluginManage:310 - Check plugin updater
2024-12-25 17:54:25,086 [INFO] PluginManage:359 - Loaded plugin updater (category:base,tabindex:12)
2024-12-25 17:54:25,086 [INFO] PluginManage:310 - Check plugin userauth
2024-12-25 17:54:25,093 [INFO] UserAuth:113 - Init User Auth plugin
2024-12-25 17:54:25,093 [INFO] PluginManage:359 - Loaded plugin userauth (category:base,tabindex:14)
2024-12-25 17:54:25,093 [INFO] PluginManage:283 - PluginManage : Loaded plugins [18]
2024-12-25 17:54:25,308 [INFO] PinOutPanel:1561 - setPackage(No Configuration,No Configuration)
2024-12-25 17:54:25,414 [INFO] CADModel:165 - CPN selected for project level
2024-12-25 17:54:25,414 [INFO] CADModel:114 - Register for checkConnection events
2024-12-25 17:54:25,458 [INFO] IPUIPlugin:80 - create IPUIPlugin
2024-12-25 17:54:25,459 [INFO] PluginManager:220 - loadIPPluginJar : add adc
2024-12-25 17:54:25,518 [INFO] IPUIPlugin:80 - create IPUIPlugin
2024-12-25 17:54:25,518 [INFO] PluginManager:220 - loadIPPluginJar : add aes
2024-12-25 17:54:25,579 [INFO] IPUIPlugin:80 - create IPUIPlugin
2024-12-25 17:54:25,579 [INFO] PluginManager:220 - loadIPPluginJar : add can
2024-12-25 17:54:25,619 [INFO] IPUIPlugin:80 - create IPUIPlugin
2024-12-25 17:54:25,619 [INFO] PluginManager:220 - loadIPPluginJar : add comp
2024-12-25 17:54:25,671 [INFO] IPUIPlugin:80 - create IPUIPlugin
2024-12-25 17:54:25,672 [INFO] PluginManager:220 - loadIPPluginJar : add cryp
2024-12-25 17:54:25,688 [INFO] IPUIPlugin:80 - create IPUIPlugin
2024-12-25 17:54:25,688 [INFO] PluginManager:220 - loadIPPluginJar : add ddr_ctrl_phy
2024-12-25 17:54:25,739 [INFO] IPUIPlugin:80 - create IPUIPlugin
2024-12-25 17:54:25,739 [INFO] PluginManager:220 - loadIPPluginJar : add dfsdm
2024-12-25 17:54:25,757 [INFO] IPUIPlugin:80 - create IPUIPlugin
2024-12-25 17:54:25,758 [INFO] PluginManager:220 - loadIPPluginJar : add dma
2024-12-25 17:54:25,821 [INFO] IPUIPlugin:80 - create IPUIPlugin
2024-12-25 17:54:25,821 [INFO] PluginManager:220 - loadIPPluginJar : add dma3
2024-12-25 17:54:25,883 [INFO] IPUIPlugin:80 - create IPUIPlugin
2024-12-25 17:54:25,883 [INFO] PluginManager:220 - loadIPPluginJar : add extmemmanager
2024-12-25 17:54:25,912 [INFO] IPUIPlugin:80 - create IPUIPlugin
2024-12-25 17:54:25,912 [INFO] PluginManager:220 - loadIPPluginJar : add fatfs
2024-12-25 17:54:25,976 [INFO] IPUIPlugin:80 - create IPUIPlugin
2024-12-25 17:54:25,976 [INFO] PluginManager:220 - loadIPPluginJar : add fmc
2024-12-25 17:54:25,996 [INFO] IPUIPlugin:80 - create IPUIPlugin
2024-12-25 17:54:25,997 [INFO] PluginManager:220 - loadIPPluginJar : add freertos
2024-12-25 17:54:26,025 [INFO] IPUIPlugin:80 - create IPUIPlugin
2024-12-25 17:54:26,025 [INFO] PluginManager:220 - loadIPPluginJar : add genericplugin
2024-12-25 17:54:26,172 [INFO] IPUIPlugin:80 - create IPUIPlugin
2024-12-25 17:54:26,173 [INFO] PluginManager:220 - loadIPPluginJar : add gfxmmu
2024-12-25 17:54:26,383 [INFO] IPUIPlugin:80 - create IPUIPlugin
2024-12-25 17:54:26,383 [INFO] PluginManager:220 - loadIPPluginJar : add gic
2024-12-25 17:54:26,401 [INFO] IPUIPlugin:80 - create IPUIPlugin
2024-12-25 17:54:26,401 [INFO] PluginManager:220 - loadIPPluginJar : add gpio
2024-12-25 17:54:26,600 [INFO] IPUIPlugin:80 - create IPUIPlugin
2024-12-25 17:54:26,600 [INFO] PluginManager:220 - loadIPPluginJar : add gtzc
2024-12-25 17:54:26,649 [INFO] IPUIPlugin:80 - create IPUIPlugin
2024-12-25 17:54:26,649 [INFO] PluginManager:220 - loadIPPluginJar : add hash
2024-12-25 17:54:26,740 [INFO] IPUIPlugin:80 - create IPUIPlugin
2024-12-25 17:54:26,740 [INFO] PluginManager:220 - loadIPPluginJar : add i2c
2024-12-25 17:54:26,807 [INFO] IPUIPlugin:80 - create IPUIPlugin
2024-12-25 17:54:26,807 [INFO] PluginManager:220 - loadIPPluginJar : add i2s
2024-12-25 17:54:26,870 [INFO] IPUIPlugin:80 - create IPUIPlugin
2024-12-25 17:54:26,870 [INFO] PluginManager:220 - loadIPPluginJar : add i3c
2024-12-25 17:54:27,023 [INFO] IPUIPlugin:80 - create IPUIPlugin
2024-12-25 17:54:27,023 [INFO] PluginManager:220 - loadIPPluginJar : add ipddr
2024-12-25 17:54:27,155 [INFO] IPUIPlugin:80 - create IPUIPlugin
2024-12-25 17:54:27,155 [INFO] PluginManager:220 - loadIPPluginJar : add linkedlist
2024-12-25 17:54:27,220 [INFO] IPUIPlugin:80 - create IPUIPlugin
2024-12-25 17:54:27,220 [INFO] PluginManager:220 - loadIPPluginJar : add lorawan
2024-12-25 17:54:27,302 [INFO] IPUIPlugin:80 - create IPUIPlugin
2024-12-25 17:54:27,302 [INFO] PluginManager:220 - loadIPPluginJar : add ltdc
2024-12-25 17:54:27,323 [INFO] IPUIPlugin:80 - create IPUIPlugin
2024-12-25 17:54:27,323 [INFO] PluginManager:220 - loadIPPluginJar : add mdma
2024-12-25 17:54:27,346 [INFO] IPUIPlugin:80 - create IPUIPlugin
2024-12-25 17:54:27,346 [INFO] PluginManager:220 - loadIPPluginJar : add nvic
2024-12-25 17:54:27,425 [INFO] IPUIPlugin:80 - create IPUIPlugin
2024-12-25 17:54:27,425 [INFO] PluginManager:220 - loadIPPluginJar : add opamp
2024-12-25 17:54:27,516 [INFO] IPUIPlugin:80 - create IPUIPlugin
2024-12-25 17:54:27,516 [INFO] PluginManager:220 - loadIPPluginJar : add openamp
2024-12-25 17:54:27,583 [INFO] IPUIPlugin:80 - create IPUIPlugin
2024-12-25 17:54:27,583 [INFO] PluginManager:220 - loadIPPluginJar : add pdm2pcm
2024-12-25 17:54:27,601 [INFO] IPUIPlugin:80 - create IPUIPlugin
2024-12-25 17:54:27,603 [INFO] PluginManager:220 - loadIPPluginJar : add plateformsettings
2024-12-25 17:54:27,635 [INFO] IPUIPlugin:80 - create IPUIPlugin
2024-12-25 17:54:27,635 [INFO] PluginManager:220 - loadIPPluginJar : add quadspi
2024-12-25 17:54:27,681 [INFO] IPUIPlugin:80 - create IPUIPlugin
2024-12-25 17:54:27,682 [INFO] PluginManager:220 - loadIPPluginJar : add radio
2024-12-25 17:54:27,703 [INFO] IPUIPlugin:80 - create IPUIPlugin
2024-12-25 17:54:27,703 [INFO] PluginManager:220 - loadIPPluginJar : add resmgrutility
2024-12-25 17:54:27,777 [INFO] ThirdPartyUpdaterWithRetryManager:70 - Updater plugin not ready yet. [2/15]
2024-12-25 17:54:27,795 [INFO] IPUIPlugin:80 - create IPUIPlugin
2024-12-25 17:54:27,795 [INFO] PluginManager:220 - loadIPPluginJar : add sai
2024-12-25 17:54:27,869 [INFO] IPUIPlugin:80 - create IPUIPlugin
2024-12-25 17:54:27,869 [INFO] PluginManager:220 - loadIPPluginJar : add spi
2024-12-25 17:54:28,012 [INFO] IPUIPlugin:80 - create IPUIPlugin
2024-12-25 17:54:28,012 [INFO] PluginManager:220 - loadIPPluginJar : add stm32_wpan
2024-12-25 17:54:28,055 [INFO] IPUIPlugin:80 - create IPUIPlugin
2024-12-25 17:54:28,055 [INFO] PluginManager:220 - loadIPPluginJar : add tim
2024-12-25 17:54:28,161 [INFO] IPUIPlugin:80 - create IPUIPlugin
2024-12-25 17:54:28,161 [INFO] PluginManager:220 - loadIPPluginJar : add touchsensing
2024-12-25 17:54:28,194 [INFO] IPUIPlugin:80 - create IPUIPlugin
2024-12-25 17:54:28,194 [INFO] PluginManager:220 - loadIPPluginJar : add tracer_emb
2024-12-25 17:54:28,236 [INFO] IPUIPlugin:80 - create IPUIPlugin
2024-12-25 17:54:28,236 [INFO] PluginManager:220 - loadIPPluginJar : add ts
2024-12-25 17:54:28,281 [INFO] IPUIPlugin:80 - create IPUIPlugin
2024-12-25 17:54:28,281 [INFO] PluginManager:220 - loadIPPluginJar : add tsc
2024-12-25 17:54:28,316 [INFO] IPUIPlugin:80 - create IPUIPlugin
2024-12-25 17:54:28,316 [INFO] PluginManager:220 - loadIPPluginJar : add ucpd
2024-12-25 17:54:28,382 [INFO] IPUIPlugin:80 - create IPUIPlugin
2024-12-25 17:54:28,383 [INFO] PluginManager:220 - loadIPPluginJar : add usart
2024-12-25 17:54:28,447 [INFO] IPUIPlugin:80 - create IPUIPlugin
2024-12-25 17:54:28,447 [INFO] PluginManager:220 - loadIPPluginJar : add usbx
2024-12-25 17:54:28,571 [INFO] CADModel:165 - CPN selected for project level
2024-12-25 17:54:28,571 [INFO] CADModel:114 - Register for checkConnection events
2024-12-25 17:54:28,572 [FATAL] Updater:334 - Updater called before beeing initialized
2024-12-25 17:54:28,572 [ERROR] CADModel:125 - Updater not yet initialized, retry later 
2024-12-25 17:54:28,731 [INFO] CADModel:165 - CPN selected for project level
2024-12-25 17:54:28,731 [INFO] CADModel:114 - Register for checkConnection events
2024-12-25 17:54:28,731 [FATAL] Updater:334 - Updater called before beeing initialized
2024-12-25 17:54:28,731 [ERROR] CADModel:125 - Updater not yet initialized, retry later 
2024-12-25 17:54:28,734 [FATAL] Updater:334 - Updater called before beeing initialized
2024-12-25 17:54:28,864 [FATAL] Updater:334 - Updater called before beeing initialized
2024-12-25 17:54:28,877 [INFO] DbMcusAds:53 - JSON generation date=Fri Sep 20 22:04:23 KST 2024 (1726837463113)
2024-12-25 17:54:28,877 [FATAL] Updater:334 - Updater called before beeing initialized
2024-12-25 17:54:28,913 [WARN] DetailPanel:346 - Failed to get advertising image, set to default
2024-12-25 17:54:28,987 [FATAL] Updater:334 - Updater called before beeing initialized
2024-12-25 17:54:28,988 [FATAL] Updater:334 - Updater called before beeing initialized
2024-12-25 17:54:28,989 [FATAL] Updater:334 - Updater called before beeing initialized
2024-12-25 17:54:28,989 [WARN] DetailPanel:346 - Failed to get advertising image, set to default
2024-12-25 17:54:28,989 [FATAL] Updater:334 - Updater called before beeing initialized
2024-12-25 17:54:29,055 [ERROR] Updater:1164 - MainUpdater not yet initialized. External WinMGr cannot be set.
2024-12-25 17:54:29,070 [INFO] Updater:1100 - Updater Version found : 6.12.0
2024-12-25 17:54:29,089 [INFO] ApplicationProperties:184 - Using Application install path: C:\ST\STM32CubeIDE_1.16.0\STM32CubeIDE\plugins\com.st.stm32cube.common.mx_6.12.0.202406281431
2024-12-25 17:54:30,697 [ERROR] LogOutputStream:75 - [STDERR_REDIRECT] Dec 25, 2024 5:54:30 PM java.util.prefs.WindowsPreferences <init>
2024-12-25 17:54:30,698 [ERROR] LogOutputStream:75 - [STDERR_REDIRECT] WARNING: Could not open/create prefs root node Software\JavaSoft\Prefs at root 0xffffffff80000002. Windows RegCreateKeyEx(...) returned error code 5.
2024-12-25 17:54:30,698 [ERROR] LogOutputStream:75 - [STDERR_REDIRECT] 
2024-12-25 17:54:30,782 [INFO] ThirdPartyUpdaterWithRetryManager:70 - Updater plugin not ready yet. [3/15]
2024-12-25 17:54:31,100 [INFO] MainUpdater:2873 - connection check result : 10
2024-12-25 17:54:31,100 [INFO] MainUpdater:290 - Updater Check For Update Now.
2024-12-25 17:54:31,101 [INFO] MicroXplorer:498 - Change Database Version : DB.6.0.120
2024-12-25 17:54:31,122 [INFO] McuFinderGlobals:63 - Set McuFinder mode to 2 (CubeIDE integrated)
2024-12-25 17:54:31,132 [INFO] UserAuth:417 - Internet connection configuration mode: 1
2024-12-25 17:54:31,167 [INFO] JxBrowserEngine:152 - Initiate JxBrowser Engine with user profile folder
2024-12-25 17:54:31,388 [INFO] CheckServerUpdateThread:120 - End of CheckServer Thread
2024-12-25 17:54:34,000 [WARN] PackLoader:240 - Cannot read IP mode file for STMicroelectronics.FP-SNS-MOTENVWB1.1.4.0
2024-12-25 17:54:34,022 [WARN] PackLoader:240 - Cannot read IP mode file for STMicroelectronics.FP-ATR-ASTRA1.2.0.1
2024-12-25 17:54:34,042 [WARN] PackLoader:240 - Cannot read IP mode file for STMicroelectronics.X-CUBE-SMBUS.2.1.0
2024-12-25 17:54:34,065 [WARN] PackLoader:240 - Cannot read IP mode file for STMicroelectronics.X-CUBE-WB05N.1.1.0
2024-12-25 17:54:34,117 [WARN] PackLoader:240 - Cannot read IP mode file for STMicroelectronics.X-CUBE-AZRTOS-F7.1.1.0
2024-12-25 17:54:34,227 [WARN] PackLoader:240 - Cannot read IP mode file for STMicroelectronics.X-CUBE-MEMS1.11.0.0
2024-12-25 17:54:34,408 [WARN] PackLoader:240 - Cannot read IP mode file for STMicroelectronics.FP-SNS-FLIGHT1.5.0.2
2024-12-25 17:54:34,428 [WARN] PackLoader:240 - Cannot read IP mode file for STMicroelectronics.X-CUBE-DISPLAY.3.0.0
2024-12-25 17:54:34,452 [WARN] PackLoader:240 - Cannot read IP mode file for STMicroelectronics.X-CUBE-BLE1.7.0.0
2024-12-25 17:54:34,488 [WARN] PackLoader:240 - Cannot read IP mode file for STMicroelectronics.X-CUBE-NFC10.1.0.0
2024-12-25 17:54:34,562 [WARN] PackLoader:240 - Cannot read IP mode file for STMicroelectronics.X-CUBE-BLEMGR.4.0.0
2024-12-25 17:54:34,612 [WARN] PackLoader:240 - Cannot read IP mode file for emotas.I-CUBE-CANOPEN.1.3.0
2024-12-25 17:54:34,636 [WARN] PackLoader:240 - Cannot read IP mode file for STMicroelectronics.X-CUBE-BLEMGR.3.1.0
2024-12-25 17:54:34,670 [WARN] PackLoader:240 - Cannot read IP mode file for STMicroelectronics.FP-SNS-SMARTAG2.1.2.0
2024-12-25 17:54:34,748 [WARN] PackLoader:240 - Cannot read IP mode file for STMicroelectronics.X-CUBE-MEMS1.11.1.0
2024-12-25 17:54:34,904 [INFO] LogOutputStream:77 - [STDOUT_REDIRECT] 1 : Invalid condition id : UX_CORESTACK_Condition cause : null
2024-12-25 17:54:34,904 [INFO] LogOutputStream:77 - [STDOUT_REDIRECT] 1 : Invalid condition id : UX_CORESTACK_Condition cause : null
2024-12-25 17:54:34,904 [INFO] LogOutputStream:77 - [STDOUT_REDIRECT] 1 : Invalid condition id : UX_CORESTACK_Condition cause : null
2024-12-25 17:54:34,913 [INFO] LogOutputStream:77 - [STDOUT_REDIRECT] 1 : Invalid condition id : UX_CORESTACK_Condition cause : null
2024-12-25 17:54:34,927 [INFO] LogOutputStream:77 - [STDOUT_REDIRECT] 1 : Invalid condition id : UX_CORESTACK_Condition cause : null
2024-12-25 17:54:34,932 [WARN] PackLoader:240 - Cannot read IP mode file for STMicroelectronics.X-CUBE-AZRTOS-WL.2.0.0
2024-12-25 17:54:34,954 [WARN] PackLoader:240 - Cannot read IP mode file for STMicroelectronics.FP-SNS-MOTENV1.5.0.0
2024-12-25 17:54:34,974 [WARN] PackLoader:240 - Cannot read IP mode file for wolfSSL.I-CUBE-wolfMQTT.1.19.0
2024-12-25 17:54:34,995 [WARN] PackLoader:240 - Cannot read IP mode file for WES.I-CUBE-Cesium.1.3.0
2024-12-25 17:54:35,017 [WARN] PackLoader:240 - Cannot read IP mode file for STMicroelectronics.X-CUBE-BLE2.3.3.0
2024-12-25 17:54:35,038 [WARN] PackLoader:240 - Cannot read IP mode file for STMicroelectronics.X-CUBE-NFC9.1.0.0
2024-12-25 17:54:35,058 [WARN] PackLoader:240 - Cannot read IP mode file for STMicroelectronics.X-CUBE-TCPP.4.1.0
2024-12-25 17:54:35,093 [WARN] PackLoader:240 - Cannot read IP mode file for STMicroelectronics.X-CUBE-AZRTOS-G0.1.1.0
2024-12-25 17:54:35,120 [WARN] PackLoader:240 - Cannot read IP mode file for STMicroelectronics.X-CUBE-SAFEA1.1.2.2
2024-12-25 17:54:35,141 [WARN] PackLoader:240 - Cannot read IP mode file for STMicroelectronics.X-CUBE-NFC4.3.0.0
2024-12-25 17:54:35,161 [WARN] PackLoader:240 - Cannot read IP mode file for EmbeddedOffice.I-CUBE-FS-RTOS.1.0.1
2024-12-25 17:54:35,161 [ERROR] ConditionMgr:805 - Attr not supported : Dmpu
2024-12-25 17:54:35,162 [ERROR] ConditionMgr:805 - Attr not supported : Dmpu
2024-12-25 17:54:35,162 [ERROR] ConditionMgr:805 - Attr not supported : Dmpu
2024-12-25 17:54:35,162 [ERROR] ConditionMgr:805 - Attr not supported : Dmpu
2024-12-25 17:54:35,162 [ERROR] ConditionMgr:805 - Attr not supported : Dmpu
2024-12-25 17:54:35,162 [ERROR] ConditionMgr:805 - Attr not supported : Dmpu
2024-12-25 17:54:35,162 [ERROR] ConditionMgr:805 - Attr not supported : Dmpu
2024-12-25 17:54:35,162 [ERROR] ConditionMgr:805 - Attr not supported : Dmpu
2024-12-25 17:54:35,162 [ERROR] ConditionMgr:805 - Attr not supported : Dmpu
2024-12-25 17:54:35,162 [ERROR] ConditionMgr:805 - Attr not supported : Dmpu
2024-12-25 17:54:35,162 [ERROR] ConditionMgr:805 - Attr not supported : Dmpu
2024-12-25 17:54:35,162 [ERROR] ConditionMgr:805 - Attr not supported : Dmpu
2024-12-25 17:54:35,162 [ERROR] ConditionMgr:805 - Attr not supported : Dmpu
2024-12-25 17:54:35,162 [ERROR] ConditionMgr:805 - Attr not supported : Dmpu
2024-12-25 17:54:35,162 [ERROR] ConditionMgr:805 - Attr not supported : Dmpu
2024-12-25 17:54:35,162 [ERROR] ConditionMgr:805 - Attr not supported : Dmpu
2024-12-25 17:54:35,162 [ERROR] ConditionMgr:805 - Attr not supported : Dmpu
2024-12-25 17:54:35,162 [ERROR] ConditionMgr:805 - Attr not supported : Dmpu
2024-12-25 17:54:35,163 [ERROR] ConditionMgr:805 - Attr not supported : Dmpu
2024-12-25 17:54:35,163 [ERROR] ConditionMgr:805 - Attr not supported : Dmpu
2024-12-25 17:54:35,163 [ERROR] ConditionMgr:805 - Attr not supported : Dmpu
2024-12-25 17:54:35,163 [ERROR] ConditionMgr:805 - Attr not supported : Dmpu
2024-12-25 17:54:35,163 [ERROR] ConditionMgr:805 - Attr not supported : Dmpu
2024-12-25 17:54:35,163 [ERROR] ConditionMgr:805 - Attr not supported : Dmpu
2024-12-25 17:54:35,163 [ERROR] ConditionMgr:805 - Attr not supported : Dmpu
2024-12-25 17:54:35,163 [ERROR] ConditionMgr:805 - Attr not supported : Dmpu
2024-12-25 17:54:35,163 [ERROR] ConditionMgr:805 - Attr not supported : Dmpu
2024-12-25 17:54:35,163 [ERROR] ConditionMgr:805 - Attr not supported : Dmpu
2024-12-25 17:54:35,163 [ERROR] ConditionMgr:805 - Attr not supported : Dmpu
2024-12-25 17:54:35,163 [ERROR] ConditionMgr:805 - Attr not supported : Dmpu
2024-12-25 17:54:35,163 [ERROR] ConditionMgr:805 - Attr not supported : Dmpu
2024-12-25 17:54:35,163 [ERROR] ConditionMgr:805 - Attr not supported : Dmpu
2024-12-25 17:54:35,165 [ERROR] ConditionMgr:805 - Attr not supported : Dmpu
2024-12-25 17:54:35,165 [ERROR] ConditionMgr:805 - Attr not supported : Dmpu
2024-12-25 17:54:35,165 [ERROR] ConditionMgr:805 - Attr not supported : Dmpu
2024-12-25 17:54:35,165 [ERROR] ConditionMgr:805 - Attr not supported : Dmpu
2024-12-25 17:54:35,165 [ERROR] ConditionMgr:805 - Attr not supported : Dmpu
2024-12-25 17:54:35,165 [ERROR] ConditionMgr:805 - Attr not supported : Dmpu
2024-12-25 17:54:35,165 [ERROR] ConditionMgr:805 - Attr not supported : Dmpu
2024-12-25 17:54:35,165 [ERROR] ConditionMgr:805 - Attr not supported : Dmpu
2024-12-25 17:54:35,165 [ERROR] ConditionMgr:805 - Attr not supported : Dmpu
2024-12-25 17:54:35,165 [ERROR] ConditionMgr:805 - Attr not supported : Dmpu
2024-12-25 17:54:35,165 [ERROR] ConditionMgr:805 - Attr not supported : Dmpu
2024-12-25 17:54:35,165 [ERROR] ConditionMgr:805 - Attr not supported : Dmpu
2024-12-25 17:54:35,165 [ERROR] ConditionMgr:805 - Attr not supported : Dmpu
2024-12-25 17:54:35,165 [ERROR] ConditionMgr:805 - Attr not supported : Dmpu
2024-12-25 17:54:35,166 [ERROR] ConditionMgr:805 - Attr not supported : Dmpu
2024-12-25 17:54:35,166 [ERROR] ConditionMgr:805 - Attr not supported : Dmpu
2024-12-25 17:54:35,166 [ERROR] ConditionMgr:805 - Attr not supported : Dmpu
2024-12-25 17:54:35,166 [ERROR] ConditionMgr:805 - Attr not supported : Dmpu
2024-12-25 17:54:35,166 [ERROR] ConditionMgr:805 - Attr not supported : Dmpu
2024-12-25 17:54:35,166 [ERROR] ConditionMgr:805 - Attr not supported : Dmpu
2024-12-25 17:54:35,166 [ERROR] ConditionMgr:805 - Attr not supported : Dmpu
2024-12-25 17:54:35,166 [ERROR] ConditionMgr:805 - Attr not supported : Dmpu
2024-12-25 17:54:35,166 [ERROR] ConditionMgr:805 - Attr not supported : Dmpu
2024-12-25 17:54:35,166 [ERROR] ConditionMgr:805 - Attr not supported : Dmpu
2024-12-25 17:54:35,166 [ERROR] ConditionMgr:805 - Attr not supported : Dmpu
2024-12-25 17:54:35,166 [ERROR] ConditionMgr:805 - Attr not supported : Dmpu
2024-12-25 17:54:35,166 [ERROR] ConditionMgr:805 - Attr not supported : Dmpu
2024-12-25 17:54:35,166 [ERROR] ConditionMgr:805 - Attr not supported : Dmpu
2024-12-25 17:54:35,166 [ERROR] ConditionMgr:805 - Attr not supported : Dmpu
2024-12-25 17:54:35,166 [ERROR] ConditionMgr:805 - Attr not supported : Dmpu
2024-12-25 17:54:35,166 [ERROR] ConditionMgr:805 - Attr not supported : Dmpu
2024-12-25 17:54:35,166 [ERROR] ConditionMgr:805 - Attr not supported : Dmpu
2024-12-25 17:54:35,183 [ERROR] Engine:466 - C:\Users\hyn02\.stm32cubemx\thirdparties\pdsc\STMicroelectronics.X-CUBE-TCPP.4.2.0.pdsc: PDSC version is not supported
2024-12-25 17:54:35,205 [WARN] PackLoader:240 - Cannot read IP mode file for RealThread.X-CUBE-RT-Thread_Nano.4.1.1
2024-12-25 17:54:35,224 [WARN] PackLoader:240 - Cannot read IP mode file for STMicroelectronics.FP-ATR-SIGFOX1.3.2.0
2024-12-25 17:54:35,241 [WARN] PackLoader:240 - Cannot read IP mode file for wolfSSL.I-CUBE-wolfSSL.5.7.2
2024-12-25 17:54:35,256 [WARN] ConditionMgr:438 - getConditionDescription Invalid condition id : Cortex-A Device cause : null
2024-12-25 17:54:35,292 [WARN] ConditionMgr:1039 - genDependencies : Invalid condition id : Cortex-A Device cause : null
2024-12-25 17:54:35,292 [WARN] ConditionMgr:1039 - genDependencies : Invalid condition id : Cortex-A Device cause : null
2024-12-25 17:54:35,292 [WARN] ConditionMgr:1039 - genDependencies : Invalid condition id : Cortex-A Device cause : null
2024-12-25 17:54:35,313 [WARN] PackLoader:240 - Cannot read IP mode file for STMicroelectronics.X-CUBE-EEPRMA1.5.1.0
2024-12-25 17:54:35,333 [WARN] PackLoader:240 - Cannot read IP mode file for ITTIA_DB.I-CUBE-ITTIADB.8.9.0
2024-12-25 17:54:35,383 [WARN] PackLoader:240 - Cannot read IP mode file for SEGGER.I-CUBE-embOS.1.3.1
2024-12-25 17:54:35,442 [WARN] PackLoader:240 - Cannot read IP mode file for STMicroelectronics.X-CUBE-ALGOBUILD.1.4.0
2024-12-25 17:54:35,474 [WARN] PackLoader:240 - Cannot read IP mode file for STMicroelectronics.X-CUBE-AI.9.1.0
2024-12-25 17:54:35,522 [WARN] PackLoader:240 - Cannot read IP mode file for STMicroelectronics.X-CUBE-AZRTOS-F4.1.1.0
2024-12-25 17:54:35,546 [WARN] PackLoader:240 - Cannot read IP mode file for STMicroelectronics.X-CUBE-ISPU.2.1.0
2024-12-25 17:54:35,564 [WARN] PackLoader:240 - Cannot read IP mode file for STMicroelectronics.X-CUBE-FREERTOS.1.2.0
2024-12-25 17:54:35,605 [WARN] PackLoader:240 - Cannot read IP mode file for STMicroelectronics.X-CUBE-AZRTOS-L5.2.0.0
2024-12-25 17:54:35,631 [WARN] PackLoader:240 - Cannot read IP mode file for STMicroelectronics.X-CUBE-NFC6.3.1.0
2024-12-25 17:54:35,651 [WARN] PackLoader:240 - Cannot read IP mode file for STMicroelectronics.X-CUBE-DPower.1.2.0
2024-12-25 17:54:35,666 [WARN] PackLoader:240 - Cannot read IP mode file for STMicroelectronics.X-CUBE-AI.9.0.0
2024-12-25 17:54:35,694 [WARN] PackLoader:240 - Cannot read IP mode file for STMicroelectronics.X-CUBE-FREERTOS.1.3.0
2024-12-25 17:54:35,715 [WARN] PackLoader:240 - Cannot read IP mode file for STMicroelectronics.X-CUBE-NFC7.1.0.1
2024-12-25 17:54:35,753 [WARN] ConditionMgr:438 - getConditionDescription Invalid condition id : LAN8742 Phy interface Condition cause : null
2024-12-25 17:54:35,754 [WARN] PackLoader:240 - Cannot read IP mode file for STMicroelectronics.X-CUBE-AZRTOS-L4.2.0.0
2024-12-25 17:54:35,755 [WARN] ConditionMgr:1039 - genDependencies : Invalid condition id : LAN8742 Phy interface Condition cause : null
2024-12-25 17:54:35,755 [WARN] ConditionMgr:1039 - genDependencies : Invalid condition id : LAN8742 Phy interface Condition cause : null
2024-12-25 17:54:35,757 [WARN] ConditionMgr:1039 - genDependencies : Invalid condition id : LAN8742 Phy interface Condition cause : null
2024-12-25 17:54:35,783 [WARN] PackLoader:240 - Cannot read IP mode file for STMicroelectronics.X-CUBE-SFXS2LP1.4.0.0
2024-12-25 17:54:35,824 [WARN] PackLoader:240 - Cannot read IP mode file for STMicroelectronics.X-CUBE-AZRTOS-H7.3.3.0
2024-12-25 17:54:35,852 [WARN] PackLoader:240 - Cannot read IP mode file for STMicroelectronics.X-CUBE-IPS.3.0.0
2024-12-25 17:54:35,888 [WARN] ConditionMgr:438 - getConditionDescription Invalid condition id : UX DEVICE CLASS RTOS Condition cause : null
2024-12-25 17:54:35,888 [WARN] ConditionMgr:438 - getConditionDescription Invalid condition id : UX DEVICE CLASS RTOS Condition cause : null
2024-12-25 17:54:35,891 [WARN] PackLoader:240 - Cannot read IP mode file for STMicroelectronics.X-CUBE-AZRTOS-WB.2.0.0
2024-12-25 17:54:35,891 [WARN] ConditionMgr:1039 - genDependencies : Invalid condition id : UX DEVICE CLASS RTOS Condition cause : null
2024-12-25 17:54:35,891 [WARN] ConditionMgr:1039 - genDependencies : Invalid condition id : UX DEVICE CLASS RTOS Condition cause : null
2024-12-25 17:54:35,892 [WARN] ConditionMgr:1039 - genDependencies : Invalid condition id : UX DEVICE CLASS RTOS Condition cause : null
2024-12-25 17:54:35,893 [WARN] ConditionMgr:1039 - genDependencies : Invalid condition id : UX DEVICE CLASS RTOS Condition cause : null
2024-12-25 17:54:35,893 [WARN] ConditionMgr:1039 - genDependencies : Invalid condition id : UX DEVICE CLASS RTOS Condition cause : null
2024-12-25 17:54:35,912 [WARN] PackLoader:240 - Cannot read IP mode file for STMicroelectronics.X-CUBE-GNSS1.7.0.0
2024-12-25 17:54:35,934 [WARN] PackLoader:240 - Cannot read IP mode file for STMicroelectronics.X-CUBE-GNSS1.7.0.1
2024-12-25 17:54:35,957 [WARN] PackLoader:240 - Cannot read IP mode file for STMicroelectronics.FP-SNS-STBOX1.2.0.0
2024-12-25 17:54:35,982 [WARN] PackLoader:240 - Cannot read IP mode file for STMicroelectronics.X-CUBE-SUBG2.5.0.0
2024-12-25 17:54:36,007 [WARN] PackLoader:240 - Cannot read IP mode file for Cesanta.I-CUBE-Mongoose.7.13.0
2024-12-25 17:54:36,038 [WARN] PackLoader:240 - Cannot read IP mode file for STMicroelectronics.X-CUBE-AZRTOS-G4.2.0.0
2024-12-25 17:54:36,058 [WARN] PackLoader:240 - Cannot read IP mode file for STMicroelectronics.X-CUBE-ISPU.2.0.0
2024-12-25 17:54:36,077 [WARN] PackLoader:240 - Cannot read IP mode file for STMicroelectronics.X-CUBE-ALS.1.0.2
2024-12-25 17:54:36,097 [WARN] PackLoader:240 - Cannot read IP mode file for STMicroelectronics.X-CUBE-TOUCHGFX.4.24.0
2024-12-25 17:54:36,113 [WARN] PackLoader:240 - Cannot read IP mode file for STMicroelectronics.X-CUBE-TOUCHGFX.4.24.1
2024-12-25 17:54:36,130 [WARN] PackLoader:240 - Cannot read IP mode file for wolfSSL.I-CUBE-wolfTPM.3.4.0
2024-12-25 17:54:36,149 [WARN] PackLoader:240 - Cannot read IP mode file for portGmbH.I-Cube-SoM-uGOAL.1.1.0
2024-12-25 17:54:36,182 [WARN] PackLoader:240 - Cannot read IP mode file for STMicroelectronics.X-CUBE-AZRTOS-H7RS.1.0.0
2024-12-25 17:54:36,204 [WARN] PackLoader:240 - Cannot read IP mode file for STMicroelectronics.FP-ATR-ASTRA1.2.0.0
2024-12-25 17:54:36,227 [WARN] PackLoader:240 - Cannot read IP mode file for STMicroelectronics.X-CUBE-TOF1.3.4.2
2024-12-25 17:54:36,286 [WARN] PackLoader:240 - Cannot read IP mode file for Infineon.AIROC-Wi-Fi-Bluetooth-STM32.1.6.1
2024-12-25 17:54:36,309 [WARN] PackLoader:240 - Cannot read IP mode file for wolfSSL.I-CUBE-wolfSSH.1.4.17
2024-12-25 17:54:36,309 [INFO] ThirdParty:978 - Integrity check success = true
2024-12-25 17:54:36,310 [INFO] IntegrityCheckThread:100 - exiting critical section [integrity check]
2024-12-25 17:54:36,310 [INFO] IntegrityCheckThread:103 - End integrity checks thread
2024-12-25 17:54:38,719 [INFO] WebApp:167 - Instantiating new browser for Auth
2024-12-25 17:54:39,580 [INFO] WebApp:448 - Apply proxy settings
2024-12-25 17:54:39,581 [INFO] WebApp:533 - Chromium requires no authentication
2024-12-25 17:54:39,594 [INFO] WebApp:476 - Direct internet connection detected
2024-12-25 17:54:39,622 [INFO] WebApp:869 - Register for checkConnection events
2024-12-25 17:54:39,622 [INFO] WebApp:448 - Apply proxy settings
2024-12-25 17:54:39,622 [INFO] WebApp:533 - Chromium requires no authentication
2024-12-25 17:54:39,623 [INFO] WebApp:476 - Direct internet connection detected
2024-12-25 17:54:39,846 [INFO] WebApp:220 - Starting web application
2024-12-25 17:54:39,846 [INFO] WebApp:578 - Web application path used C:\ST\STM32CubeIDE_1.16.0\STM32CubeIDE\plugins\com.st.stm32cube.common.mx_6.12.0.202406281431\db\plugins\mcufinder\reactClient1\index.html
2024-12-25 17:54:40,081 [INFO] UserAuth:417 - Internet connection configuration mode: 1
2024-12-25 17:54:40,086 [INFO] WebApp:186 - Connection restablished
2024-12-25 21:43:30,174 [ERROR] LogOutputStream:75 - [STDERR_REDIRECT] 
